  [4;36;1mSQL (0.3ms)[0m   [0;1m SELECT name
 FROM sqlite_master
 WHERE type = 'table' AND NOT name = 'sqlite_sequence'
[0m
  [4;35;1mSQL (0.2ms)[0m   [0mselect sqlite_version(*)[0m
  [4;36;1mSQL (84.3ms)[0m   [0;1mCREATE TABLE "schema_migrations" ("version" varchar(255) NOT NULL) [0m
  [4;35;1mSQL (0.1ms)[0m   [0mPRAGMA index_list("schema_migrations")[0m
  [4;36;1mSQL (55.6ms)[0m   [0;1mCREATE UNIQUE INDEX "unique_schema_migrations" ON "schema_migrations" ("version")[0m
  [4;35;1mSQL (0.6ms)[0m   [0m SELECT name
 FROM sqlite_master
 WHERE type = 'table' AND NOT name = 'sqlite_sequence'
[0m
  [4;36;1mSQL (0.3ms)[0m   [0;1mSELECT version FROM schema_migrations[0m
Migrating to CreateUsers (20100401054115)
  [4;35;1mSQL (1.5ms)[0m   [0mCREATE TABLE "users" ("id" INTEGER PRIMARY KEY AUTOINCREMENT NOT NULL, "login" varchar(255), "email" varchar(255), "crypted_password" varchar(255), "password_salt" varchar(255), "persistence_token" varchar(255), "last_login_ip" varchar(255), "current_login_ip" varchar(255), "perishable_token" varchar(255) DEFAULT '' NOT NULL, "login_count" integer DEFAULT 0 NOT NULL, "last_request_at" datetime, "last_login_at" datetime, "current_login_at" datetime, "active" boolean DEFAULT 'f', "city_name" varchar(255), "balance" decimal(10,4) DEFAULT 0 NOT NULL, "created_at" datetime, "updated_at" datetime) [0m
  [4;36;1mSQL (0.7ms)[0m   [0;1mCREATE TABLE "roles" ("id" INTEGER PRIMARY KEY AUTOINCREMENT NOT NULL, "name" varchar(40)) [0m
  [4;35;1mSQL (0.7ms)[0m   [0m SELECT name
 FROM sqlite_master
 WHERE type = 'table' AND NOT name = 'sqlite_sequence'
[0m
  [4;36;1mSQL (0.5ms)[0m   [0;1mCREATE TABLE "roles_users" ("user_id" integer, "role_id" integer) [0m
  [4;35;1mSQL (0.2ms)[0m   [0mPRAGMA index_list("users")[0m
  [4;36;1mSQL (0.5ms)[0m   [0;1mCREATE INDEX "index_users_on_email" ON "users" ("email")[0m
  [4;35;1mSQL (0.4ms)[0m   [0mPRAGMA index_list("users")[0m
  [4;36;1mSQL (0.4ms)[0m   [0;1mPRAGMA index_info('index_users_on_email')[0m
  [4;35;1mSQL (0.5ms)[0m   [0mCREATE INDEX "index_users_on_city_name" ON "users" ("city_name")[0m
  [4;36;1mSQL (0.6ms)[0m   [0;1mPRAGMA index_list("users")[0m
  [4;35;1mSQL (0.4ms)[0m   [0mPRAGMA index_info('index_users_on_city_name')[0m
  [4;36;1mSQL (0.4ms)[0m   [0;1mPRAGMA index_info('index_users_on_email')[0m
  [4;35;1mSQL (0.5ms)[0m   [0mCREATE INDEX "index_users_on_persistence_token" ON "users" ("persistence_token")[0m
  [4;36;1mSQL (0.8ms)[0m   [0;1mPRAGMA index_list("users")[0m
  [4;35;1mSQL (0.4ms)[0m   [0mPRAGMA index_info('index_users_on_persistence_token')[0m
  [4;36;1mSQL (0.7ms)[0m   [0;1mPRAGMA index_info('index_users_on_city_name')[0m
  [4;35;1mSQL (0.4ms)[0m   [0mPRAGMA index_info('index_users_on_email')[0m
  [4;36;1mSQL (1.7ms)[0m   [0;1mCREATE INDEX "index_users_on_last_request_at" ON "users" ("last_request_at")[0m
  [4;35;1mSQL (0.9ms)[0m   [0mPRAGMA index_list("users")[0m
  [4;36;1mSQL (0.4ms)[0m   [0;1mPRAGMA index_info('index_users_on_last_request_at')[0m
  [4;35;1mSQL (0.4ms)[0m   [0mPRAGMA index_info('index_users_on_persistence_token')[0m
  [4;36;1mSQL (0.4ms)[0m   [0;1mPRAGMA index_info('index_users_on_city_name')[0m
  [4;35;1mSQL (0.4ms)[0m   [0mPRAGMA index_info('index_users_on_email')[0m
  [4;36;1mSQL (0.6ms)[0m   [0;1mCREATE INDEX "index_users_on_perishable_token" ON "users" ("perishable_token")[0m
  [4;35;1mSQL (0.6ms)[0m   [0mINSERT INTO schema_migrations (version) VALUES ('20100401054115')[0m
  [4;36;1mSQL (0.9ms)[0m   [0;1m SELECT name
 FROM sqlite_master
 WHERE type = 'table' AND NOT name = 'sqlite_sequence'
[0m
  [4;35;1mSQL (0.4ms)[0m   [0mSELECT version FROM schema_migrations[0m
  [4;36;1mSQL (0.7ms)[0m   [0;1m SELECT name
 FROM sqlite_master
 WHERE type = 'table' AND NOT name = 'sqlite_sequence'
[0m
  [4;35;1mSQL (0.1ms)[0m   [0mPRAGMA index_list("roles")[0m
  [4;36;1mSQL (0.1ms)[0m   [0;1mPRAGMA index_list("roles_users")[0m
  [4;35;1mSQL (1.1ms)[0m   [0mPRAGMA index_list("users")[0m
  [4;36;1mSQL (0.4ms)[0m   [0;1mPRAGMA index_info('index_users_on_perishable_token')[0m
  [4;35;1mSQL (0.4ms)[0m   [0mPRAGMA index_info('index_users_on_last_request_at')[0m
  [4;36;1mSQL (0.4ms)[0m   [0;1mPRAGMA index_info('index_users_on_persistence_token')[0m
  [4;35;1mSQL (0.4ms)[0m   [0mPRAGMA index_info('index_users_on_city_name')[0m
  [4;36;1mSQL (0.4ms)[0m   [0;1mPRAGMA index_info('index_users_on_email')[0m


Processing Admin::UsersController#index (for 127.0.0.1 at 2010-09-23 05:32:27) [GET]
  Parameters: {"action"=>"index", "controller"=>"admin/users"}
  [4;36;1mUser Load (0.8ms)[0m   [0;1mSELECT * FROM "users" WHERE ("users"."id" = '1') ORDER BY id LIMIT 1[0m
Redirected to http://localhost:3000/login.html
Filter chain halted as [:require_user] rendered_or_redirected.
Completed in 17ms (DB: 1) | 302 Found [http://localhost/admin]


Processing UserSessionsController#new (for 127.0.0.1 at 2010-09-23 05:32:27) [GET]
  Parameters: {"action"=>"new", "controller"=>"user_sessions"}
  [4;35;1mUser Load (0.2ms)[0m   [0mSELECT * FROM "users" WHERE ("users"."id" = '1') ORDER BY id LIMIT 1[0m
Rendering template within layouts/application
Rendering user_sessions/new
Rendered shared/_main_panel (1.9ms)

ActionView::TemplateError (Missing template shared/_product_categories.erb in view path app/views:/usr/lib/ruby/gems/1.8/gems/declarative_authorization-0.5.1/app/views) on line #81 of app/views/layouts/application.html.haml:
78:         .box
79:           %h3
80:             ÐšÐ°Ñ‚ÐµÐ³Ð¾Ñ€Ð¸Ð¸ Ñ‚Ð¾Ð²Ð°Ñ€Ð¾Ð²
81:           = render :partial => 'shared/product_categories'
82:           .x
83:         .boxbottom
84:         .box

    haml (3.0.18) rails/./lib/haml/helpers/action_view_mods.rb:11:in `render'
    haml (3.0.18) lib/haml/helpers.rb:90:in `non_haml'
    haml (3.0.18) rails/./lib/haml/helpers/action_view_mods.rb:11:in `render'
    app/views/layouts/application.html.haml:81:in `_run_haml_app47views47layouts47application46html46haml'
    haml (3.0.18) rails/./lib/haml/helpers/action_view_mods.rb:13:in `render'
    haml (3.0.18) rails/./lib/haml/helpers/action_view_mods.rb:13:in `render'
    haml (3.0.18) rails/./lib/sass/plugin/rack.rb:41:in `call'
    /usr/lib/ruby/1.8/webrick/httpserver.rb:104:in `service'
    /usr/lib/ruby/1.8/webrick/httpserver.rb:65:in `run'
    /usr/lib/ruby/1.8/webrick/server.rb:173:in `start_thread'
    /usr/lib/ruby/1.8/webrick/server.rb:162:in `start'
    /usr/lib/ruby/1.8/webrick/server.rb:162:in `start_thread'
    /usr/lib/ruby/1.8/webrick/server.rb:95:in `start'
    /usr/lib/ruby/1.8/webrick/server.rb:92:in `each'
    /usr/lib/ruby/1.8/webrick/server.rb:92:in `start'
    /usr/lib/ruby/1.8/webrick/server.rb:23:in `start'
    /usr/lib/ruby/1.8/webrick/server.rb:82:in `start'

Rendered rescues/_trace (109.4ms)
Rendered rescues/_request_and_response (1.4ms)
Rendering rescues/layout (internal_server_error)


Processing UserSessionsController#new (for 127.0.0.1 at 2010-09-23 05:37:44) [GET]
  Parameters: {"action"=>"new", "controller"=>"user_sessions"}
  [4;36;1mUser Load (0.2ms)[0m   [0;1mSELECT * FROM "users" WHERE ("users"."id" = '1') ORDER BY id LIMIT 1[0m
Rendering template within layouts/application
Rendering user_sessions/new
Rendered shared/_main_panel (0.5ms)

ActionView::TemplateError (uninitialized constant ActionView::Base::CompiledTemplates::City) on line #86 of app/views/layouts/application.html.haml:
83:         .box
84:           %h3
85:             Ð“Ð¾Ñ€Ð¾Ð´Ð°
86:           = render :partial => 'shared/active_cities', :collection => City.active, :as => :city
87:           %ul
88:             %li= link_to "Ð¡Ð¼Ð¾Ñ‚Ñ€ÐµÑ‚ÑŒ Ð²ÑÐµ", cities_path
89:           .x

    app/views/layouts/application.html.haml:86:in `_run_haml_app47views47layouts47application46html46haml'
    haml (3.0.18) rails/./lib/haml/helpers/action_view_mods.rb:13:in `render'
    haml (3.0.18) rails/./lib/haml/helpers/action_view_mods.rb:13:in `render'
    haml (3.0.18) rails/./lib/sass/plugin/rack.rb:41:in `call'
    /usr/lib/ruby/1.8/webrick/httpserver.rb:104:in `service'
    /usr/lib/ruby/1.8/webrick/httpserver.rb:65:in `run'
    /usr/lib/ruby/1.8/webrick/server.rb:173:in `start_thread'
    /usr/lib/ruby/1.8/webrick/server.rb:162:in `start'
    /usr/lib/ruby/1.8/webrick/server.rb:162:in `start_thread'
    /usr/lib/ruby/1.8/webrick/server.rb:95:in `start'
    /usr/lib/ruby/1.8/webrick/server.rb:92:in `each'
    /usr/lib/ruby/1.8/webrick/server.rb:92:in `start'
    /usr/lib/ruby/1.8/webrick/server.rb:23:in `start'
    /usr/lib/ruby/1.8/webrick/server.rb:82:in `start'

Rendered rescues/_trace (36.2ms)
Rendered rescues/_request_and_response (0.3ms)
Rendering rescues/layout (internal_server_error)


Processing UserSessionsController#new (for 127.0.0.1 at 2010-09-23 05:38:33) [GET]
  Parameters: {"action"=>"new", "controller"=>"user_sessions"}
  [4;35;1mUser Load (0.2ms)[0m   [0mSELECT * FROM "users" WHERE ("users"."id" = '1') ORDER BY id LIMIT 1[0m
Rendering template within layouts/application
Rendering user_sessions/new
Rendered shared/_main_panel (0.5ms)

ActionView::TemplateError (undefined local variable or method `cities_path' for #<ActionView::Base:0xb6f40004>) on line #87 of app/views/layouts/application.html.haml:
84:           %h3
85:             Ð“Ð¾Ñ€Ð¾Ð´Ð°
86:           %ul
87:             %li= link_to "Ð¡Ð¼Ð¾Ñ‚Ñ€ÐµÑ‚ÑŒ Ð²ÑÐµ", cities_path
88:           .x
89:         .boxbottom
90:       = yield :news

    app/views/layouts/application.html.haml:87:in `_run_haml_app47views47layouts47application46html46haml'
    haml (3.0.18) rails/./lib/haml/helpers/action_view_mods.rb:13:in `render'
    haml (3.0.18) rails/./lib/haml/helpers/action_view_mods.rb:13:in `render'
    haml (3.0.18) rails/./lib/sass/plugin/rack.rb:41:in `call'
    /usr/lib/ruby/1.8/webrick/httpserver.rb:104:in `service'
    /usr/lib/ruby/1.8/webrick/httpserver.rb:65:in `run'
    /usr/lib/ruby/1.8/webrick/server.rb:173:in `start_thread'
    /usr/lib/ruby/1.8/webrick/server.rb:162:in `start'
    /usr/lib/ruby/1.8/webrick/server.rb:162:in `start_thread'
    /usr/lib/ruby/1.8/webrick/server.rb:95:in `start'
    /usr/lib/ruby/1.8/webrick/server.rb:92:in `each'
    /usr/lib/ruby/1.8/webrick/server.rb:92:in `start'
    /usr/lib/ruby/1.8/webrick/server.rb:23:in `start'
    /usr/lib/ruby/1.8/webrick/server.rb:82:in `start'

Rendered rescues/_trace (35.0ms)
Rendered rescues/_request_and_response (0.3ms)
Rendering rescues/layout (internal_server_error)


Processing UserSessionsController#new (for 127.0.0.1 at 2010-09-23 05:38:51) [GET]
  Parameters: {"action"=>"new", "controller"=>"user_sessions"}
  [4;36;1mUser Load (0.2ms)[0m   [0;1mSELECT * FROM "users" WHERE ("users"."id" = '1') ORDER BY id LIMIT 1[0m
Rendering template within layouts/application
Rendering user_sessions/new
Rendered shared/_main_panel (0.6ms)
Completed in 190ms (View: 24, DB: 0) | 200 OK [http://localhost/login.html]


Processing ApplicationController#index (for 127.0.0.1 at 2010-09-23 05:38:52) [GET]

ActionController::RoutingError (No route matches "/stylesheets/main.css" with {:method=>:get}):
  haml (3.0.18) rails/./lib/sass/plugin/rack.rb:41:in `call'
  /usr/lib/ruby/1.8/webrick/httpserver.rb:104:in `service'
  /usr/lib/ruby/1.8/webrick/httpserver.rb:65:in `run'
  /usr/lib/ruby/1.8/webrick/server.rb:173:in `start_thread'
  /usr/lib/ruby/1.8/webrick/server.rb:162:in `start'
  /usr/lib/ruby/1.8/webrick/server.rb:162:in `start_thread'
  /usr/lib/ruby/1.8/webrick/server.rb:95:in `start'
  /usr/lib/ruby/1.8/webrick/server.rb:92:in `each'
  /usr/lib/ruby/1.8/webrick/server.rb:92:in `start'
  /usr/lib/ruby/1.8/webrick/server.rb:23:in `start'
  /usr/lib/ruby/1.8/webrick/server.rb:82:in `start'

Rendering rescues/layout (not_found)


Processing ApplicationController#index (for 127.0.0.1 at 2010-09-23 05:38:52) [GET]

ActionController::RoutingError (No route matches "/stylesheets/test.css" with {:method=>:get}):
  haml (3.0.18) rails/./lib/sass/plugin/rack.rb:41:in `call'
  /usr/lib/ruby/1.8/webrick/httpserver.rb:104:in `service'
  /usr/lib/ruby/1.8/webrick/httpserver.rb:65:in `run'
  /usr/lib/ruby/1.8/webrick/server.rb:173:in `start_thread'
  /usr/lib/ruby/1.8/webrick/server.rb:162:in `start'
  /usr/lib/ruby/1.8/webrick/server.rb:162:in `start_thread'
  /usr/lib/ruby/1.8/webrick/server.rb:95:in `start'
  /usr/lib/ruby/1.8/webrick/server.rb:92:in `each'
  /usr/lib/ruby/1.8/webrick/server.rb:92:in `start'
  /usr/lib/ruby/1.8/webrick/server.rb:23:in `start'
  /usr/lib/ruby/1.8/webrick/server.rb:82:in `start'

Rendering rescues/layout (not_found)


Processing ApplicationController#index (for 127.0.0.1 at 2010-09-23 05:38:52) [GET]

ActionController::RoutingError (No route matches "/stylesheets/formtastic.css" with {:method=>:get}):
  haml (3.0.18) rails/./lib/sass/plugin/rack.rb:41:in `call'
  /usr/lib/ruby/1.8/webrick/httpserver.rb:104:in `service'
  /usr/lib/ruby/1.8/webrick/httpserver.rb:65:in `run'
  /usr/lib/ruby/1.8/webrick/server.rb:173:in `start_thread'
  /usr/lib/ruby/1.8/webrick/server.rb:162:in `start'
  /usr/lib/ruby/1.8/webrick/server.rb:162:in `start_thread'
  /usr/lib/ruby/1.8/webrick/server.rb:95:in `start'
  /usr/lib/ruby/1.8/webrick/server.rb:92:in `each'
  /usr/lib/ruby/1.8/webrick/server.rb:92:in `start'
  /usr/lib/ruby/1.8/webrick/server.rb:23:in `start'
  /usr/lib/ruby/1.8/webrick/server.rb:82:in `start'

Rendering rescues/layout (not_found)


Processing ApplicationController#index (for 127.0.0.1 at 2010-09-23 05:38:52) [GET]

ActionController::RoutingError (No route matches "/stylesheets/formtastic_changes.css" with {:method=>:get}):
  haml (3.0.18) rails/./lib/sass/plugin/rack.rb:41:in `call'
  /usr/lib/ruby/1.8/webrick/httpserver.rb:104:in `service'
  /usr/lib/ruby/1.8/webrick/httpserver.rb:65:in `run'
  /usr/lib/ruby/1.8/webrick/server.rb:173:in `start_thread'
  /usr/lib/ruby/1.8/webrick/server.rb:162:in `start'
  /usr/lib/ruby/1.8/webrick/server.rb:162:in `start_thread'
  /usr/lib/ruby/1.8/webrick/server.rb:95:in `start'
  /usr/lib/ruby/1.8/webrick/server.rb:92:in `each'
  /usr/lib/ruby/1.8/webrick/server.rb:92:in `start'
  /usr/lib/ruby/1.8/webrick/server.rb:23:in `start'
  /usr/lib/ruby/1.8/webrick/server.rb:82:in `start'

Rendering rescues/layout (not_found)


Processing ApplicationController#index (for 127.0.0.1 at 2010-09-23 05:38:52) [GET]

ActionController::RoutingError (No route matches "/stylesheets/jquery-ui.css" with {:method=>:get}):
  haml (3.0.18) rails/./lib/sass/plugin/rack.rb:41:in `call'
  /usr/lib/ruby/1.8/webrick/httpserver.rb:104:in `service'
  /usr/lib/ruby/1.8/webrick/httpserver.rb:65:in `run'
  /usr/lib/ruby/1.8/webrick/server.rb:173:in `start_thread'
  /usr/lib/ruby/1.8/webrick/server.rb:162:in `start'
  /usr/lib/ruby/1.8/webrick/server.rb:162:in `start_thread'
  /usr/lib/ruby/1.8/webrick/server.rb:95:in `start'
  /usr/lib/ruby/1.8/webrick/server.rb:92:in `each'
  /usr/lib/ruby/1.8/webrick/server.rb:92:in `start'
  /usr/lib/ruby/1.8/webrick/server.rb:23:in `start'
  /usr/lib/ruby/1.8/webrick/server.rb:82:in `start'

Rendering rescues/layout (not_found)


Processing ApplicationController#index (for 127.0.0.1 at 2010-09-23 05:38:52) [GET]

ActionController::RoutingError (No route matches "/javascripts/zoom/eye.js" with {:method=>:get}):
  haml (3.0.18) rails/./lib/sass/plugin/rack.rb:41:in `call'
  /usr/lib/ruby/1.8/webrick/httpserver.rb:104:in `service'
  /usr/lib/ruby/1.8/webrick/httpserver.rb:65:in `run'
  /usr/lib/ruby/1.8/webrick/server.rb:173:in `start_thread'
  /usr/lib/ruby/1.8/webrick/server.rb:162:in `start'
  /usr/lib/ruby/1.8/webrick/server.rb:162:in `start_thread'
  /usr/lib/ruby/1.8/webrick/server.rb:95:in `start'
  /usr/lib/ruby/1.8/webrick/server.rb:92:in `each'
  /usr/lib/ruby/1.8/webrick/server.rb:92:in `start'
  /usr/lib/ruby/1.8/webrick/server.rb:23:in `start'
  /usr/lib/ruby/1.8/webrick/server.rb:82:in `start'

Rendering rescues/layout (not_found)


Processing ApplicationController#index (for 127.0.0.1 at 2010-09-23 05:38:52) [GET]

ActionController::RoutingError (No route matches "/javascripts/zoom/layout.js" with {:method=>:get}):
  haml (3.0.18) rails/./lib/sass/plugin/rack.rb:41:in `call'
  /usr/lib/ruby/1.8/webrick/httpserver.rb:104:in `service'
  /usr/lib/ruby/1.8/webrick/httpserver.rb:65:in `run'
  /usr/lib/ruby/1.8/webrick/server.rb:173:in `start_thread'
  /usr/lib/ruby/1.8/webrick/server.rb:162:in `start'
  /usr/lib/ruby/1.8/webrick/server.rb:162:in `start_thread'
  /usr/lib/ruby/1.8/webrick/server.rb:95:in `start'
  /usr/lib/ruby/1.8/webrick/server.rb:92:in `each'
  /usr/lib/ruby/1.8/webrick/server.rb:92:in `start'
  /usr/lib/ruby/1.8/webrick/server.rb:23:in `start'
  /usr/lib/ruby/1.8/webrick/server.rb:82:in `start'

Rendering rescues/layout (not_found)


Processing ApplicationController#index (for 127.0.0.1 at 2010-09-23 05:38:52) [GET]

ActionController::RoutingError (No route matches "/javascripts/zoom/utils.js" with {:method=>:get}):
  haml (3.0.18) rails/./lib/sass/plugin/rack.rb:41:in `call'
  /usr/lib/ruby/1.8/webrick/httpserver.rb:104:in `service'
  /usr/lib/ruby/1.8/webrick/httpserver.rb:65:in `run'
  /usr/lib/ruby/1.8/webrick/server.rb:173:in `start_thread'
  /usr/lib/ruby/1.8/webrick/server.rb:162:in `start'
  /usr/lib/ruby/1.8/webrick/server.rb:162:in `start_thread'
  /usr/lib/ruby/1.8/webrick/server.rb:95:in `start'
  /usr/lib/ruby/1.8/webrick/server.rb:92:in `each'
  /usr/lib/ruby/1.8/webrick/server.rb:92:in `start'
  /usr/lib/ruby/1.8/webrick/server.rb:23:in `start'
  /usr/lib/ruby/1.8/webrick/server.rb:82:in `start'

Rendering rescues/layout (not_found)


Processing ApplicationController#index (for 127.0.0.1 at 2010-09-23 05:38:52) [GET]

ActionController::RoutingError (No route matches "/javascripts/zoom/zoomimage.js" with {:method=>:get}):
  haml (3.0.18) rails/./lib/sass/plugin/rack.rb:41:in `call'
  /usr/lib/ruby/1.8/webrick/httpserver.rb:104:in `service'
  /usr/lib/ruby/1.8/webrick/httpserver.rb:65:in `run'
  /usr/lib/ruby/1.8/webrick/server.rb:173:in `start_thread'
  /usr/lib/ruby/1.8/webrick/server.rb:162:in `start'
  /usr/lib/ruby/1.8/webrick/server.rb:162:in `start_thread'
  /usr/lib/ruby/1.8/webrick/server.rb:95:in `start'
  /usr/lib/ruby/1.8/webrick/server.rb:92:in `each'
  /usr/lib/ruby/1.8/webrick/server.rb:92:in `start'
  /usr/lib/ruby/1.8/webrick/server.rb:23:in `start'
  /usr/lib/ruby/1.8/webrick/server.rb:82:in `start'

Rendering rescues/layout (not_found)


Processing ApplicationController#index (for 127.0.0.1 at 2010-09-23 05:38:52) [GET]

ActionController::RoutingError (No route matches "/stylesheets/zoom/zoomimage.css" with {:method=>:get}):
  haml (3.0.18) rails/./lib/sass/plugin/rack.rb:41:in `call'
  /usr/lib/ruby/1.8/webrick/httpserver.rb:104:in `service'
  /usr/lib/ruby/1.8/webrick/httpserver.rb:65:in `run'
  /usr/lib/ruby/1.8/webrick/server.rb:173:in `start_thread'
  /usr/lib/ruby/1.8/webrick/server.rb:162:in `start'
  /usr/lib/ruby/1.8/webrick/server.rb:162:in `start_thread'
  /usr/lib/ruby/1.8/webrick/server.rb:95:in `start'
  /usr/lib/ruby/1.8/webrick/server.rb:92:in `each'
  /usr/lib/ruby/1.8/webrick/server.rb:92:in `start'
  /usr/lib/ruby/1.8/webrick/server.rb:23:in `start'
  /usr/lib/ruby/1.8/webrick/server.rb:82:in `start'

Rendering rescues/layout (not_found)


Processing ApplicationController#index (for 127.0.0.1 at 2010-09-23 05:38:52) [GET]

ActionController::RoutingError (No route matches "/javascripts/jquery.js" with {:method=>:get}):
  haml (3.0.18) rails/./lib/sass/plugin/rack.rb:41:in `call'
  /usr/lib/ruby/1.8/webrick/httpserver.rb:104:in `service'
  /usr/lib/ruby/1.8/webrick/httpserver.rb:65:in `run'
  /usr/lib/ruby/1.8/webrick/server.rb:173:in `start_thread'
  /usr/lib/ruby/1.8/webrick/server.rb:162:in `start'
  /usr/lib/ruby/1.8/webrick/server.rb:162:in `start_thread'
  /usr/lib/ruby/1.8/webrick/server.rb:95:in `start'
  /usr/lib/ruby/1.8/webrick/server.rb:92:in `each'
  /usr/lib/ruby/1.8/webrick/server.rb:92:in `start'
  /usr/lib/ruby/1.8/webrick/server.rb:23:in `start'
  /usr/lib/ruby/1.8/webrick/server.rb:82:in `start'

Rendering rescues/layout (not_found)


Processing ApplicationController#index (for 127.0.0.1 at 2010-09-23 05:38:52) [GET]

ActionController::RoutingError (No route matches "/javascripts/jquery-ui.js" with {:method=>:get}):
  haml (3.0.18) rails/./lib/sass/plugin/rack.rb:41:in `call'
  /usr/lib/ruby/1.8/webrick/httpserver.rb:104:in `service'
  /usr/lib/ruby/1.8/webrick/httpserver.rb:65:in `run'
  /usr/lib/ruby/1.8/webrick/server.rb:173:in `start_thread'
  /usr/lib/ruby/1.8/webrick/server.rb:162:in `start'
  /usr/lib/ruby/1.8/webrick/server.rb:162:in `start_thread'
  /usr/lib/ruby/1.8/webrick/server.rb:95:in `start'
  /usr/lib/ruby/1.8/webrick/server.rb:92:in `each'
  /usr/lib/ruby/1.8/webrick/server.rb:92:in `start'
  /usr/lib/ruby/1.8/webrick/server.rb:23:in `start'
  /usr/lib/ruby/1.8/webrick/server.rb:82:in `start'

Rendering rescues/layout (not_found)


Processing ApplicationController#index (for 127.0.0.1 at 2010-09-23 05:38:52) [GET]

ActionController::RoutingError (No route matches "/javascripts/jquery.ui.datepicker-ru" with {:method=>:get}):
  haml (3.0.18) rails/./lib/sass/plugin/rack.rb:41:in `call'
  /usr/lib/ruby/1.8/webrick/httpserver.rb:104:in `service'
  /usr/lib/ruby/1.8/webrick/httpserver.rb:65:in `run'
  /usr/lib/ruby/1.8/webrick/server.rb:173:in `start_thread'
  /usr/lib/ruby/1.8/webrick/server.rb:162:in `start'
  /usr/lib/ruby/1.8/webrick/server.rb:162:in `start_thread'
  /usr/lib/ruby/1.8/webrick/server.rb:95:in `start'
  /usr/lib/ruby/1.8/webrick/server.rb:92:in `each'
  /usr/lib/ruby/1.8/webrick/server.rb:92:in `start'
  /usr/lib/ruby/1.8/webrick/server.rb:23:in `start'
  /usr/lib/ruby/1.8/webrick/server.rb:82:in `start'

Rendering rescues/layout (not_found)


Processing ApplicationController#index (for 127.0.0.1 at 2010-09-23 05:38:52) [GET]

ActionController::RoutingError (No route matches "/images/ajax-loader.gif" with {:method=>:get}):
  haml (3.0.18) rails/./lib/sass/plugin/rack.rb:41:in `call'
  /usr/lib/ruby/1.8/webrick/httpserver.rb:104:in `service'
  /usr/lib/ruby/1.8/webrick/httpserver.rb:65:in `run'
  /usr/lib/ruby/1.8/webrick/server.rb:173:in `start_thread'
  /usr/lib/ruby/1.8/webrick/server.rb:162:in `start'
  /usr/lib/ruby/1.8/webrick/server.rb:162:in `start_thread'
  /usr/lib/ruby/1.8/webrick/server.rb:95:in `start'
  /usr/lib/ruby/1.8/webrick/server.rb:92:in `each'
  /usr/lib/ruby/1.8/webrick/server.rb:92:in `start'
  /usr/lib/ruby/1.8/webrick/server.rb:23:in `start'
  /usr/lib/ruby/1.8/webrick/server.rb:82:in `start'

Rendering rescues/layout (not_found)


Processing UserSessionsController#new (for 127.0.0.1 at 2010-09-23 05:40:19) [GET]
  Parameters: {"action"=>"new", "controller"=>"user_sessions"}

Errno::ENOENT (No such file or directory - /home/viktor/projects_rails/resume/config/locales/en.yml):
  /usr/lib/ruby/gems/1.8/gems/i18n-0.4.1/lib/i18n/backend/base.rb:227:in `read'
  /usr/lib/ruby/gems/1.8/gems/i18n-0.4.1/lib/i18n/backend/base.rb:227:in `load_yml'
  /usr/lib/ruby/gems/1.8/gems/i18n-0.4.1/lib/i18n/backend/base.rb:214:in `send'
  /usr/lib/ruby/gems/1.8/gems/i18n-0.4.1/lib/i18n/backend/base.rb:214:in `load_file'
  /usr/lib/ruby/gems/1.8/gems/i18n-0.4.1/lib/i18n/backend/base.rb:21:in `load_translations'
  /usr/lib/ruby/gems/1.8/gems/i18n-0.4.1/lib/i18n/backend/base.rb:21:in `each'
  /usr/lib/ruby/gems/1.8/gems/i18n-0.4.1/lib/i18n/backend/base.rb:21:in `load_translations'
  /usr/lib/ruby/gems/1.8/gems/i18n-0.4.1/lib/i18n/backend/simple.rb:57:in `init_translations'
  /usr/lib/ruby/gems/1.8/gems/i18n-0.4.1/lib/i18n/backend/simple.rb:71:in `lookup'
  /usr/lib/ruby/gems/1.8/gems/i18n-0.4.1/lib/i18n/backend/base.rb:34:in `translate'
  /usr/lib/ruby/gems/1.8/gems/i18n-0.4.1/lib/i18n.rb:152:in `translate'
  authlogic (2.1.6) lib/authlogic/i18n/translator.rb:8:in `translate'
  authlogic (2.1.6) lib/authlogic/i18n.rb:78:in `t'
  authlogic (2.1.6) lib/authlogic/acts_as_authentic/email.rb:68:in `validates_format_of_email_field_options'
  authlogic (2.1.6) lib/authlogic/acts_as_authentic/email.rb:102:in `included'
  authlogic (2.1.6) lib/authlogic/acts_as_authentic/email.rb:99:in `class_eval'
  authlogic (2.1.6) lib/authlogic/acts_as_authentic/email.rb:99:in `included'
  authlogic (2.1.6) lib/authlogic/acts_as_authentic/base.rb:34:in `include'
  authlogic (2.1.6) lib/authlogic/acts_as_authentic/base.rb:34:in `acts_as_authentic'
  authlogic (2.1.6) lib/authlogic/acts_as_authentic/base.rb:34:in `each'
  authlogic (2.1.6) lib/authlogic/acts_as_authentic/base.rb:34:in `acts_as_authentic'
  app/models/user.rb:7
  authlogic (2.1.6) lib/authlogic/session/klass.rb:33:in `klass'
  authlogic (2.1.6) lib/authlogic/session/password.rb:90:in `login_field'
  authlogic (2.1.6) lib/authlogic/session/password.rb:213:in `login_field'
  authlogic (2.1.6) lib/authlogic/session/password.rb:118:in `initialize'
  authlogic (2.1.6) lib/authlogic/session/activation.rb:48:in `initialize'
  authlogic (2.1.6) lib/authlogic/session/klass.rb:64:in `initialize'
  authlogic (2.1.6) lib/authlogic/session/scopes.rb:79:in `initialize'
  authlogic (2.1.6) lib/authlogic/session/persistence.rb:37:in `new'
  authlogic (2.1.6) lib/authlogic/session/persistence.rb:37:in `find'
  app/controllers/application_controller.rb:45:in `current_user_session'
  app/controllers/application_controller.rb:50:in `current_user'
  app/controllers/application_controller.rb:40:in `set_current_user'
  haml (3.0.18) rails/./lib/sass/plugin/rack.rb:41:in `call'
  /usr/lib/ruby/1.8/webrick/httpserver.rb:104:in `service'
  /usr/lib/ruby/1.8/webrick/httpserver.rb:65:in `run'
  /usr/lib/ruby/1.8/webrick/server.rb:173:in `start_thread'
  /usr/lib/ruby/1.8/webrick/server.rb:162:in `start'
  /usr/lib/ruby/1.8/webrick/server.rb:162:in `start_thread'
  /usr/lib/ruby/1.8/webrick/server.rb:95:in `start'
  /usr/lib/ruby/1.8/webrick/server.rb:92:in `each'
  /usr/lib/ruby/1.8/webrick/server.rb:92:in `start'
  /usr/lib/ruby/1.8/webrick/server.rb:23:in `start'
  /usr/lib/ruby/1.8/webrick/server.rb:82:in `start'

Rendered rescues/_trace (104.7ms)
Rendered rescues/_request_and_response (0.3ms)
Rendering rescues/layout (internal_server_error)


Processing UserSessionsController#new (for 127.0.0.1 at 2010-09-23 05:40:42) [GET]
  Parameters: {"action"=>"new", "controller"=>"user_sessions"}

NoMethodError (undefined method `each' for false:FalseClass):
  /usr/lib/ruby/gems/1.8/gems/i18n-0.4.1/lib/i18n/backend/base.rb:215:in `load_file'
  /usr/lib/ruby/gems/1.8/gems/i18n-0.4.1/lib/i18n/backend/base.rb:21:in `load_translations'
  /usr/lib/ruby/gems/1.8/gems/i18n-0.4.1/lib/i18n/backend/base.rb:21:in `each'
  /usr/lib/ruby/gems/1.8/gems/i18n-0.4.1/lib/i18n/backend/base.rb:21:in `load_translations'
  /usr/lib/ruby/gems/1.8/gems/i18n-0.4.1/lib/i18n/backend/simple.rb:57:in `init_translations'
  /usr/lib/ruby/gems/1.8/gems/i18n-0.4.1/lib/i18n/backend/simple.rb:71:in `lookup'
  /usr/lib/ruby/gems/1.8/gems/i18n-0.4.1/lib/i18n/backend/base.rb:34:in `translate'
  /usr/lib/ruby/gems/1.8/gems/i18n-0.4.1/lib/i18n.rb:152:in `translate'
  authlogic (2.1.6) lib/authlogic/i18n/translator.rb:8:in `translate'
  authlogic (2.1.6) lib/authlogic/i18n.rb:78:in `t'
  authlogic (2.1.6) lib/authlogic/acts_as_authentic/email.rb:68:in `validates_format_of_email_field_options'
  authlogic (2.1.6) lib/authlogic/acts_as_authentic/email.rb:102:in `included'
  authlogic (2.1.6) lib/authlogic/acts_as_authentic/email.rb:99:in `class_eval'
  authlogic (2.1.6) lib/authlogic/acts_as_authentic/email.rb:99:in `included'
  authlogic (2.1.6) lib/authlogic/acts_as_authentic/base.rb:34:in `include'
  authlogic (2.1.6) lib/authlogic/acts_as_authentic/base.rb:34:in `acts_as_authentic'
  authlogic (2.1.6) lib/authlogic/acts_as_authentic/base.rb:34:in `each'
  authlogic (2.1.6) lib/authlogic/acts_as_authentic/base.rb:34:in `acts_as_authentic'
  app/models/user.rb:7
  authlogic (2.1.6) lib/authlogic/session/klass.rb:33:in `klass'
  authlogic (2.1.6) lib/authlogic/session/password.rb:90:in `login_field'
  authlogic (2.1.6) lib/authlogic/session/password.rb:213:in `login_field'
  authlogic (2.1.6) lib/authlogic/session/password.rb:118:in `initialize'
  authlogic (2.1.6) lib/authlogic/session/activation.rb:48:in `initialize'
  authlogic (2.1.6) lib/authlogic/session/klass.rb:64:in `initialize'
  authlogic (2.1.6) lib/authlogic/session/scopes.rb:79:in `initialize'
  authlogic (2.1.6) lib/authlogic/session/persistence.rb:37:in `new'
  authlogic (2.1.6) lib/authlogic/session/persistence.rb:37:in `find'
  app/controllers/application_controller.rb:45:in `current_user_session'
  app/controllers/application_controller.rb:50:in `current_user'
  app/controllers/application_controller.rb:40:in `set_current_user'
  haml (3.0.18) rails/./lib/sass/plugin/rack.rb:41:in `call'
  /usr/lib/ruby/1.8/webrick/httpserver.rb:104:in `service'
  /usr/lib/ruby/1.8/webrick/httpserver.rb:65:in `run'
  /usr/lib/ruby/1.8/webrick/server.rb:173:in `start_thread'
  /usr/lib/ruby/1.8/webrick/server.rb:162:in `start'
  /usr/lib/ruby/1.8/webrick/server.rb:162:in `start_thread'
  /usr/lib/ruby/1.8/webrick/server.rb:95:in `start'
  /usr/lib/ruby/1.8/webrick/server.rb:92:in `each'
  /usr/lib/ruby/1.8/webrick/server.rb:92:in `start'
  /usr/lib/ruby/1.8/webrick/server.rb:23:in `start'
  /usr/lib/ruby/1.8/webrick/server.rb:82:in `start'

Rendered rescues/_trace (70.1ms)
Rendered rescues/_request_and_response (0.3ms)
Rendering rescues/layout (internal_server_error)


Processing UserSessionsController#new (for 127.0.0.1 at 2010-09-23 05:41:33) [GET]
  Parameters: {"action"=>"new", "controller"=>"user_sessions"}

NoMethodError (undefined method `deep_symbolize_keys' for nil:NilClass):
  /usr/lib/ruby/gems/1.8/gems/i18n-0.4.1/lib/i18n/backend/simple.rb:34:in `store_translations'
  /usr/lib/ruby/gems/1.8/gems/i18n-0.4.1/lib/i18n/backend/base.rb:215:in `load_file'
  /usr/lib/ruby/gems/1.8/gems/i18n-0.4.1/lib/i18n/backend/base.rb:215:in `each'
  /usr/lib/ruby/gems/1.8/gems/i18n-0.4.1/lib/i18n/backend/base.rb:215:in `load_file'
  /usr/lib/ruby/gems/1.8/gems/i18n-0.4.1/lib/i18n/backend/base.rb:21:in `load_translations'
  /usr/lib/ruby/gems/1.8/gems/i18n-0.4.1/lib/i18n/backend/base.rb:21:in `each'
  /usr/lib/ruby/gems/1.8/gems/i18n-0.4.1/lib/i18n/backend/base.rb:21:in `load_translations'
  /usr/lib/ruby/gems/1.8/gems/i18n-0.4.1/lib/i18n/backend/simple.rb:57:in `init_translations'
  /usr/lib/ruby/gems/1.8/gems/i18n-0.4.1/lib/i18n/backend/simple.rb:71:in `lookup'
  /usr/lib/ruby/gems/1.8/gems/i18n-0.4.1/lib/i18n/backend/base.rb:34:in `translate'
  /usr/lib/ruby/gems/1.8/gems/i18n-0.4.1/lib/i18n.rb:152:in `translate'
  authlogic (2.1.6) lib/authlogic/i18n/translator.rb:8:in `translate'
  authlogic (2.1.6) lib/authlogic/i18n.rb:78:in `t'
  authlogic (2.1.6) lib/authlogic/acts_as_authentic/email.rb:68:in `validates_format_of_email_field_options'
  authlogic (2.1.6) lib/authlogic/acts_as_authentic/email.rb:102:in `included'
  authlogic (2.1.6) lib/authlogic/acts_as_authentic/email.rb:99:in `class_eval'
  authlogic (2.1.6) lib/authlogic/acts_as_authentic/email.rb:99:in `included'
  authlogic (2.1.6) lib/authlogic/acts_as_authentic/base.rb:34:in `include'
  authlogic (2.1.6) lib/authlogic/acts_as_authentic/base.rb:34:in `acts_as_authentic'
  authlogic (2.1.6) lib/authlogic/acts_as_authentic/base.rb:34:in `each'
  authlogic (2.1.6) lib/authlogic/acts_as_authentic/base.rb:34:in `acts_as_authentic'
  app/models/user.rb:7
  authlogic (2.1.6) lib/authlogic/session/klass.rb:33:in `klass'
  authlogic (2.1.6) lib/authlogic/session/password.rb:90:in `login_field'
  authlogic (2.1.6) lib/authlogic/session/password.rb:213:in `login_field'
  authlogic (2.1.6) lib/authlogic/session/password.rb:118:in `initialize'
  authlogic (2.1.6) lib/authlogic/session/activation.rb:48:in `initialize'
  authlogic (2.1.6) lib/authlogic/session/klass.rb:64:in `initialize'
  authlogic (2.1.6) lib/authlogic/session/scopes.rb:79:in `initialize'
  authlogic (2.1.6) lib/authlogic/session/persistence.rb:37:in `new'
  authlogic (2.1.6) lib/authlogic/session/persistence.rb:37:in `find'
  app/controllers/application_controller.rb:45:in `current_user_session'
  app/controllers/application_controller.rb:50:in `current_user'
  app/controllers/application_controller.rb:40:in `set_current_user'
  haml (3.0.18) rails/./lib/sass/plugin/rack.rb:41:in `call'
  /usr/lib/ruby/1.8/webrick/httpserver.rb:104:in `service'
  /usr/lib/ruby/1.8/webrick/httpserver.rb:65:in `run'
  /usr/lib/ruby/1.8/webrick/server.rb:173:in `start_thread'
  /usr/lib/ruby/1.8/webrick/server.rb:162:in `start'
  /usr/lib/ruby/1.8/webrick/server.rb:162:in `start_thread'
  /usr/lib/ruby/1.8/webrick/server.rb:95:in `start'
  /usr/lib/ruby/1.8/webrick/server.rb:92:in `each'
  /usr/lib/ruby/1.8/webrick/server.rb:92:in `start'
  /usr/lib/ruby/1.8/webrick/server.rb:23:in `start'
  /usr/lib/ruby/1.8/webrick/server.rb:82:in `start'

Rendered rescues/_trace (127.2ms)
Rendered rescues/_request_and_response (0.3ms)
Rendering rescues/layout (internal_server_error)


Processing UserSessionsController#new (for 127.0.0.1 at 2010-09-23 05:42:01) [GET]
  Parameters: {"action"=>"new", "controller"=>"user_sessions"}

ArgumentError (syntax error on line 1, col 6: `	test: test'):
  /usr/lib/ruby/1.8/yaml.rb:133:in `load'
  /usr/lib/ruby/1.8/yaml.rb:133:in `load'
  /usr/lib/ruby/gems/1.8/gems/i18n-0.4.1/lib/i18n/backend/base.rb:227:in `load_yml'
  /usr/lib/ruby/gems/1.8/gems/i18n-0.4.1/lib/i18n/backend/base.rb:214:in `send'
  /usr/lib/ruby/gems/1.8/gems/i18n-0.4.1/lib/i18n/backend/base.rb:214:in `load_file'
  /usr/lib/ruby/gems/1.8/gems/i18n-0.4.1/lib/i18n/backend/base.rb:21:in `load_translations'
  /usr/lib/ruby/gems/1.8/gems/i18n-0.4.1/lib/i18n/backend/base.rb:21:in `each'
  /usr/lib/ruby/gems/1.8/gems/i18n-0.4.1/lib/i18n/backend/base.rb:21:in `load_translations'
  /usr/lib/ruby/gems/1.8/gems/i18n-0.4.1/lib/i18n/backend/simple.rb:57:in `init_translations'
  /usr/lib/ruby/gems/1.8/gems/i18n-0.4.1/lib/i18n/backend/simple.rb:71:in `lookup'
  /usr/lib/ruby/gems/1.8/gems/i18n-0.4.1/lib/i18n/backend/base.rb:34:in `translate'
  /usr/lib/ruby/gems/1.8/gems/i18n-0.4.1/lib/i18n.rb:152:in `translate'
  authlogic (2.1.6) lib/authlogic/i18n/translator.rb:8:in `translate'
  authlogic (2.1.6) lib/authlogic/i18n.rb:78:in `t'
  authlogic (2.1.6) lib/authlogic/acts_as_authentic/email.rb:68:in `validates_format_of_email_field_options'
  authlogic (2.1.6) lib/authlogic/acts_as_authentic/email.rb:102:in `included'
  authlogic (2.1.6) lib/authlogic/acts_as_authentic/email.rb:99:in `class_eval'
  authlogic (2.1.6) lib/authlogic/acts_as_authentic/email.rb:99:in `included'
  authlogic (2.1.6) lib/authlogic/acts_as_authentic/base.rb:34:in `include'
  authlogic (2.1.6) lib/authlogic/acts_as_authentic/base.rb:34:in `acts_as_authentic'
  authlogic (2.1.6) lib/authlogic/acts_as_authentic/base.rb:34:in `each'
  authlogic (2.1.6) lib/authlogic/acts_as_authentic/base.rb:34:in `acts_as_authentic'
  app/models/user.rb:7
  authlogic (2.1.6) lib/authlogic/session/klass.rb:33:in `klass'
  authlogic (2.1.6) lib/authlogic/session/password.rb:90:in `login_field'
  authlogic (2.1.6) lib/authlogic/session/password.rb:213:in `login_field'
  authlogic (2.1.6) lib/authlogic/session/password.rb:118:in `initialize'
  authlogic (2.1.6) lib/authlogic/session/activation.rb:48:in `initialize'
  authlogic (2.1.6) lib/authlogic/session/klass.rb:64:in `initialize'
  authlogic (2.1.6) lib/authlogic/session/scopes.rb:79:in `initialize'
  authlogic (2.1.6) lib/authlogic/session/persistence.rb:37:in `new'
  authlogic (2.1.6) lib/authlogic/session/persistence.rb:37:in `find'
  app/controllers/application_controller.rb:45:in `current_user_session'
  app/controllers/application_controller.rb:50:in `current_user'
  app/controllers/application_controller.rb:40:in `set_current_user'
  haml (3.0.18) rails/./lib/sass/plugin/rack.rb:41:in `call'
  /usr/lib/ruby/1.8/webrick/httpserver.rb:104:in `service'
  /usr/lib/ruby/1.8/webrick/httpserver.rb:65:in `run'
  /usr/lib/ruby/1.8/webrick/server.rb:173:in `start_thread'
  /usr/lib/ruby/1.8/webrick/server.rb:162:in `start'
  /usr/lib/ruby/1.8/webrick/server.rb:162:in `start_thread'
  /usr/lib/ruby/1.8/webrick/server.rb:95:in `start'
  /usr/lib/ruby/1.8/webrick/server.rb:92:in `each'
  /usr/lib/ruby/1.8/webrick/server.rb:92:in `start'
  /usr/lib/ruby/1.8/webrick/server.rb:23:in `start'
  /usr/lib/ruby/1.8/webrick/server.rb:82:in `start'

Rendered rescues/_trace (104.4ms)
Rendered rescues/_request_and_response (0.3ms)
Rendering rescues/layout (internal_server_error)


Processing UserSessionsController#new (for 127.0.0.1 at 2010-09-23 05:42:11) [GET]
  Parameters: {"action"=>"new", "controller"=>"user_sessions"}

ArgumentError (syntax error on line 1, col 6: `	test: test'):
  /usr/lib/ruby/1.8/yaml.rb:133:in `load'
  /usr/lib/ruby/1.8/yaml.rb:133:in `load'
  /usr/lib/ruby/gems/1.8/gems/i18n-0.4.1/lib/i18n/backend/base.rb:227:in `load_yml'
  /usr/lib/ruby/gems/1.8/gems/i18n-0.4.1/lib/i18n/backend/base.rb:214:in `send'
  /usr/lib/ruby/gems/1.8/gems/i18n-0.4.1/lib/i18n/backend/base.rb:214:in `load_file'
  /usr/lib/ruby/gems/1.8/gems/i18n-0.4.1/lib/i18n/backend/base.rb:21:in `load_translations'
  /usr/lib/ruby/gems/1.8/gems/i18n-0.4.1/lib/i18n/backend/base.rb:21:in `each'
  /usr/lib/ruby/gems/1.8/gems/i18n-0.4.1/lib/i18n/backend/base.rb:21:in `load_translations'
  /usr/lib/ruby/gems/1.8/gems/i18n-0.4.1/lib/i18n/backend/simple.rb:57:in `init_translations'
  /usr/lib/ruby/gems/1.8/gems/i18n-0.4.1/lib/i18n/backend/simple.rb:71:in `lookup'
  /usr/lib/ruby/gems/1.8/gems/i18n-0.4.1/lib/i18n/backend/base.rb:34:in `translate'
  /usr/lib/ruby/gems/1.8/gems/i18n-0.4.1/lib/i18n.rb:152:in `translate'
  authlogic (2.1.6) lib/authlogic/i18n/translator.rb:8:in `translate'
  authlogic (2.1.6) lib/authlogic/i18n.rb:78:in `t'
  authlogic (2.1.6) lib/authlogic/acts_as_authentic/email.rb:68:in `validates_format_of_email_field_options'
  authlogic (2.1.6) lib/authlogic/acts_as_authentic/email.rb:102:in `included'
  authlogic (2.1.6) lib/authlogic/acts_as_authentic/email.rb:99:in `class_eval'
  authlogic (2.1.6) lib/authlogic/acts_as_authentic/email.rb:99:in `included'
  authlogic (2.1.6) lib/authlogic/acts_as_authentic/base.rb:34:in `include'
  authlogic (2.1.6) lib/authlogic/acts_as_authentic/base.rb:34:in `acts_as_authentic'
  authlogic (2.1.6) lib/authlogic/acts_as_authentic/base.rb:34:in `each'
  authlogic (2.1.6) lib/authlogic/acts_as_authentic/base.rb:34:in `acts_as_authentic'
  app/models/user.rb:7
  authlogic (2.1.6) lib/authlogic/session/klass.rb:33:in `klass'
  authlogic (2.1.6) lib/authlogic/session/password.rb:90:in `login_field'
  authlogic (2.1.6) lib/authlogic/session/password.rb:213:in `login_field'
  authlogic (2.1.6) lib/authlogic/session/password.rb:118:in `initialize'
  authlogic (2.1.6) lib/authlogic/session/activation.rb:48:in `initialize'
  authlogic (2.1.6) lib/authlogic/session/klass.rb:64:in `initialize'
  authlogic (2.1.6) lib/authlogic/session/scopes.rb:79:in `initialize'
  authlogic (2.1.6) lib/authlogic/session/persistence.rb:37:in `new'
  authlogic (2.1.6) lib/authlogic/session/persistence.rb:37:in `find'
  app/controllers/application_controller.rb:45:in `current_user_session'
  app/controllers/application_controller.rb:50:in `current_user'
  app/controllers/application_controller.rb:40:in `set_current_user'
  haml (3.0.18) rails/./lib/sass/plugin/rack.rb:41:in `call'
  /usr/lib/ruby/1.8/webrick/httpserver.rb:104:in `service'
  /usr/lib/ruby/1.8/webrick/httpserver.rb:65:in `run'
  /usr/lib/ruby/1.8/webrick/server.rb:173:in `start_thread'
  /usr/lib/ruby/1.8/webrick/server.rb:162:in `start'
  /usr/lib/ruby/1.8/webrick/server.rb:162:in `start_thread'
  /usr/lib/ruby/1.8/webrick/server.rb:95:in `start'
  /usr/lib/ruby/1.8/webrick/server.rb:92:in `each'
  /usr/lib/ruby/1.8/webrick/server.rb:92:in `start'
  /usr/lib/ruby/1.8/webrick/server.rb:23:in `start'
  /usr/lib/ruby/1.8/webrick/server.rb:82:in `start'

Rendered rescues/_trace (54.2ms)
Rendered rescues/_request_and_response (0.3ms)
Rendering rescues/layout (internal_server_error)


Processing UserSessionsController#new (for 127.0.0.1 at 2010-09-23 05:42:12) [GET]
  Parameters: {"action"=>"new", "controller"=>"user_sessions"}

ArgumentError (syntax error on line 1, col 6: `	test: test'):
  /usr/lib/ruby/1.8/yaml.rb:133:in `load'
  /usr/lib/ruby/1.8/yaml.rb:133:in `load'
  /usr/lib/ruby/gems/1.8/gems/i18n-0.4.1/lib/i18n/backend/base.rb:227:in `load_yml'
  /usr/lib/ruby/gems/1.8/gems/i18n-0.4.1/lib/i18n/backend/base.rb:214:in `send'
  /usr/lib/ruby/gems/1.8/gems/i18n-0.4.1/lib/i18n/backend/base.rb:214:in `load_file'
  /usr/lib/ruby/gems/1.8/gems/i18n-0.4.1/lib/i18n/backend/base.rb:21:in `load_translations'
  /usr/lib/ruby/gems/1.8/gems/i18n-0.4.1/lib/i18n/backend/base.rb:21:in `each'
  /usr/lib/ruby/gems/1.8/gems/i18n-0.4.1/lib/i18n/backend/base.rb:21:in `load_translations'
  /usr/lib/ruby/gems/1.8/gems/i18n-0.4.1/lib/i18n/backend/simple.rb:57:in `init_translations'
  /usr/lib/ruby/gems/1.8/gems/i18n-0.4.1/lib/i18n/backend/simple.rb:71:in `lookup'
  /usr/lib/ruby/gems/1.8/gems/i18n-0.4.1/lib/i18n/backend/base.rb:34:in `translate'
  /usr/lib/ruby/gems/1.8/gems/i18n-0.4.1/lib/i18n.rb:152:in `translate'
  authlogic (2.1.6) lib/authlogic/i18n/translator.rb:8:in `translate'
  authlogic (2.1.6) lib/authlogic/i18n.rb:78:in `t'
  authlogic (2.1.6) lib/authlogic/acts_as_authentic/email.rb:68:in `validates_format_of_email_field_options'
  authlogic (2.1.6) lib/authlogic/acts_as_authentic/email.rb:102:in `included'
  authlogic (2.1.6) lib/authlogic/acts_as_authentic/email.rb:99:in `class_eval'
  authlogic (2.1.6) lib/authlogic/acts_as_authentic/email.rb:99:in `included'
  authlogic (2.1.6) lib/authlogic/acts_as_authentic/base.rb:34:in `include'
  authlogic (2.1.6) lib/authlogic/acts_as_authentic/base.rb:34:in `acts_as_authentic'
  authlogic (2.1.6) lib/authlogic/acts_as_authentic/base.rb:34:in `each'
  authlogic (2.1.6) lib/authlogic/acts_as_authentic/base.rb:34:in `acts_as_authentic'
  app/models/user.rb:7
  authlogic (2.1.6) lib/authlogic/session/klass.rb:33:in `klass'
  authlogic (2.1.6) lib/authlogic/session/password.rb:90:in `login_field'
  authlogic (2.1.6) lib/authlogic/session/password.rb:213:in `login_field'
  authlogic (2.1.6) lib/authlogic/session/password.rb:118:in `initialize'
  authlogic (2.1.6) lib/authlogic/session/activation.rb:48:in `initialize'
  authlogic (2.1.6) lib/authlogic/session/klass.rb:64:in `initialize'
  authlogic (2.1.6) lib/authlogic/session/scopes.rb:79:in `initialize'
  authlogic (2.1.6) lib/authlogic/session/persistence.rb:37:in `new'
  authlogic (2.1.6) lib/authlogic/session/persistence.rb:37:in `find'
  app/controllers/application_controller.rb:45:in `current_user_session'
  app/controllers/application_controller.rb:50:in `current_user'
  app/controllers/application_controller.rb:40:in `set_current_user'
  haml (3.0.18) rails/./lib/sass/plugin/rack.rb:41:in `call'
  /usr/lib/ruby/1.8/webrick/httpserver.rb:104:in `service'
  /usr/lib/ruby/1.8/webrick/httpserver.rb:65:in `run'
  /usr/lib/ruby/1.8/webrick/server.rb:173:in `start_thread'
  /usr/lib/ruby/1.8/webrick/server.rb:162:in `start'
  /usr/lib/ruby/1.8/webrick/server.rb:162:in `start_thread'
  /usr/lib/ruby/1.8/webrick/server.rb:95:in `start'
  /usr/lib/ruby/1.8/webrick/server.rb:92:in `each'
  /usr/lib/ruby/1.8/webrick/server.rb:92:in `start'
  /usr/lib/ruby/1.8/webrick/server.rb:23:in `start'
  /usr/lib/ruby/1.8/webrick/server.rb:82:in `start'

Rendered rescues/_trace (142.0ms)
Rendered rescues/_request_and_response (0.3ms)
Rendering rescues/layout (internal_server_error)


Processing UserSessionsController#new (for 127.0.0.1 at 2010-09-23 05:42:29) [GET]
  Parameters: {"action"=>"new", "controller"=>"user_sessions"}

ArgumentError (syntax error on line 1, col 6: `	test: test'):
  /usr/lib/ruby/1.8/yaml.rb:133:in `load'
  /usr/lib/ruby/1.8/yaml.rb:133:in `load'
  /usr/lib/ruby/gems/1.8/gems/i18n-0.4.1/lib/i18n/backend/base.rb:227:in `load_yml'
  /usr/lib/ruby/gems/1.8/gems/i18n-0.4.1/lib/i18n/backend/base.rb:214:in `send'
  /usr/lib/ruby/gems/1.8/gems/i18n-0.4.1/lib/i18n/backend/base.rb:214:in `load_file'
  /usr/lib/ruby/gems/1.8/gems/i18n-0.4.1/lib/i18n/backend/base.rb:21:in `load_translations'
  /usr/lib/ruby/gems/1.8/gems/i18n-0.4.1/lib/i18n/backend/base.rb:21:in `each'
  /usr/lib/ruby/gems/1.8/gems/i18n-0.4.1/lib/i18n/backend/base.rb:21:in `load_translations'
  /usr/lib/ruby/gems/1.8/gems/i18n-0.4.1/lib/i18n/backend/simple.rb:57:in `init_translations'
  /usr/lib/ruby/gems/1.8/gems/i18n-0.4.1/lib/i18n/backend/simple.rb:71:in `lookup'
  /usr/lib/ruby/gems/1.8/gems/i18n-0.4.1/lib/i18n/backend/base.rb:34:in `translate'
  /usr/lib/ruby/gems/1.8/gems/i18n-0.4.1/lib/i18n.rb:152:in `translate'
  authlogic (2.1.6) lib/authlogic/i18n/translator.rb:8:in `translate'
  authlogic (2.1.6) lib/authlogic/i18n.rb:78:in `t'
  authlogic (2.1.6) lib/authlogic/acts_as_authentic/email.rb:68:in `validates_format_of_email_field_options'
  authlogic (2.1.6) lib/authlogic/acts_as_authentic/email.rb:102:in `included'
  authlogic (2.1.6) lib/authlogic/acts_as_authentic/email.rb:99:in `class_eval'
  authlogic (2.1.6) lib/authlogic/acts_as_authentic/email.rb:99:in `included'
  authlogic (2.1.6) lib/authlogic/acts_as_authentic/base.rb:34:in `include'
  authlogic (2.1.6) lib/authlogic/acts_as_authentic/base.rb:34:in `acts_as_authentic'
  authlogic (2.1.6) lib/authlogic/acts_as_authentic/base.rb:34:in `each'
  authlogic (2.1.6) lib/authlogic/acts_as_authentic/base.rb:34:in `acts_as_authentic'
  app/models/user.rb:7
  authlogic (2.1.6) lib/authlogic/session/klass.rb:33:in `klass'
  authlogic (2.1.6) lib/authlogic/session/password.rb:90:in `login_field'
  authlogic (2.1.6) lib/authlogic/session/password.rb:213:in `login_field'
  authlogic (2.1.6) lib/authlogic/session/password.rb:118:in `initialize'
  authlogic (2.1.6) lib/authlogic/session/activation.rb:48:in `initialize'
  authlogic (2.1.6) lib/authlogic/session/klass.rb:64:in `initialize'
  authlogic (2.1.6) lib/authlogic/session/scopes.rb:79:in `initialize'
  authlogic (2.1.6) lib/authlogic/session/persistence.rb:37:in `new'
  authlogic (2.1.6) lib/authlogic/session/persistence.rb:37:in `find'
  app/controllers/application_controller.rb:45:in `current_user_session'
  app/controllers/application_controller.rb:50:in `current_user'
  app/controllers/application_controller.rb:40:in `set_current_user'
  haml (3.0.18) rails/./lib/sass/plugin/rack.rb:41:in `call'
  /usr/lib/ruby/1.8/webrick/httpserver.rb:104:in `service'
  /usr/lib/ruby/1.8/webrick/httpserver.rb:65:in `run'
  /usr/lib/ruby/1.8/webrick/server.rb:173:in `start_thread'
  /usr/lib/ruby/1.8/webrick/server.rb:162:in `start'
  /usr/lib/ruby/1.8/webrick/server.rb:162:in `start_thread'
  /usr/lib/ruby/1.8/webrick/server.rb:95:in `start'
  /usr/lib/ruby/1.8/webrick/server.rb:92:in `each'
  /usr/lib/ruby/1.8/webrick/server.rb:92:in `start'
  /usr/lib/ruby/1.8/webrick/server.rb:23:in `start'
  /usr/lib/ruby/1.8/webrick/server.rb:82:in `start'

Rendered rescues/_trace (51.9ms)
Rendered rescues/_request_and_response (1.3ms)
Rendering rescues/layout (internal_server_error)


Processing UserSessionsController#new (for 127.0.0.1 at 2010-09-23 05:42:30) [GET]
  Parameters: {"action"=>"new", "controller"=>"user_sessions"}

ArgumentError (syntax error on line 1, col 6: `	test: test'):
  /usr/lib/ruby/1.8/yaml.rb:133:in `load'
  /usr/lib/ruby/1.8/yaml.rb:133:in `load'
  /usr/lib/ruby/gems/1.8/gems/i18n-0.4.1/lib/i18n/backend/base.rb:227:in `load_yml'
  /usr/lib/ruby/gems/1.8/gems/i18n-0.4.1/lib/i18n/backend/base.rb:214:in `send'
  /usr/lib/ruby/gems/1.8/gems/i18n-0.4.1/lib/i18n/backend/base.rb:214:in `load_file'
  /usr/lib/ruby/gems/1.8/gems/i18n-0.4.1/lib/i18n/backend/base.rb:21:in `load_translations'
  /usr/lib/ruby/gems/1.8/gems/i18n-0.4.1/lib/i18n/backend/base.rb:21:in `each'
  /usr/lib/ruby/gems/1.8/gems/i18n-0.4.1/lib/i18n/backend/base.rb:21:in `load_translations'
  /usr/lib/ruby/gems/1.8/gems/i18n-0.4.1/lib/i18n/backend/simple.rb:57:in `init_translations'
  /usr/lib/ruby/gems/1.8/gems/i18n-0.4.1/lib/i18n/backend/simple.rb:71:in `lookup'
  /usr/lib/ruby/gems/1.8/gems/i18n-0.4.1/lib/i18n/backend/base.rb:34:in `translate'
  /usr/lib/ruby/gems/1.8/gems/i18n-0.4.1/lib/i18n.rb:152:in `translate'
  authlogic (2.1.6) lib/authlogic/i18n/translator.rb:8:in `translate'
  authlogic (2.1.6) lib/authlogic/i18n.rb:78:in `t'
  authlogic (2.1.6) lib/authlogic/acts_as_authentic/email.rb:68:in `validates_format_of_email_field_options'
  authlogic (2.1.6) lib/authlogic/acts_as_authentic/email.rb:102:in `included'
  authlogic (2.1.6) lib/authlogic/acts_as_authentic/email.rb:99:in `class_eval'
  authlogic (2.1.6) lib/authlogic/acts_as_authentic/email.rb:99:in `included'
  authlogic (2.1.6) lib/authlogic/acts_as_authentic/base.rb:34:in `include'
  authlogic (2.1.6) lib/authlogic/acts_as_authentic/base.rb:34:in `acts_as_authentic'
  authlogic (2.1.6) lib/authlogic/acts_as_authentic/base.rb:34:in `each'
  authlogic (2.1.6) lib/authlogic/acts_as_authentic/base.rb:34:in `acts_as_authentic'
  app/models/user.rb:7
  authlogic (2.1.6) lib/authlogic/session/klass.rb:33:in `klass'
  authlogic (2.1.6) lib/authlogic/session/password.rb:90:in `login_field'
  authlogic (2.1.6) lib/authlogic/session/password.rb:213:in `login_field'
  authlogic (2.1.6) lib/authlogic/session/password.rb:118:in `initialize'
  authlogic (2.1.6) lib/authlogic/session/activation.rb:48:in `initialize'
  authlogic (2.1.6) lib/authlogic/session/klass.rb:64:in `initialize'
  authlogic (2.1.6) lib/authlogic/session/scopes.rb:79:in `initialize'
  authlogic (2.1.6) lib/authlogic/session/persistence.rb:37:in `new'
  authlogic (2.1.6) lib/authlogic/session/persistence.rb:37:in `find'
  app/controllers/application_controller.rb:45:in `current_user_session'
  app/controllers/application_controller.rb:50:in `current_user'
  app/controllers/application_controller.rb:40:in `set_current_user'
  haml (3.0.18) rails/./lib/sass/plugin/rack.rb:41:in `call'
  /usr/lib/ruby/1.8/webrick/httpserver.rb:104:in `service'
  /usr/lib/ruby/1.8/webrick/httpserver.rb:65:in `run'
  /usr/lib/ruby/1.8/webrick/server.rb:173:in `start_thread'
  /usr/lib/ruby/1.8/webrick/server.rb:162:in `start'
  /usr/lib/ruby/1.8/webrick/server.rb:162:in `start_thread'
  /usr/lib/ruby/1.8/webrick/server.rb:95:in `start'
  /usr/lib/ruby/1.8/webrick/server.rb:92:in `each'
  /usr/lib/ruby/1.8/webrick/server.rb:92:in `start'
  /usr/lib/ruby/1.8/webrick/server.rb:23:in `start'
  /usr/lib/ruby/1.8/webrick/server.rb:82:in `start'

Rendered rescues/_trace (53.4ms)
Rendered rescues/_request_and_response (0.3ms)
Rendering rescues/layout (internal_server_error)


Processing UserSessionsController#new (for 127.0.0.1 at 2010-09-23 05:42:32) [GET]
  Parameters: {"action"=>"new", "controller"=>"user_sessions"}

ArgumentError (syntax error on line 1, col 6: `	test: test'):
  /usr/lib/ruby/1.8/yaml.rb:133:in `load'
  /usr/lib/ruby/1.8/yaml.rb:133:in `load'
  /usr/lib/ruby/gems/1.8/gems/i18n-0.4.1/lib/i18n/backend/base.rb:227:in `load_yml'
  /usr/lib/ruby/gems/1.8/gems/i18n-0.4.1/lib/i18n/backend/base.rb:214:in `send'
  /usr/lib/ruby/gems/1.8/gems/i18n-0.4.1/lib/i18n/backend/base.rb:214:in `load_file'
  /usr/lib/ruby/gems/1.8/gems/i18n-0.4.1/lib/i18n/backend/base.rb:21:in `load_translations'
  /usr/lib/ruby/gems/1.8/gems/i18n-0.4.1/lib/i18n/backend/base.rb:21:in `each'
  /usr/lib/ruby/gems/1.8/gems/i18n-0.4.1/lib/i18n/backend/base.rb:21:in `load_translations'
  /usr/lib/ruby/gems/1.8/gems/i18n-0.4.1/lib/i18n/backend/simple.rb:57:in `init_translations'
  /usr/lib/ruby/gems/1.8/gems/i18n-0.4.1/lib/i18n/backend/simple.rb:71:in `lookup'
  /usr/lib/ruby/gems/1.8/gems/i18n-0.4.1/lib/i18n/backend/base.rb:34:in `translate'
  /usr/lib/ruby/gems/1.8/gems/i18n-0.4.1/lib/i18n.rb:152:in `translate'
  authlogic (2.1.6) lib/authlogic/i18n/translator.rb:8:in `translate'
  authlogic (2.1.6) lib/authlogic/i18n.rb:78:in `t'
  authlogic (2.1.6) lib/authlogic/acts_as_authentic/email.rb:68:in `validates_format_of_email_field_options'
  authlogic (2.1.6) lib/authlogic/acts_as_authentic/email.rb:102:in `included'
  authlogic (2.1.6) lib/authlogic/acts_as_authentic/email.rb:99:in `class_eval'
  authlogic (2.1.6) lib/authlogic/acts_as_authentic/email.rb:99:in `included'
  authlogic (2.1.6) lib/authlogic/acts_as_authentic/base.rb:34:in `include'
  authlogic (2.1.6) lib/authlogic/acts_as_authentic/base.rb:34:in `acts_as_authentic'
  authlogic (2.1.6) lib/authlogic/acts_as_authentic/base.rb:34:in `each'
  authlogic (2.1.6) lib/authlogic/acts_as_authentic/base.rb:34:in `acts_as_authentic'
  app/models/user.rb:7
  authlogic (2.1.6) lib/authlogic/session/klass.rb:33:in `klass'
  authlogic (2.1.6) lib/authlogic/session/password.rb:90:in `login_field'
  authlogic (2.1.6) lib/authlogic/session/password.rb:213:in `login_field'
  authlogic (2.1.6) lib/authlogic/session/password.rb:118:in `initialize'
  authlogic (2.1.6) lib/authlogic/session/activation.rb:48:in `initialize'
  authlogic (2.1.6) lib/authlogic/session/klass.rb:64:in `initialize'
  authlogic (2.1.6) lib/authlogic/session/scopes.rb:79:in `initialize'
  authlogic (2.1.6) lib/authlogic/session/persistence.rb:37:in `new'
  authlogic (2.1.6) lib/authlogic/session/persistence.rb:37:in `find'
  app/controllers/application_controller.rb:45:in `current_user_session'
  app/controllers/application_controller.rb:50:in `current_user'
  app/controllers/application_controller.rb:40:in `set_current_user'
  haml (3.0.18) rails/./lib/sass/plugin/rack.rb:41:in `call'
  /usr/lib/ruby/1.8/webrick/httpserver.rb:104:in `service'
  /usr/lib/ruby/1.8/webrick/httpserver.rb:65:in `run'
  /usr/lib/ruby/1.8/webrick/server.rb:173:in `start_thread'
  /usr/lib/ruby/1.8/webrick/server.rb:162:in `start'
  /usr/lib/ruby/1.8/webrick/server.rb:162:in `start_thread'
  /usr/lib/ruby/1.8/webrick/server.rb:95:in `start'
  /usr/lib/ruby/1.8/webrick/server.rb:92:in `each'
  /usr/lib/ruby/1.8/webrick/server.rb:92:in `start'
  /usr/lib/ruby/1.8/webrick/server.rb:23:in `start'
  /usr/lib/ruby/1.8/webrick/server.rb:82:in `start'

Rendered rescues/_trace (124.4ms)
Rendered rescues/_request_and_response (0.3ms)
Rendering rescues/layout (internal_server_error)


Processing UserSessionsController#new (for 127.0.0.1 at 2010-09-23 05:42:32) [GET]
  Parameters: {"action"=>"new", "controller"=>"user_sessions"}

ArgumentError (syntax error on line 1, col 6: `	test: test'):
  /usr/lib/ruby/1.8/yaml.rb:133:in `load'
  /usr/lib/ruby/1.8/yaml.rb:133:in `load'
  /usr/lib/ruby/gems/1.8/gems/i18n-0.4.1/lib/i18n/backend/base.rb:227:in `load_yml'
  /usr/lib/ruby/gems/1.8/gems/i18n-0.4.1/lib/i18n/backend/base.rb:214:in `send'
  /usr/lib/ruby/gems/1.8/gems/i18n-0.4.1/lib/i18n/backend/base.rb:214:in `load_file'
  /usr/lib/ruby/gems/1.8/gems/i18n-0.4.1/lib/i18n/backend/base.rb:21:in `load_translations'
  /usr/lib/ruby/gems/1.8/gems/i18n-0.4.1/lib/i18n/backend/base.rb:21:in `each'
  /usr/lib/ruby/gems/1.8/gems/i18n-0.4.1/lib/i18n/backend/base.rb:21:in `load_translations'
  /usr/lib/ruby/gems/1.8/gems/i18n-0.4.1/lib/i18n/backend/simple.rb:57:in `init_translations'
  /usr/lib/ruby/gems/1.8/gems/i18n-0.4.1/lib/i18n/backend/simple.rb:71:in `lookup'
  /usr/lib/ruby/gems/1.8/gems/i18n-0.4.1/lib/i18n/backend/base.rb:34:in `translate'
  /usr/lib/ruby/gems/1.8/gems/i18n-0.4.1/lib/i18n.rb:152:in `translate'
  authlogic (2.1.6) lib/authlogic/i18n/translator.rb:8:in `translate'
  authlogic (2.1.6) lib/authlogic/i18n.rb:78:in `t'
  authlogic (2.1.6) lib/authlogic/acts_as_authentic/email.rb:68:in `validates_format_of_email_field_options'
  authlogic (2.1.6) lib/authlogic/acts_as_authentic/email.rb:102:in `included'
  authlogic (2.1.6) lib/authlogic/acts_as_authentic/email.rb:99:in `class_eval'
  authlogic (2.1.6) lib/authlogic/acts_as_authentic/email.rb:99:in `included'
  authlogic (2.1.6) lib/authlogic/acts_as_authentic/base.rb:34:in `include'
  authlogic (2.1.6) lib/authlogic/acts_as_authentic/base.rb:34:in `acts_as_authentic'
  authlogic (2.1.6) lib/authlogic/acts_as_authentic/base.rb:34:in `each'
  authlogic (2.1.6) lib/authlogic/acts_as_authentic/base.rb:34:in `acts_as_authentic'
  app/models/user.rb:7
  authlogic (2.1.6) lib/authlogic/session/klass.rb:33:in `klass'
  authlogic (2.1.6) lib/authlogic/session/password.rb:90:in `login_field'
  authlogic (2.1.6) lib/authlogic/session/password.rb:213:in `login_field'
  authlogic (2.1.6) lib/authlogic/session/password.rb:118:in `initialize'
  authlogic (2.1.6) lib/authlogic/session/activation.rb:48:in `initialize'
  authlogic (2.1.6) lib/authlogic/session/klass.rb:64:in `initialize'
  authlogic (2.1.6) lib/authlogic/session/scopes.rb:79:in `initialize'
  authlogic (2.1.6) lib/authlogic/session/persistence.rb:37:in `new'
  authlogic (2.1.6) lib/authlogic/session/persistence.rb:37:in `find'
  app/controllers/application_controller.rb:45:in `current_user_session'
  app/controllers/application_controller.rb:50:in `current_user'
  app/controllers/application_controller.rb:40:in `set_current_user'
  haml (3.0.18) rails/./lib/sass/plugin/rack.rb:41:in `call'
  /usr/lib/ruby/1.8/webrick/httpserver.rb:104:in `service'
  /usr/lib/ruby/1.8/webrick/httpserver.rb:65:in `run'
  /usr/lib/ruby/1.8/webrick/server.rb:173:in `start_thread'
  /usr/lib/ruby/1.8/webrick/server.rb:162:in `start'
  /usr/lib/ruby/1.8/webrick/server.rb:162:in `start_thread'
  /usr/lib/ruby/1.8/webrick/server.rb:95:in `start'
  /usr/lib/ruby/1.8/webrick/server.rb:92:in `each'
  /usr/lib/ruby/1.8/webrick/server.rb:92:in `start'
  /usr/lib/ruby/1.8/webrick/server.rb:23:in `start'
  /usr/lib/ruby/1.8/webrick/server.rb:82:in `start'

Rendered rescues/_trace (52.7ms)
Rendered rescues/_request_and_response (0.3ms)
Rendering rescues/layout (internal_server_error)


Processing UserSessionsController#new (for 127.0.0.1 at 2010-09-23 05:42:32) [GET]
  Parameters: {"action"=>"new", "controller"=>"user_sessions"}

ArgumentError (syntax error on line 1, col 6: `	test: test'):
  /usr/lib/ruby/1.8/yaml.rb:133:in `load'
  /usr/lib/ruby/1.8/yaml.rb:133:in `load'
  /usr/lib/ruby/gems/1.8/gems/i18n-0.4.1/lib/i18n/backend/base.rb:227:in `load_yml'
  /usr/lib/ruby/gems/1.8/gems/i18n-0.4.1/lib/i18n/backend/base.rb:214:in `send'
  /usr/lib/ruby/gems/1.8/gems/i18n-0.4.1/lib/i18n/backend/base.rb:214:in `load_file'
  /usr/lib/ruby/gems/1.8/gems/i18n-0.4.1/lib/i18n/backend/base.rb:21:in `load_translations'
  /usr/lib/ruby/gems/1.8/gems/i18n-0.4.1/lib/i18n/backend/base.rb:21:in `each'
  /usr/lib/ruby/gems/1.8/gems/i18n-0.4.1/lib/i18n/backend/base.rb:21:in `load_translations'
  /usr/lib/ruby/gems/1.8/gems/i18n-0.4.1/lib/i18n/backend/simple.rb:57:in `init_translations'
  /usr/lib/ruby/gems/1.8/gems/i18n-0.4.1/lib/i18n/backend/simple.rb:71:in `lookup'
  /usr/lib/ruby/gems/1.8/gems/i18n-0.4.1/lib/i18n/backend/base.rb:34:in `translate'
  /usr/lib/ruby/gems/1.8/gems/i18n-0.4.1/lib/i18n.rb:152:in `translate'
  authlogic (2.1.6) lib/authlogic/i18n/translator.rb:8:in `translate'
  authlogic (2.1.6) lib/authlogic/i18n.rb:78:in `t'
  authlogic (2.1.6) lib/authlogic/acts_as_authentic/email.rb:68:in `validates_format_of_email_field_options'
  authlogic (2.1.6) lib/authlogic/acts_as_authentic/email.rb:102:in `included'
  authlogic (2.1.6) lib/authlogic/acts_as_authentic/email.rb:99:in `class_eval'
  authlogic (2.1.6) lib/authlogic/acts_as_authentic/email.rb:99:in `included'
  authlogic (2.1.6) lib/authlogic/acts_as_authentic/base.rb:34:in `include'
  authlogic (2.1.6) lib/authlogic/acts_as_authentic/base.rb:34:in `acts_as_authentic'
  authlogic (2.1.6) lib/authlogic/acts_as_authentic/base.rb:34:in `each'
  authlogic (2.1.6) lib/authlogic/acts_as_authentic/base.rb:34:in `acts_as_authentic'
  app/models/user.rb:7
  authlogic (2.1.6) lib/authlogic/session/klass.rb:33:in `klass'
  authlogic (2.1.6) lib/authlogic/session/password.rb:90:in `login_field'
  authlogic (2.1.6) lib/authlogic/session/password.rb:213:in `login_field'
  authlogic (2.1.6) lib/authlogic/session/password.rb:118:in `initialize'
  authlogic (2.1.6) lib/authlogic/session/activation.rb:48:in `initialize'
  authlogic (2.1.6) lib/authlogic/session/klass.rb:64:in `initialize'
  authlogic (2.1.6) lib/authlogic/session/scopes.rb:79:in `initialize'
  authlogic (2.1.6) lib/authlogic/session/persistence.rb:37:in `new'
  authlogic (2.1.6) lib/authlogic/session/persistence.rb:37:in `find'
  app/controllers/application_controller.rb:45:in `current_user_session'
  app/controllers/application_controller.rb:50:in `current_user'
  app/controllers/application_controller.rb:40:in `set_current_user'
  haml (3.0.18) rails/./lib/sass/plugin/rack.rb:41:in `call'
  /usr/lib/ruby/1.8/webrick/httpserver.rb:104:in `service'
  /usr/lib/ruby/1.8/webrick/httpserver.rb:65:in `run'
  /usr/lib/ruby/1.8/webrick/server.rb:173:in `start_thread'
  /usr/lib/ruby/1.8/webrick/server.rb:162:in `start'
  /usr/lib/ruby/1.8/webrick/server.rb:162:in `start_thread'
  /usr/lib/ruby/1.8/webrick/server.rb:95:in `start'
  /usr/lib/ruby/1.8/webrick/server.rb:92:in `each'
  /usr/lib/ruby/1.8/webrick/server.rb:92:in `start'
  /usr/lib/ruby/1.8/webrick/server.rb:23:in `start'
  /usr/lib/ruby/1.8/webrick/server.rb:82:in `start'

Rendered rescues/_trace (178.1ms)
Rendered rescues/_request_and_response (0.4ms)
Rendering rescues/layout (internal_server_error)


Processing UserSessionsController#new (for 127.0.0.1 at 2010-09-23 05:42:33) [GET]
  Parameters: {"action"=>"new", "controller"=>"user_sessions"}

ArgumentError (syntax error on line 1, col 6: `	test: test'):
  /usr/lib/ruby/1.8/yaml.rb:133:in `load'
  /usr/lib/ruby/1.8/yaml.rb:133:in `load'
  /usr/lib/ruby/gems/1.8/gems/i18n-0.4.1/lib/i18n/backend/base.rb:227:in `load_yml'
  /usr/lib/ruby/gems/1.8/gems/i18n-0.4.1/lib/i18n/backend/base.rb:214:in `send'
  /usr/lib/ruby/gems/1.8/gems/i18n-0.4.1/lib/i18n/backend/base.rb:214:in `load_file'
  /usr/lib/ruby/gems/1.8/gems/i18n-0.4.1/lib/i18n/backend/base.rb:21:in `load_translations'
  /usr/lib/ruby/gems/1.8/gems/i18n-0.4.1/lib/i18n/backend/base.rb:21:in `each'
  /usr/lib/ruby/gems/1.8/gems/i18n-0.4.1/lib/i18n/backend/base.rb:21:in `load_translations'
  /usr/lib/ruby/gems/1.8/gems/i18n-0.4.1/lib/i18n/backend/simple.rb:57:in `init_translations'
  /usr/lib/ruby/gems/1.8/gems/i18n-0.4.1/lib/i18n/backend/simple.rb:71:in `lookup'
  /usr/lib/ruby/gems/1.8/gems/i18n-0.4.1/lib/i18n/backend/base.rb:34:in `translate'
  /usr/lib/ruby/gems/1.8/gems/i18n-0.4.1/lib/i18n.rb:152:in `translate'
  authlogic (2.1.6) lib/authlogic/i18n/translator.rb:8:in `translate'
  authlogic (2.1.6) lib/authlogic/i18n.rb:78:in `t'
  authlogic (2.1.6) lib/authlogic/acts_as_authentic/email.rb:68:in `validates_format_of_email_field_options'
  authlogic (2.1.6) lib/authlogic/acts_as_authentic/email.rb:102:in `included'
  authlogic (2.1.6) lib/authlogic/acts_as_authentic/email.rb:99:in `class_eval'
  authlogic (2.1.6) lib/authlogic/acts_as_authentic/email.rb:99:in `included'
  authlogic (2.1.6) lib/authlogic/acts_as_authentic/base.rb:34:in `include'
  authlogic (2.1.6) lib/authlogic/acts_as_authentic/base.rb:34:in `acts_as_authentic'
  authlogic (2.1.6) lib/authlogic/acts_as_authentic/base.rb:34:in `each'
  authlogic (2.1.6) lib/authlogic/acts_as_authentic/base.rb:34:in `acts_as_authentic'
  app/models/user.rb:7
  authlogic (2.1.6) lib/authlogic/session/klass.rb:33:in `klass'
  authlogic (2.1.6) lib/authlogic/session/password.rb:90:in `login_field'
  authlogic (2.1.6) lib/authlogic/session/password.rb:213:in `login_field'
  authlogic (2.1.6) lib/authlogic/session/password.rb:118:in `initialize'
  authlogic (2.1.6) lib/authlogic/session/activation.rb:48:in `initialize'
  authlogic (2.1.6) lib/authlogic/session/klass.rb:64:in `initialize'
  authlogic (2.1.6) lib/authlogic/session/scopes.rb:79:in `initialize'
  authlogic (2.1.6) lib/authlogic/session/persistence.rb:37:in `new'
  authlogic (2.1.6) lib/authlogic/session/persistence.rb:37:in `find'
  app/controllers/application_controller.rb:45:in `current_user_session'
  app/controllers/application_controller.rb:50:in `current_user'
  app/controllers/application_controller.rb:40:in `set_current_user'
  haml (3.0.18) rails/./lib/sass/plugin/rack.rb:41:in `call'
  /usr/lib/ruby/1.8/webrick/httpserver.rb:104:in `service'
  /usr/lib/ruby/1.8/webrick/httpserver.rb:65:in `run'
  /usr/lib/ruby/1.8/webrick/server.rb:173:in `start_thread'
  /usr/lib/ruby/1.8/webrick/server.rb:162:in `start'
  /usr/lib/ruby/1.8/webrick/server.rb:162:in `start_thread'
  /usr/lib/ruby/1.8/webrick/server.rb:95:in `start'
  /usr/lib/ruby/1.8/webrick/server.rb:92:in `each'
  /usr/lib/ruby/1.8/webrick/server.rb:92:in `start'
  /usr/lib/ruby/1.8/webrick/server.rb:23:in `start'
  /usr/lib/ruby/1.8/webrick/server.rb:82:in `start'

Rendered rescues/_trace (51.6ms)
Rendered rescues/_request_and_response (0.3ms)
Rendering rescues/layout (internal_server_error)


Processing UserSessionsController#new (for 127.0.0.1 at 2010-09-23 05:42:33) [GET]
  Parameters: {"action"=>"new", "controller"=>"user_sessions"}

ArgumentError (syntax error on line 1, col 6: `	test: test'):
  /usr/lib/ruby/1.8/yaml.rb:133:in `load'
  /usr/lib/ruby/1.8/yaml.rb:133:in `load'
  /usr/lib/ruby/gems/1.8/gems/i18n-0.4.1/lib/i18n/backend/base.rb:227:in `load_yml'
  /usr/lib/ruby/gems/1.8/gems/i18n-0.4.1/lib/i18n/backend/base.rb:214:in `send'
  /usr/lib/ruby/gems/1.8/gems/i18n-0.4.1/lib/i18n/backend/base.rb:214:in `load_file'
  /usr/lib/ruby/gems/1.8/gems/i18n-0.4.1/lib/i18n/backend/base.rb:21:in `load_translations'
  /usr/lib/ruby/gems/1.8/gems/i18n-0.4.1/lib/i18n/backend/base.rb:21:in `each'
  /usr/lib/ruby/gems/1.8/gems/i18n-0.4.1/lib/i18n/backend/base.rb:21:in `load_translations'
  /usr/lib/ruby/gems/1.8/gems/i18n-0.4.1/lib/i18n/backend/simple.rb:57:in `init_translations'
  /usr/lib/ruby/gems/1.8/gems/i18n-0.4.1/lib/i18n/backend/simple.rb:71:in `lookup'
  /usr/lib/ruby/gems/1.8/gems/i18n-0.4.1/lib/i18n/backend/base.rb:34:in `translate'
  /usr/lib/ruby/gems/1.8/gems/i18n-0.4.1/lib/i18n.rb:152:in `translate'
  authlogic (2.1.6) lib/authlogic/i18n/translator.rb:8:in `translate'
  authlogic (2.1.6) lib/authlogic/i18n.rb:78:in `t'
  authlogic (2.1.6) lib/authlogic/acts_as_authentic/email.rb:68:in `validates_format_of_email_field_options'
  authlogic (2.1.6) lib/authlogic/acts_as_authentic/email.rb:102:in `included'
  authlogic (2.1.6) lib/authlogic/acts_as_authentic/email.rb:99:in `class_eval'
  authlogic (2.1.6) lib/authlogic/acts_as_authentic/email.rb:99:in `included'
  authlogic (2.1.6) lib/authlogic/acts_as_authentic/base.rb:34:in `include'
  authlogic (2.1.6) lib/authlogic/acts_as_authentic/base.rb:34:in `acts_as_authentic'
  authlogic (2.1.6) lib/authlogic/acts_as_authentic/base.rb:34:in `each'
  authlogic (2.1.6) lib/authlogic/acts_as_authentic/base.rb:34:in `acts_as_authentic'
  app/models/user.rb:7
  authlogic (2.1.6) lib/authlogic/session/klass.rb:33:in `klass'
  authlogic (2.1.6) lib/authlogic/session/password.rb:90:in `login_field'
  authlogic (2.1.6) lib/authlogic/session/password.rb:213:in `login_field'
  authlogic (2.1.6) lib/authlogic/session/password.rb:118:in `initialize'
  authlogic (2.1.6) lib/authlogic/session/activation.rb:48:in `initialize'
  authlogic (2.1.6) lib/authlogic/session/klass.rb:64:in `initialize'
  authlogic (2.1.6) lib/authlogic/session/scopes.rb:79:in `initialize'
  authlogic (2.1.6) lib/authlogic/session/persistence.rb:37:in `new'
  authlogic (2.1.6) lib/authlogic/session/persistence.rb:37:in `find'
  app/controllers/application_controller.rb:45:in `current_user_session'
  app/controllers/application_controller.rb:50:in `current_user'
  app/controllers/application_controller.rb:40:in `set_current_user'
  haml (3.0.18) rails/./lib/sass/plugin/rack.rb:41:in `call'
  /usr/lib/ruby/1.8/webrick/httpserver.rb:104:in `service'
  /usr/lib/ruby/1.8/webrick/httpserver.rb:65:in `run'
  /usr/lib/ruby/1.8/webrick/server.rb:173:in `start_thread'
  /usr/lib/ruby/1.8/webrick/server.rb:162:in `start'
  /usr/lib/ruby/1.8/webrick/server.rb:162:in `start_thread'
  /usr/lib/ruby/1.8/webrick/server.rb:95:in `start'
  /usr/lib/ruby/1.8/webrick/server.rb:92:in `each'
  /usr/lib/ruby/1.8/webrick/server.rb:92:in `start'
  /usr/lib/ruby/1.8/webrick/server.rb:23:in `start'
  /usr/lib/ruby/1.8/webrick/server.rb:82:in `start'

Rendered rescues/_trace (59.4ms)
Rendered rescues/_request_and_response (0.3ms)
Rendering rescues/layout (internal_server_error)


Processing UserSessionsController#new (for 127.0.0.1 at 2010-09-23 05:42:33) [GET]
  Parameters: {"action"=>"new", "controller"=>"user_sessions"}

ArgumentError (syntax error on line 1, col 6: `	test: test'):
  /usr/lib/ruby/1.8/yaml.rb:133:in `load'
  /usr/lib/ruby/1.8/yaml.rb:133:in `load'
  /usr/lib/ruby/gems/1.8/gems/i18n-0.4.1/lib/i18n/backend/base.rb:227:in `load_yml'
  /usr/lib/ruby/gems/1.8/gems/i18n-0.4.1/lib/i18n/backend/base.rb:214:in `send'
  /usr/lib/ruby/gems/1.8/gems/i18n-0.4.1/lib/i18n/backend/base.rb:214:in `load_file'
  /usr/lib/ruby/gems/1.8/gems/i18n-0.4.1/lib/i18n/backend/base.rb:21:in `load_translations'
  /usr/lib/ruby/gems/1.8/gems/i18n-0.4.1/lib/i18n/backend/base.rb:21:in `each'
  /usr/lib/ruby/gems/1.8/gems/i18n-0.4.1/lib/i18n/backend/base.rb:21:in `load_translations'
  /usr/lib/ruby/gems/1.8/gems/i18n-0.4.1/lib/i18n/backend/simple.rb:57:in `init_translations'
  /usr/lib/ruby/gems/1.8/gems/i18n-0.4.1/lib/i18n/backend/simple.rb:71:in `lookup'
  /usr/lib/ruby/gems/1.8/gems/i18n-0.4.1/lib/i18n/backend/base.rb:34:in `translate'
  /usr/lib/ruby/gems/1.8/gems/i18n-0.4.1/lib/i18n.rb:152:in `translate'
  authlogic (2.1.6) lib/authlogic/i18n/translator.rb:8:in `translate'
  authlogic (2.1.6) lib/authlogic/i18n.rb:78:in `t'
  authlogic (2.1.6) lib/authlogic/acts_as_authentic/email.rb:68:in `validates_format_of_email_field_options'
  authlogic (2.1.6) lib/authlogic/acts_as_authentic/email.rb:102:in `included'
  authlogic (2.1.6) lib/authlogic/acts_as_authentic/email.rb:99:in `class_eval'
  authlogic (2.1.6) lib/authlogic/acts_as_authentic/email.rb:99:in `included'
  authlogic (2.1.6) lib/authlogic/acts_as_authentic/base.rb:34:in `include'
  authlogic (2.1.6) lib/authlogic/acts_as_authentic/base.rb:34:in `acts_as_authentic'
  authlogic (2.1.6) lib/authlogic/acts_as_authentic/base.rb:34:in `each'
  authlogic (2.1.6) lib/authlogic/acts_as_authentic/base.rb:34:in `acts_as_authentic'
  app/models/user.rb:7
  authlogic (2.1.6) lib/authlogic/session/klass.rb:33:in `klass'
  authlogic (2.1.6) lib/authlogic/session/password.rb:90:in `login_field'
  authlogic (2.1.6) lib/authlogic/session/password.rb:213:in `login_field'
  authlogic (2.1.6) lib/authlogic/session/password.rb:118:in `initialize'
  authlogic (2.1.6) lib/authlogic/session/activation.rb:48:in `initialize'
  authlogic (2.1.6) lib/authlogic/session/klass.rb:64:in `initialize'
  authlogic (2.1.6) lib/authlogic/session/scopes.rb:79:in `initialize'
  authlogic (2.1.6) lib/authlogic/session/persistence.rb:37:in `new'
  authlogic (2.1.6) lib/authlogic/session/persistence.rb:37:in `find'
  app/controllers/application_controller.rb:45:in `current_user_session'
  app/controllers/application_controller.rb:50:in `current_user'
  app/controllers/application_controller.rb:40:in `set_current_user'
  haml (3.0.18) rails/./lib/sass/plugin/rack.rb:41:in `call'
  /usr/lib/ruby/1.8/webrick/httpserver.rb:104:in `service'
  /usr/lib/ruby/1.8/webrick/httpserver.rb:65:in `run'
  /usr/lib/ruby/1.8/webrick/server.rb:173:in `start_thread'
  /usr/lib/ruby/1.8/webrick/server.rb:162:in `start'
  /usr/lib/ruby/1.8/webrick/server.rb:162:in `start_thread'
  /usr/lib/ruby/1.8/webrick/server.rb:95:in `start'
  /usr/lib/ruby/1.8/webrick/server.rb:92:in `each'
  /usr/lib/ruby/1.8/webrick/server.rb:92:in `start'
  /usr/lib/ruby/1.8/webrick/server.rb:23:in `start'
  /usr/lib/ruby/1.8/webrick/server.rb:82:in `start'

Rendered rescues/_trace (125.9ms)
Rendered rescues/_request_and_response (0.6ms)
Rendering rescues/layout (internal_server_error)


Processing UserSessionsController#new (for 127.0.0.1 at 2010-09-23 05:42:34) [GET]
  Parameters: {"action"=>"new", "controller"=>"user_sessions"}

ArgumentError (syntax error on line 1, col 6: `	test: test'):
  /usr/lib/ruby/1.8/yaml.rb:133:in `load'
  /usr/lib/ruby/1.8/yaml.rb:133:in `load'
  /usr/lib/ruby/gems/1.8/gems/i18n-0.4.1/lib/i18n/backend/base.rb:227:in `load_yml'
  /usr/lib/ruby/gems/1.8/gems/i18n-0.4.1/lib/i18n/backend/base.rb:214:in `send'
  /usr/lib/ruby/gems/1.8/gems/i18n-0.4.1/lib/i18n/backend/base.rb:214:in `load_file'
  /usr/lib/ruby/gems/1.8/gems/i18n-0.4.1/lib/i18n/backend/base.rb:21:in `load_translations'
  /usr/lib/ruby/gems/1.8/gems/i18n-0.4.1/lib/i18n/backend/base.rb:21:in `each'
  /usr/lib/ruby/gems/1.8/gems/i18n-0.4.1/lib/i18n/backend/base.rb:21:in `load_translations'
  /usr/lib/ruby/gems/1.8/gems/i18n-0.4.1/lib/i18n/backend/simple.rb:57:in `init_translations'
  /usr/lib/ruby/gems/1.8/gems/i18n-0.4.1/lib/i18n/backend/simple.rb:71:in `lookup'
  /usr/lib/ruby/gems/1.8/gems/i18n-0.4.1/lib/i18n/backend/base.rb:34:in `translate'
  /usr/lib/ruby/gems/1.8/gems/i18n-0.4.1/lib/i18n.rb:152:in `translate'
  authlogic (2.1.6) lib/authlogic/i18n/translator.rb:8:in `translate'
  authlogic (2.1.6) lib/authlogic/i18n.rb:78:in `t'
  authlogic (2.1.6) lib/authlogic/acts_as_authentic/email.rb:68:in `validates_format_of_email_field_options'
  authlogic (2.1.6) lib/authlogic/acts_as_authentic/email.rb:102:in `included'
  authlogic (2.1.6) lib/authlogic/acts_as_authentic/email.rb:99:in `class_eval'
  authlogic (2.1.6) lib/authlogic/acts_as_authentic/email.rb:99:in `included'
  authlogic (2.1.6) lib/authlogic/acts_as_authentic/base.rb:34:in `include'
  authlogic (2.1.6) lib/authlogic/acts_as_authentic/base.rb:34:in `acts_as_authentic'
  authlogic (2.1.6) lib/authlogic/acts_as_authentic/base.rb:34:in `each'
  authlogic (2.1.6) lib/authlogic/acts_as_authentic/base.rb:34:in `acts_as_authentic'
  app/models/user.rb:7
  authlogic (2.1.6) lib/authlogic/session/klass.rb:33:in `klass'
  authlogic (2.1.6) lib/authlogic/session/password.rb:90:in `login_field'
  authlogic (2.1.6) lib/authlogic/session/password.rb:213:in `login_field'
  authlogic (2.1.6) lib/authlogic/session/password.rb:118:in `initialize'
  authlogic (2.1.6) lib/authlogic/session/activation.rb:48:in `initialize'
  authlogic (2.1.6) lib/authlogic/session/klass.rb:64:in `initialize'
  authlogic (2.1.6) lib/authlogic/session/scopes.rb:79:in `initialize'
  authlogic (2.1.6) lib/authlogic/session/persistence.rb:37:in `new'
  authlogic (2.1.6) lib/authlogic/session/persistence.rb:37:in `find'
  app/controllers/application_controller.rb:45:in `current_user_session'
  app/controllers/application_controller.rb:50:in `current_user'
  app/controllers/application_controller.rb:40:in `set_current_user'
  haml (3.0.18) rails/./lib/sass/plugin/rack.rb:41:in `call'
  /usr/lib/ruby/1.8/webrick/httpserver.rb:104:in `service'
  /usr/lib/ruby/1.8/webrick/httpserver.rb:65:in `run'
  /usr/lib/ruby/1.8/webrick/server.rb:173:in `start_thread'
  /usr/lib/ruby/1.8/webrick/server.rb:162:in `start'
  /usr/lib/ruby/1.8/webrick/server.rb:162:in `start_thread'
  /usr/lib/ruby/1.8/webrick/server.rb:95:in `start'
  /usr/lib/ruby/1.8/webrick/server.rb:92:in `each'
  /usr/lib/ruby/1.8/webrick/server.rb:92:in `start'
  /usr/lib/ruby/1.8/webrick/server.rb:23:in `start'
  /usr/lib/ruby/1.8/webrick/server.rb:82:in `start'

Rendered rescues/_trace (62.9ms)
Rendered rescues/_request_and_response (0.4ms)
Rendering rescues/layout (internal_server_error)


Processing UserSessionsController#new (for 127.0.0.1 at 2010-09-23 05:42:34) [GET]
  Parameters: {"action"=>"new", "controller"=>"user_sessions"}

ArgumentError (syntax error on line 1, col 6: `	test: test'):
  /usr/lib/ruby/1.8/yaml.rb:133:in `load'
  /usr/lib/ruby/1.8/yaml.rb:133:in `load'
  /usr/lib/ruby/gems/1.8/gems/i18n-0.4.1/lib/i18n/backend/base.rb:227:in `load_yml'
  /usr/lib/ruby/gems/1.8/gems/i18n-0.4.1/lib/i18n/backend/base.rb:214:in `send'
  /usr/lib/ruby/gems/1.8/gems/i18n-0.4.1/lib/i18n/backend/base.rb:214:in `load_file'
  /usr/lib/ruby/gems/1.8/gems/i18n-0.4.1/lib/i18n/backend/base.rb:21:in `load_translations'
  /usr/lib/ruby/gems/1.8/gems/i18n-0.4.1/lib/i18n/backend/base.rb:21:in `each'
  /usr/lib/ruby/gems/1.8/gems/i18n-0.4.1/lib/i18n/backend/base.rb:21:in `load_translations'
  /usr/lib/ruby/gems/1.8/gems/i18n-0.4.1/lib/i18n/backend/simple.rb:57:in `init_translations'
  /usr/lib/ruby/gems/1.8/gems/i18n-0.4.1/lib/i18n/backend/simple.rb:71:in `lookup'
  /usr/lib/ruby/gems/1.8/gems/i18n-0.4.1/lib/i18n/backend/base.rb:34:in `translate'
  /usr/lib/ruby/gems/1.8/gems/i18n-0.4.1/lib/i18n.rb:152:in `translate'
  authlogic (2.1.6) lib/authlogic/i18n/translator.rb:8:in `translate'
  authlogic (2.1.6) lib/authlogic/i18n.rb:78:in `t'
  authlogic (2.1.6) lib/authlogic/acts_as_authentic/email.rb:68:in `validates_format_of_email_field_options'
  authlogic (2.1.6) lib/authlogic/acts_as_authentic/email.rb:102:in `included'
  authlogic (2.1.6) lib/authlogic/acts_as_authentic/email.rb:99:in `class_eval'
  authlogic (2.1.6) lib/authlogic/acts_as_authentic/email.rb:99:in `included'
  authlogic (2.1.6) lib/authlogic/acts_as_authentic/base.rb:34:in `include'
  authlogic (2.1.6) lib/authlogic/acts_as_authentic/base.rb:34:in `acts_as_authentic'
  authlogic (2.1.6) lib/authlogic/acts_as_authentic/base.rb:34:in `each'
  authlogic (2.1.6) lib/authlogic/acts_as_authentic/base.rb:34:in `acts_as_authentic'
  app/models/user.rb:7
  authlogic (2.1.6) lib/authlogic/session/klass.rb:33:in `klass'
  authlogic (2.1.6) lib/authlogic/session/password.rb:90:in `login_field'
  authlogic (2.1.6) lib/authlogic/session/password.rb:213:in `login_field'
  authlogic (2.1.6) lib/authlogic/session/password.rb:118:in `initialize'
  authlogic (2.1.6) lib/authlogic/session/activation.rb:48:in `initialize'
  authlogic (2.1.6) lib/authlogic/session/klass.rb:64:in `initialize'
  authlogic (2.1.6) lib/authlogic/session/scopes.rb:79:in `initialize'
  authlogic (2.1.6) lib/authlogic/session/persistence.rb:37:in `new'
  authlogic (2.1.6) lib/authlogic/session/persistence.rb:37:in `find'
  app/controllers/application_controller.rb:45:in `current_user_session'
  app/controllers/application_controller.rb:50:in `current_user'
  app/controllers/application_controller.rb:40:in `set_current_user'
  haml (3.0.18) rails/./lib/sass/plugin/rack.rb:41:in `call'
  /usr/lib/ruby/1.8/webrick/httpserver.rb:104:in `service'
  /usr/lib/ruby/1.8/webrick/httpserver.rb:65:in `run'
  /usr/lib/ruby/1.8/webrick/server.rb:173:in `start_thread'
  /usr/lib/ruby/1.8/webrick/server.rb:162:in `start'
  /usr/lib/ruby/1.8/webrick/server.rb:162:in `start_thread'
  /usr/lib/ruby/1.8/webrick/server.rb:95:in `start'
  /usr/lib/ruby/1.8/webrick/server.rb:92:in `each'
  /usr/lib/ruby/1.8/webrick/server.rb:92:in `start'
  /usr/lib/ruby/1.8/webrick/server.rb:23:in `start'
  /usr/lib/ruby/1.8/webrick/server.rb:82:in `start'

Rendered rescues/_trace (72.7ms)
Rendered rescues/_request_and_response (0.4ms)
Rendering rescues/layout (internal_server_error)


Processing UserSessionsController#new (for 127.0.0.1 at 2010-09-23 05:42:34) [GET]
  Parameters: {"action"=>"new", "controller"=>"user_sessions"}

ArgumentError (syntax error on line 1, col 6: `	test: test'):
  /usr/lib/ruby/1.8/yaml.rb:133:in `load'
  /usr/lib/ruby/1.8/yaml.rb:133:in `load'
  /usr/lib/ruby/gems/1.8/gems/i18n-0.4.1/lib/i18n/backend/base.rb:227:in `load_yml'
  /usr/lib/ruby/gems/1.8/gems/i18n-0.4.1/lib/i18n/backend/base.rb:214:in `send'
  /usr/lib/ruby/gems/1.8/gems/i18n-0.4.1/lib/i18n/backend/base.rb:214:in `load_file'
  /usr/lib/ruby/gems/1.8/gems/i18n-0.4.1/lib/i18n/backend/base.rb:21:in `load_translations'
  /usr/lib/ruby/gems/1.8/gems/i18n-0.4.1/lib/i18n/backend/base.rb:21:in `each'
  /usr/lib/ruby/gems/1.8/gems/i18n-0.4.1/lib/i18n/backend/base.rb:21:in `load_translations'
  /usr/lib/ruby/gems/1.8/gems/i18n-0.4.1/lib/i18n/backend/simple.rb:57:in `init_translations'
  /usr/lib/ruby/gems/1.8/gems/i18n-0.4.1/lib/i18n/backend/simple.rb:71:in `lookup'
  /usr/lib/ruby/gems/1.8/gems/i18n-0.4.1/lib/i18n/backend/base.rb:34:in `translate'
  /usr/lib/ruby/gems/1.8/gems/i18n-0.4.1/lib/i18n.rb:152:in `translate'
  authlogic (2.1.6) lib/authlogic/i18n/translator.rb:8:in `translate'
  authlogic (2.1.6) lib/authlogic/i18n.rb:78:in `t'
  authlogic (2.1.6) lib/authlogic/acts_as_authentic/email.rb:68:in `validates_format_of_email_field_options'
  authlogic (2.1.6) lib/authlogic/acts_as_authentic/email.rb:102:in `included'
  authlogic (2.1.6) lib/authlogic/acts_as_authentic/email.rb:99:in `class_eval'
  authlogic (2.1.6) lib/authlogic/acts_as_authentic/email.rb:99:in `included'
  authlogic (2.1.6) lib/authlogic/acts_as_authentic/base.rb:34:in `include'
  authlogic (2.1.6) lib/authlogic/acts_as_authentic/base.rb:34:in `acts_as_authentic'
  authlogic (2.1.6) lib/authlogic/acts_as_authentic/base.rb:34:in `each'
  authlogic (2.1.6) lib/authlogic/acts_as_authentic/base.rb:34:in `acts_as_authentic'
  app/models/user.rb:7
  authlogic (2.1.6) lib/authlogic/session/klass.rb:33:in `klass'
  authlogic (2.1.6) lib/authlogic/session/password.rb:90:in `login_field'
  authlogic (2.1.6) lib/authlogic/session/password.rb:213:in `login_field'
  authlogic (2.1.6) lib/authlogic/session/password.rb:118:in `initialize'
  authlogic (2.1.6) lib/authlogic/session/activation.rb:48:in `initialize'
  authlogic (2.1.6) lib/authlogic/session/klass.rb:64:in `initialize'
  authlogic (2.1.6) lib/authlogic/session/scopes.rb:79:in `initialize'
  authlogic (2.1.6) lib/authlogic/session/persistence.rb:37:in `new'
  authlogic (2.1.6) lib/authlogic/session/persistence.rb:37:in `find'
  app/controllers/application_controller.rb:45:in `current_user_session'
  app/controllers/application_controller.rb:50:in `current_user'
  app/controllers/application_controller.rb:40:in `set_current_user'
  haml (3.0.18) rails/./lib/sass/plugin/rack.rb:41:in `call'
  /usr/lib/ruby/1.8/webrick/httpserver.rb:104:in `service'
  /usr/lib/ruby/1.8/webrick/httpserver.rb:65:in `run'
  /usr/lib/ruby/1.8/webrick/server.rb:173:in `start_thread'
  /usr/lib/ruby/1.8/webrick/server.rb:162:in `start'
  /usr/lib/ruby/1.8/webrick/server.rb:162:in `start_thread'
  /usr/lib/ruby/1.8/webrick/server.rb:95:in `start'
  /usr/lib/ruby/1.8/webrick/server.rb:92:in `each'
  /usr/lib/ruby/1.8/webrick/server.rb:92:in `start'
  /usr/lib/ruby/1.8/webrick/server.rb:23:in `start'
  /usr/lib/ruby/1.8/webrick/server.rb:82:in `start'

Rendered rescues/_trace (169.0ms)
Rendered rescues/_request_and_response (0.4ms)
Rendering rescues/layout (internal_server_error)


Processing UserSessionsController#new (for 127.0.0.1 at 2010-09-23 05:42:34) [GET]
  Parameters: {"action"=>"new", "controller"=>"user_sessions"}

ArgumentError (syntax error on line 1, col 6: `	test: test'):
  /usr/lib/ruby/1.8/yaml.rb:133:in `load'
  /usr/lib/ruby/1.8/yaml.rb:133:in `load'
  /usr/lib/ruby/gems/1.8/gems/i18n-0.4.1/lib/i18n/backend/base.rb:227:in `load_yml'
  /usr/lib/ruby/gems/1.8/gems/i18n-0.4.1/lib/i18n/backend/base.rb:214:in `send'
  /usr/lib/ruby/gems/1.8/gems/i18n-0.4.1/lib/i18n/backend/base.rb:214:in `load_file'
  /usr/lib/ruby/gems/1.8/gems/i18n-0.4.1/lib/i18n/backend/base.rb:21:in `load_translations'
  /usr/lib/ruby/gems/1.8/gems/i18n-0.4.1/lib/i18n/backend/base.rb:21:in `each'
  /usr/lib/ruby/gems/1.8/gems/i18n-0.4.1/lib/i18n/backend/base.rb:21:in `load_translations'
  /usr/lib/ruby/gems/1.8/gems/i18n-0.4.1/lib/i18n/backend/simple.rb:57:in `init_translations'
  /usr/lib/ruby/gems/1.8/gems/i18n-0.4.1/lib/i18n/backend/simple.rb:71:in `lookup'
  /usr/lib/ruby/gems/1.8/gems/i18n-0.4.1/lib/i18n/backend/base.rb:34:in `translate'
  /usr/lib/ruby/gems/1.8/gems/i18n-0.4.1/lib/i18n.rb:152:in `translate'
  authlogic (2.1.6) lib/authlogic/i18n/translator.rb:8:in `translate'
  authlogic (2.1.6) lib/authlogic/i18n.rb:78:in `t'
  authlogic (2.1.6) lib/authlogic/acts_as_authentic/email.rb:68:in `validates_format_of_email_field_options'
  authlogic (2.1.6) lib/authlogic/acts_as_authentic/email.rb:102:in `included'
  authlogic (2.1.6) lib/authlogic/acts_as_authentic/email.rb:99:in `class_eval'
  authlogic (2.1.6) lib/authlogic/acts_as_authentic/email.rb:99:in `included'
  authlogic (2.1.6) lib/authlogic/acts_as_authentic/base.rb:34:in `include'
  authlogic (2.1.6) lib/authlogic/acts_as_authentic/base.rb:34:in `acts_as_authentic'
  authlogic (2.1.6) lib/authlogic/acts_as_authentic/base.rb:34:in `each'
  authlogic (2.1.6) lib/authlogic/acts_as_authentic/base.rb:34:in `acts_as_authentic'
  app/models/user.rb:7
  authlogic (2.1.6) lib/authlogic/session/klass.rb:33:in `klass'
  authlogic (2.1.6) lib/authlogic/session/password.rb:90:in `login_field'
  authlogic (2.1.6) lib/authlogic/session/password.rb:213:in `login_field'
  authlogic (2.1.6) lib/authlogic/session/password.rb:118:in `initialize'
  authlogic (2.1.6) lib/authlogic/session/activation.rb:48:in `initialize'
  authlogic (2.1.6) lib/authlogic/session/klass.rb:64:in `initialize'
  authlogic (2.1.6) lib/authlogic/session/scopes.rb:79:in `initialize'
  authlogic (2.1.6) lib/authlogic/session/persistence.rb:37:in `new'
  authlogic (2.1.6) lib/authlogic/session/persistence.rb:37:in `find'
  app/controllers/application_controller.rb:45:in `current_user_session'
  app/controllers/application_controller.rb:50:in `current_user'
  app/controllers/application_controller.rb:40:in `set_current_user'
  haml (3.0.18) rails/./lib/sass/plugin/rack.rb:41:in `call'
  /usr/lib/ruby/1.8/webrick/httpserver.rb:104:in `service'
  /usr/lib/ruby/1.8/webrick/httpserver.rb:65:in `run'
  /usr/lib/ruby/1.8/webrick/server.rb:173:in `start_thread'
  /usr/lib/ruby/1.8/webrick/server.rb:162:in `start'
  /usr/lib/ruby/1.8/webrick/server.rb:162:in `start_thread'
  /usr/lib/ruby/1.8/webrick/server.rb:95:in `start'
  /usr/lib/ruby/1.8/webrick/server.rb:92:in `each'
  /usr/lib/ruby/1.8/webrick/server.rb:92:in `start'
  /usr/lib/ruby/1.8/webrick/server.rb:23:in `start'
  /usr/lib/ruby/1.8/webrick/server.rb:82:in `start'

Rendered rescues/_trace (50.8ms)
Rendered rescues/_request_and_response (0.3ms)
Rendering rescues/layout (internal_server_error)


Processing UserSessionsController#new (for 127.0.0.1 at 2010-09-23 05:42:34) [GET]
  Parameters: {"action"=>"new", "controller"=>"user_sessions"}

ArgumentError (syntax error on line 1, col 6: `	test: test'):
  /usr/lib/ruby/1.8/yaml.rb:133:in `load'
  /usr/lib/ruby/1.8/yaml.rb:133:in `load'
  /usr/lib/ruby/gems/1.8/gems/i18n-0.4.1/lib/i18n/backend/base.rb:227:in `load_yml'
  /usr/lib/ruby/gems/1.8/gems/i18n-0.4.1/lib/i18n/backend/base.rb:214:in `send'
  /usr/lib/ruby/gems/1.8/gems/i18n-0.4.1/lib/i18n/backend/base.rb:214:in `load_file'
  /usr/lib/ruby/gems/1.8/gems/i18n-0.4.1/lib/i18n/backend/base.rb:21:in `load_translations'
  /usr/lib/ruby/gems/1.8/gems/i18n-0.4.1/lib/i18n/backend/base.rb:21:in `each'
  /usr/lib/ruby/gems/1.8/gems/i18n-0.4.1/lib/i18n/backend/base.rb:21:in `load_translations'
  /usr/lib/ruby/gems/1.8/gems/i18n-0.4.1/lib/i18n/backend/simple.rb:57:in `init_translations'
  /usr/lib/ruby/gems/1.8/gems/i18n-0.4.1/lib/i18n/backend/simple.rb:71:in `lookup'
  /usr/lib/ruby/gems/1.8/gems/i18n-0.4.1/lib/i18n/backend/base.rb:34:in `translate'
  /usr/lib/ruby/gems/1.8/gems/i18n-0.4.1/lib/i18n.rb:152:in `translate'
  authlogic (2.1.6) lib/authlogic/i18n/translator.rb:8:in `translate'
  authlogic (2.1.6) lib/authlogic/i18n.rb:78:in `t'
  authlogic (2.1.6) lib/authlogic/acts_as_authentic/email.rb:68:in `validates_format_of_email_field_options'
  authlogic (2.1.6) lib/authlogic/acts_as_authentic/email.rb:102:in `included'
  authlogic (2.1.6) lib/authlogic/acts_as_authentic/email.rb:99:in `class_eval'
  authlogic (2.1.6) lib/authlogic/acts_as_authentic/email.rb:99:in `included'
  authlogic (2.1.6) lib/authlogic/acts_as_authentic/base.rb:34:in `include'
  authlogic (2.1.6) lib/authlogic/acts_as_authentic/base.rb:34:in `acts_as_authentic'
  authlogic (2.1.6) lib/authlogic/acts_as_authentic/base.rb:34:in `each'
  authlogic (2.1.6) lib/authlogic/acts_as_authentic/base.rb:34:in `acts_as_authentic'
  app/models/user.rb:7
  authlogic (2.1.6) lib/authlogic/session/klass.rb:33:in `klass'
  authlogic (2.1.6) lib/authlogic/session/password.rb:90:in `login_field'
  authlogic (2.1.6) lib/authlogic/session/password.rb:213:in `login_field'
  authlogic (2.1.6) lib/authlogic/session/password.rb:118:in `initialize'
  authlogic (2.1.6) lib/authlogic/session/activation.rb:48:in `initialize'
  authlogic (2.1.6) lib/authlogic/session/klass.rb:64:in `initialize'
  authlogic (2.1.6) lib/authlogic/session/scopes.rb:79:in `initialize'
  authlogic (2.1.6) lib/authlogic/session/persistence.rb:37:in `new'
  authlogic (2.1.6) lib/authlogic/session/persistence.rb:37:in `find'
  app/controllers/application_controller.rb:45:in `current_user_session'
  app/controllers/application_controller.rb:50:in `current_user'
  app/controllers/application_controller.rb:40:in `set_current_user'
  haml (3.0.18) rails/./lib/sass/plugin/rack.rb:41:in `call'
  /usr/lib/ruby/1.8/webrick/httpserver.rb:104:in `service'
  /usr/lib/ruby/1.8/webrick/httpserver.rb:65:in `run'
  /usr/lib/ruby/1.8/webrick/server.rb:173:in `start_thread'
  /usr/lib/ruby/1.8/webrick/server.rb:162:in `start'
  /usr/lib/ruby/1.8/webrick/server.rb:162:in `start_thread'
  /usr/lib/ruby/1.8/webrick/server.rb:95:in `start'
  /usr/lib/ruby/1.8/webrick/server.rb:92:in `each'
  /usr/lib/ruby/1.8/webrick/server.rb:92:in `start'
  /usr/lib/ruby/1.8/webrick/server.rb:23:in `start'
  /usr/lib/ruby/1.8/webrick/server.rb:82:in `start'

Rendered rescues/_trace (127.2ms)
Rendered rescues/_request_and_response (0.4ms)
Rendering rescues/layout (internal_server_error)


Processing UserSessionsController#new (for 127.0.0.1 at 2010-09-23 05:42:35) [GET]
  Parameters: {"action"=>"new", "controller"=>"user_sessions"}

ArgumentError (syntax error on line 1, col 6: `	test: test'):
  /usr/lib/ruby/1.8/yaml.rb:133:in `load'
  /usr/lib/ruby/1.8/yaml.rb:133:in `load'
  /usr/lib/ruby/gems/1.8/gems/i18n-0.4.1/lib/i18n/backend/base.rb:227:in `load_yml'
  /usr/lib/ruby/gems/1.8/gems/i18n-0.4.1/lib/i18n/backend/base.rb:214:in `send'
  /usr/lib/ruby/gems/1.8/gems/i18n-0.4.1/lib/i18n/backend/base.rb:214:in `load_file'
  /usr/lib/ruby/gems/1.8/gems/i18n-0.4.1/lib/i18n/backend/base.rb:21:in `load_translations'
  /usr/lib/ruby/gems/1.8/gems/i18n-0.4.1/lib/i18n/backend/base.rb:21:in `each'
  /usr/lib/ruby/gems/1.8/gems/i18n-0.4.1/lib/i18n/backend/base.rb:21:in `load_translations'
  /usr/lib/ruby/gems/1.8/gems/i18n-0.4.1/lib/i18n/backend/simple.rb:57:in `init_translations'
  /usr/lib/ruby/gems/1.8/gems/i18n-0.4.1/lib/i18n/backend/simple.rb:71:in `lookup'
  /usr/lib/ruby/gems/1.8/gems/i18n-0.4.1/lib/i18n/backend/base.rb:34:in `translate'
  /usr/lib/ruby/gems/1.8/gems/i18n-0.4.1/lib/i18n.rb:152:in `translate'
  authlogic (2.1.6) lib/authlogic/i18n/translator.rb:8:in `translate'
  authlogic (2.1.6) lib/authlogic/i18n.rb:78:in `t'
  authlogic (2.1.6) lib/authlogic/acts_as_authentic/email.rb:68:in `validates_format_of_email_field_options'
  authlogic (2.1.6) lib/authlogic/acts_as_authentic/email.rb:102:in `included'
  authlogic (2.1.6) lib/authlogic/acts_as_authentic/email.rb:99:in `class_eval'
  authlogic (2.1.6) lib/authlogic/acts_as_authentic/email.rb:99:in `included'
  authlogic (2.1.6) lib/authlogic/acts_as_authentic/base.rb:34:in `include'
  authlogic (2.1.6) lib/authlogic/acts_as_authentic/base.rb:34:in `acts_as_authentic'
  authlogic (2.1.6) lib/authlogic/acts_as_authentic/base.rb:34:in `each'
  authlogic (2.1.6) lib/authlogic/acts_as_authentic/base.rb:34:in `acts_as_authentic'
  app/models/user.rb:7
  authlogic (2.1.6) lib/authlogic/session/klass.rb:33:in `klass'
  authlogic (2.1.6) lib/authlogic/session/password.rb:90:in `login_field'
  authlogic (2.1.6) lib/authlogic/session/password.rb:213:in `login_field'
  authlogic (2.1.6) lib/authlogic/session/password.rb:118:in `initialize'
  authlogic (2.1.6) lib/authlogic/session/activation.rb:48:in `initialize'
  authlogic (2.1.6) lib/authlogic/session/klass.rb:64:in `initialize'
  authlogic (2.1.6) lib/authlogic/session/scopes.rb:79:in `initialize'
  authlogic (2.1.6) lib/authlogic/session/persistence.rb:37:in `new'
  authlogic (2.1.6) lib/authlogic/session/persistence.rb:37:in `find'
  app/controllers/application_controller.rb:45:in `current_user_session'
  app/controllers/application_controller.rb:50:in `current_user'
  app/controllers/application_controller.rb:40:in `set_current_user'
  haml (3.0.18) rails/./lib/sass/plugin/rack.rb:41:in `call'
  /usr/lib/ruby/1.8/webrick/httpserver.rb:104:in `service'
  /usr/lib/ruby/1.8/webrick/httpserver.rb:65:in `run'
  /usr/lib/ruby/1.8/webrick/server.rb:173:in `start_thread'
  /usr/lib/ruby/1.8/webrick/server.rb:162:in `start'
  /usr/lib/ruby/1.8/webrick/server.rb:162:in `start_thread'
  /usr/lib/ruby/1.8/webrick/server.rb:95:in `start'
  /usr/lib/ruby/1.8/webrick/server.rb:92:in `each'
  /usr/lib/ruby/1.8/webrick/server.rb:92:in `start'
  /usr/lib/ruby/1.8/webrick/server.rb:23:in `start'
  /usr/lib/ruby/1.8/webrick/server.rb:82:in `start'

Rendered rescues/_trace (51.3ms)
Rendered rescues/_request_and_response (0.4ms)
Rendering rescues/layout (internal_server_error)


Processing UserSessionsController#new (for 127.0.0.1 at 2010-09-23 05:42:35) [GET]
  Parameters: {"action"=>"new", "controller"=>"user_sessions"}

ArgumentError (syntax error on line 1, col 6: `	test: test'):
  /usr/lib/ruby/1.8/yaml.rb:133:in `load'
  /usr/lib/ruby/1.8/yaml.rb:133:in `load'
  /usr/lib/ruby/gems/1.8/gems/i18n-0.4.1/lib/i18n/backend/base.rb:227:in `load_yml'
  /usr/lib/ruby/gems/1.8/gems/i18n-0.4.1/lib/i18n/backend/base.rb:214:in `send'
  /usr/lib/ruby/gems/1.8/gems/i18n-0.4.1/lib/i18n/backend/base.rb:214:in `load_file'
  /usr/lib/ruby/gems/1.8/gems/i18n-0.4.1/lib/i18n/backend/base.rb:21:in `load_translations'
  /usr/lib/ruby/gems/1.8/gems/i18n-0.4.1/lib/i18n/backend/base.rb:21:in `each'
  /usr/lib/ruby/gems/1.8/gems/i18n-0.4.1/lib/i18n/backend/base.rb:21:in `load_translations'
  /usr/lib/ruby/gems/1.8/gems/i18n-0.4.1/lib/i18n/backend/simple.rb:57:in `init_translations'
  /usr/lib/ruby/gems/1.8/gems/i18n-0.4.1/lib/i18n/backend/simple.rb:71:in `lookup'
  /usr/lib/ruby/gems/1.8/gems/i18n-0.4.1/lib/i18n/backend/base.rb:34:in `translate'
  /usr/lib/ruby/gems/1.8/gems/i18n-0.4.1/lib/i18n.rb:152:in `translate'
  authlogic (2.1.6) lib/authlogic/i18n/translator.rb:8:in `translate'
  authlogic (2.1.6) lib/authlogic/i18n.rb:78:in `t'
  authlogic (2.1.6) lib/authlogic/acts_as_authentic/email.rb:68:in `validates_format_of_email_field_options'
  authlogic (2.1.6) lib/authlogic/acts_as_authentic/email.rb:102:in `included'
  authlogic (2.1.6) lib/authlogic/acts_as_authentic/email.rb:99:in `class_eval'
  authlogic (2.1.6) lib/authlogic/acts_as_authentic/email.rb:99:in `included'
  authlogic (2.1.6) lib/authlogic/acts_as_authentic/base.rb:34:in `include'
  authlogic (2.1.6) lib/authlogic/acts_as_authentic/base.rb:34:in `acts_as_authentic'
  authlogic (2.1.6) lib/authlogic/acts_as_authentic/base.rb:34:in `each'
  authlogic (2.1.6) lib/authlogic/acts_as_authentic/base.rb:34:in `acts_as_authentic'
  app/models/user.rb:7
  authlogic (2.1.6) lib/authlogic/session/klass.rb:33:in `klass'
  authlogic (2.1.6) lib/authlogic/session/password.rb:90:in `login_field'
  authlogic (2.1.6) lib/authlogic/session/password.rb:213:in `login_field'
  authlogic (2.1.6) lib/authlogic/session/password.rb:118:in `initialize'
  authlogic (2.1.6) lib/authlogic/session/activation.rb:48:in `initialize'
  authlogic (2.1.6) lib/authlogic/session/klass.rb:64:in `initialize'
  authlogic (2.1.6) lib/authlogic/session/scopes.rb:79:in `initialize'
  authlogic (2.1.6) lib/authlogic/session/persistence.rb:37:in `new'
  authlogic (2.1.6) lib/authlogic/session/persistence.rb:37:in `find'
  app/controllers/application_controller.rb:45:in `current_user_session'
  app/controllers/application_controller.rb:50:in `current_user'
  app/controllers/application_controller.rb:40:in `set_current_user'
  haml (3.0.18) rails/./lib/sass/plugin/rack.rb:41:in `call'
  /usr/lib/ruby/1.8/webrick/httpserver.rb:104:in `service'
  /usr/lib/ruby/1.8/webrick/httpserver.rb:65:in `run'
  /usr/lib/ruby/1.8/webrick/server.rb:173:in `start_thread'
  /usr/lib/ruby/1.8/webrick/server.rb:162:in `start'
  /usr/lib/ruby/1.8/webrick/server.rb:162:in `start_thread'
  /usr/lib/ruby/1.8/webrick/server.rb:95:in `start'
  /usr/lib/ruby/1.8/webrick/server.rb:92:in `each'
  /usr/lib/ruby/1.8/webrick/server.rb:92:in `start'
  /usr/lib/ruby/1.8/webrick/server.rb:23:in `start'
  /usr/lib/ruby/1.8/webrick/server.rb:82:in `start'

Rendered rescues/_trace (52.8ms)
Rendered rescues/_request_and_response (0.3ms)
Rendering rescues/layout (internal_server_error)


Processing UserSessionsController#new (for 127.0.0.1 at 2010-09-23 05:42:35) [GET]
  Parameters: {"action"=>"new", "controller"=>"user_sessions"}

ArgumentError (syntax error on line 1, col 6: `	test: test'):
  /usr/lib/ruby/1.8/yaml.rb:133:in `load'
  /usr/lib/ruby/1.8/yaml.rb:133:in `load'
  /usr/lib/ruby/gems/1.8/gems/i18n-0.4.1/lib/i18n/backend/base.rb:227:in `load_yml'
  /usr/lib/ruby/gems/1.8/gems/i18n-0.4.1/lib/i18n/backend/base.rb:214:in `send'
  /usr/lib/ruby/gems/1.8/gems/i18n-0.4.1/lib/i18n/backend/base.rb:214:in `load_file'
  /usr/lib/ruby/gems/1.8/gems/i18n-0.4.1/lib/i18n/backend/base.rb:21:in `load_translations'
  /usr/lib/ruby/gems/1.8/gems/i18n-0.4.1/lib/i18n/backend/base.rb:21:in `each'
  /usr/lib/ruby/gems/1.8/gems/i18n-0.4.1/lib/i18n/backend/base.rb:21:in `load_translations'
  /usr/lib/ruby/gems/1.8/gems/i18n-0.4.1/lib/i18n/backend/simple.rb:57:in `init_translations'
  /usr/lib/ruby/gems/1.8/gems/i18n-0.4.1/lib/i18n/backend/simple.rb:71:in `lookup'
  /usr/lib/ruby/gems/1.8/gems/i18n-0.4.1/lib/i18n/backend/base.rb:34:in `translate'
  /usr/lib/ruby/gems/1.8/gems/i18n-0.4.1/lib/i18n.rb:152:in `translate'
  authlogic (2.1.6) lib/authlogic/i18n/translator.rb:8:in `translate'
  authlogic (2.1.6) lib/authlogic/i18n.rb:78:in `t'
  authlogic (2.1.6) lib/authlogic/acts_as_authentic/email.rb:68:in `validates_format_of_email_field_options'
  authlogic (2.1.6) lib/authlogic/acts_as_authentic/email.rb:102:in `included'
  authlogic (2.1.6) lib/authlogic/acts_as_authentic/email.rb:99:in `class_eval'
  authlogic (2.1.6) lib/authlogic/acts_as_authentic/email.rb:99:in `included'
  authlogic (2.1.6) lib/authlogic/acts_as_authentic/base.rb:34:in `include'
  authlogic (2.1.6) lib/authlogic/acts_as_authentic/base.rb:34:in `acts_as_authentic'
  authlogic (2.1.6) lib/authlogic/acts_as_authentic/base.rb:34:in `each'
  authlogic (2.1.6) lib/authlogic/acts_as_authentic/base.rb:34:in `acts_as_authentic'
  app/models/user.rb:7
  authlogic (2.1.6) lib/authlogic/session/klass.rb:33:in `klass'
  authlogic (2.1.6) lib/authlogic/session/password.rb:90:in `login_field'
  authlogic (2.1.6) lib/authlogic/session/password.rb:213:in `login_field'
  authlogic (2.1.6) lib/authlogic/session/password.rb:118:in `initialize'
  authlogic (2.1.6) lib/authlogic/session/activation.rb:48:in `initialize'
  authlogic (2.1.6) lib/authlogic/session/klass.rb:64:in `initialize'
  authlogic (2.1.6) lib/authlogic/session/scopes.rb:79:in `initialize'
  authlogic (2.1.6) lib/authlogic/session/persistence.rb:37:in `new'
  authlogic (2.1.6) lib/authlogic/session/persistence.rb:37:in `find'
  app/controllers/application_controller.rb:45:in `current_user_session'
  app/controllers/application_controller.rb:50:in `current_user'
  app/controllers/application_controller.rb:40:in `set_current_user'
  haml (3.0.18) rails/./lib/sass/plugin/rack.rb:41:in `call'
  /usr/lib/ruby/1.8/webrick/httpserver.rb:104:in `service'
  /usr/lib/ruby/1.8/webrick/httpserver.rb:65:in `run'
  /usr/lib/ruby/1.8/webrick/server.rb:173:in `start_thread'
  /usr/lib/ruby/1.8/webrick/server.rb:162:in `start'
  /usr/lib/ruby/1.8/webrick/server.rb:162:in `start_thread'
  /usr/lib/ruby/1.8/webrick/server.rb:95:in `start'
  /usr/lib/ruby/1.8/webrick/server.rb:92:in `each'
  /usr/lib/ruby/1.8/webrick/server.rb:92:in `start'
  /usr/lib/ruby/1.8/webrick/server.rb:23:in `start'
  /usr/lib/ruby/1.8/webrick/server.rb:82:in `start'

Rendered rescues/_trace (125.1ms)
Rendered rescues/_request_and_response (0.3ms)
Rendering rescues/layout (internal_server_error)


Processing UserSessionsController#new (for 127.0.0.1 at 2010-09-23 05:42:51) [GET]
  Parameters: {"action"=>"new", "controller"=>"user_sessions"}
  [4;36;1mUser Load (0.2ms)[0m   [0;1mSELECT * FROM "users" WHERE ("users"."id" = '1') ORDER BY id LIMIT 1[0m
Rendering template within layouts/application
Rendering user_sessions/new
Rendered shared/_main_panel (1.6ms)
Completed in 105ms (View: 33, DB: 0) | 200 OK [http://localhost/login.html]


Processing ApplicationController#index (for 127.0.0.1 at 2010-09-23 05:42:51) [GET]

ActionController::RoutingError (No route matches "/stylesheets/main.css" with {:method=>:get}):
  haml (3.0.18) rails/./lib/sass/plugin/rack.rb:41:in `call'
  /usr/lib/ruby/1.8/webrick/httpserver.rb:104:in `service'
  /usr/lib/ruby/1.8/webrick/httpserver.rb:65:in `run'
  /usr/lib/ruby/1.8/webrick/server.rb:173:in `start_thread'
  /usr/lib/ruby/1.8/webrick/server.rb:162:in `start'
  /usr/lib/ruby/1.8/webrick/server.rb:162:in `start_thread'
  /usr/lib/ruby/1.8/webrick/server.rb:95:in `start'
  /usr/lib/ruby/1.8/webrick/server.rb:92:in `each'
  /usr/lib/ruby/1.8/webrick/server.rb:92:in `start'
  /usr/lib/ruby/1.8/webrick/server.rb:23:in `start'
  /usr/lib/ruby/1.8/webrick/server.rb:82:in `start'

Rendering rescues/layout (not_found)


Processing ApplicationController#index (for 127.0.0.1 at 2010-09-23 05:42:51) [GET]

ActionController::RoutingError (No route matches "/stylesheets/test.css" with {:method=>:get}):
  haml (3.0.18) rails/./lib/sass/plugin/rack.rb:41:in `call'
  /usr/lib/ruby/1.8/webrick/httpserver.rb:104:in `service'
  /usr/lib/ruby/1.8/webrick/httpserver.rb:65:in `run'
  /usr/lib/ruby/1.8/webrick/server.rb:173:in `start_thread'
  /usr/lib/ruby/1.8/webrick/server.rb:162:in `start'
  /usr/lib/ruby/1.8/webrick/server.rb:162:in `start_thread'
  /usr/lib/ruby/1.8/webrick/server.rb:95:in `start'
  /usr/lib/ruby/1.8/webrick/server.rb:92:in `each'
  /usr/lib/ruby/1.8/webrick/server.rb:92:in `start'
  /usr/lib/ruby/1.8/webrick/server.rb:23:in `start'
  /usr/lib/ruby/1.8/webrick/server.rb:82:in `start'

Rendering rescues/layout (not_found)


Processing ApplicationController#index (for 127.0.0.1 at 2010-09-23 05:42:51) [GET]

ActionController::RoutingError (No route matches "/stylesheets/formtastic.css" with {:method=>:get}):
  haml (3.0.18) rails/./lib/sass/plugin/rack.rb:41:in `call'
  /usr/lib/ruby/1.8/webrick/httpserver.rb:104:in `service'
  /usr/lib/ruby/1.8/webrick/httpserver.rb:65:in `run'
  /usr/lib/ruby/1.8/webrick/server.rb:173:in `start_thread'
  /usr/lib/ruby/1.8/webrick/server.rb:162:in `start'
  /usr/lib/ruby/1.8/webrick/server.rb:162:in `start_thread'
  /usr/lib/ruby/1.8/webrick/server.rb:95:in `start'
  /usr/lib/ruby/1.8/webrick/server.rb:92:in `each'
  /usr/lib/ruby/1.8/webrick/server.rb:92:in `start'
  /usr/lib/ruby/1.8/webrick/server.rb:23:in `start'
  /usr/lib/ruby/1.8/webrick/server.rb:82:in `start'

Rendering rescues/layout (not_found)


Processing ApplicationController#index (for 127.0.0.1 at 2010-09-23 05:42:51) [GET]

ActionController::RoutingError (No route matches "/stylesheets/formtastic_changes.css" with {:method=>:get}):
  haml (3.0.18) rails/./lib/sass/plugin/rack.rb:41:in `call'
  /usr/lib/ruby/1.8/webrick/httpserver.rb:104:in `service'
  /usr/lib/ruby/1.8/webrick/httpserver.rb:65:in `run'
  /usr/lib/ruby/1.8/webrick/server.rb:173:in `start_thread'
  /usr/lib/ruby/1.8/webrick/server.rb:162:in `start'
  /usr/lib/ruby/1.8/webrick/server.rb:162:in `start_thread'
  /usr/lib/ruby/1.8/webrick/server.rb:95:in `start'
  /usr/lib/ruby/1.8/webrick/server.rb:92:in `each'
  /usr/lib/ruby/1.8/webrick/server.rb:92:in `start'
  /usr/lib/ruby/1.8/webrick/server.rb:23:in `start'
  /usr/lib/ruby/1.8/webrick/server.rb:82:in `start'

Rendering rescues/layout (not_found)


Processing ApplicationController#index (for 127.0.0.1 at 2010-09-23 05:42:51) [GET]

ActionController::RoutingError (No route matches "/stylesheets/jquery-ui.css" with {:method=>:get}):
  haml (3.0.18) rails/./lib/sass/plugin/rack.rb:41:in `call'
  /usr/lib/ruby/1.8/webrick/httpserver.rb:104:in `service'
  /usr/lib/ruby/1.8/webrick/httpserver.rb:65:in `run'
  /usr/lib/ruby/1.8/webrick/server.rb:173:in `start_thread'
  /usr/lib/ruby/1.8/webrick/server.rb:162:in `start'
  /usr/lib/ruby/1.8/webrick/server.rb:162:in `start_thread'
  /usr/lib/ruby/1.8/webrick/server.rb:95:in `start'
  /usr/lib/ruby/1.8/webrick/server.rb:92:in `each'
  /usr/lib/ruby/1.8/webrick/server.rb:92:in `start'
  /usr/lib/ruby/1.8/webrick/server.rb:23:in `start'
  /usr/lib/ruby/1.8/webrick/server.rb:82:in `start'

Rendering rescues/layout (not_found)


Processing ApplicationController#index (for 127.0.0.1 at 2010-09-23 05:42:51) [GET]

ActionController::RoutingError (No route matches "/javascripts/zoom/eye.js" with {:method=>:get}):
  haml (3.0.18) rails/./lib/sass/plugin/rack.rb:41:in `call'
  /usr/lib/ruby/1.8/webrick/httpserver.rb:104:in `service'
  /usr/lib/ruby/1.8/webrick/httpserver.rb:65:in `run'
  /usr/lib/ruby/1.8/webrick/server.rb:173:in `start_thread'
  /usr/lib/ruby/1.8/webrick/server.rb:162:in `start'
  /usr/lib/ruby/1.8/webrick/server.rb:162:in `start_thread'
  /usr/lib/ruby/1.8/webrick/server.rb:95:in `start'
  /usr/lib/ruby/1.8/webrick/server.rb:92:in `each'
  /usr/lib/ruby/1.8/webrick/server.rb:92:in `start'
  /usr/lib/ruby/1.8/webrick/server.rb:23:in `start'
  /usr/lib/ruby/1.8/webrick/server.rb:82:in `start'

Rendering rescues/layout (not_found)


Processing ApplicationController#index (for 127.0.0.1 at 2010-09-23 05:42:51) [GET]

ActionController::RoutingError (No route matches "/javascripts/zoom/layout.js" with {:method=>:get}):
  haml (3.0.18) rails/./lib/sass/plugin/rack.rb:41:in `call'
  /usr/lib/ruby/1.8/webrick/httpserver.rb:104:in `service'
  /usr/lib/ruby/1.8/webrick/httpserver.rb:65:in `run'
  /usr/lib/ruby/1.8/webrick/server.rb:173:in `start_thread'
  /usr/lib/ruby/1.8/webrick/server.rb:162:in `start'
  /usr/lib/ruby/1.8/webrick/server.rb:162:in `start_thread'
  /usr/lib/ruby/1.8/webrick/server.rb:95:in `start'
  /usr/lib/ruby/1.8/webrick/server.rb:92:in `each'
  /usr/lib/ruby/1.8/webrick/server.rb:92:in `start'
  /usr/lib/ruby/1.8/webrick/server.rb:23:in `start'
  /usr/lib/ruby/1.8/webrick/server.rb:82:in `start'

Rendering rescues/layout (not_found)


Processing ApplicationController#index (for 127.0.0.1 at 2010-09-23 05:42:51) [GET]

ActionController::RoutingError (No route matches "/javascripts/zoom/utils.js" with {:method=>:get}):
  haml (3.0.18) rails/./lib/sass/plugin/rack.rb:41:in `call'
  /usr/lib/ruby/1.8/webrick/httpserver.rb:104:in `service'
  /usr/lib/ruby/1.8/webrick/httpserver.rb:65:in `run'
  /usr/lib/ruby/1.8/webrick/server.rb:173:in `start_thread'
  /usr/lib/ruby/1.8/webrick/server.rb:162:in `start'
  /usr/lib/ruby/1.8/webrick/server.rb:162:in `start_thread'
  /usr/lib/ruby/1.8/webrick/server.rb:95:in `start'
  /usr/lib/ruby/1.8/webrick/server.rb:92:in `each'
  /usr/lib/ruby/1.8/webrick/server.rb:92:in `start'
  /usr/lib/ruby/1.8/webrick/server.rb:23:in `start'
  /usr/lib/ruby/1.8/webrick/server.rb:82:in `start'

Rendering rescues/layout (not_found)


Processing ApplicationController#index (for 127.0.0.1 at 2010-09-23 05:42:51) [GET]

ActionController::RoutingError (No route matches "/javascripts/zoom/zoomimage.js" with {:method=>:get}):
  haml (3.0.18) rails/./lib/sass/plugin/rack.rb:41:in `call'
  /usr/lib/ruby/1.8/webrick/httpserver.rb:104:in `service'
  /usr/lib/ruby/1.8/webrick/httpserver.rb:65:in `run'
  /usr/lib/ruby/1.8/webrick/server.rb:173:in `start_thread'
  /usr/lib/ruby/1.8/webrick/server.rb:162:in `start'
  /usr/lib/ruby/1.8/webrick/server.rb:162:in `start_thread'
  /usr/lib/ruby/1.8/webrick/server.rb:95:in `start'
  /usr/lib/ruby/1.8/webrick/server.rb:92:in `each'
  /usr/lib/ruby/1.8/webrick/server.rb:92:in `start'
  /usr/lib/ruby/1.8/webrick/server.rb:23:in `start'
  /usr/lib/ruby/1.8/webrick/server.rb:82:in `start'

Rendering rescues/layout (not_found)


Processing ApplicationController#index (for 127.0.0.1 at 2010-09-23 05:42:51) [GET]

ActionController::RoutingError (No route matches "/stylesheets/zoom/zoomimage.css" with {:method=>:get}):
  haml (3.0.18) rails/./lib/sass/plugin/rack.rb:41:in `call'
  /usr/lib/ruby/1.8/webrick/httpserver.rb:104:in `service'
  /usr/lib/ruby/1.8/webrick/httpserver.rb:65:in `run'
  /usr/lib/ruby/1.8/webrick/server.rb:173:in `start_thread'
  /usr/lib/ruby/1.8/webrick/server.rb:162:in `start'
  /usr/lib/ruby/1.8/webrick/server.rb:162:in `start_thread'
  /usr/lib/ruby/1.8/webrick/server.rb:95:in `start'
  /usr/lib/ruby/1.8/webrick/server.rb:92:in `each'
  /usr/lib/ruby/1.8/webrick/server.rb:92:in `start'
  /usr/lib/ruby/1.8/webrick/server.rb:23:in `start'
  /usr/lib/ruby/1.8/webrick/server.rb:82:in `start'

Rendering rescues/layout (not_found)


Processing ApplicationController#index (for 127.0.0.1 at 2010-09-23 05:42:52) [GET]

ActionController::RoutingError (No route matches "/javascripts/jquery.js" with {:method=>:get}):
  haml (3.0.18) rails/./lib/sass/plugin/rack.rb:41:in `call'
  /usr/lib/ruby/1.8/webrick/httpserver.rb:104:in `service'
  /usr/lib/ruby/1.8/webrick/httpserver.rb:65:in `run'
  /usr/lib/ruby/1.8/webrick/server.rb:173:in `start_thread'
  /usr/lib/ruby/1.8/webrick/server.rb:162:in `start'
  /usr/lib/ruby/1.8/webrick/server.rb:162:in `start_thread'
  /usr/lib/ruby/1.8/webrick/server.rb:95:in `start'
  /usr/lib/ruby/1.8/webrick/server.rb:92:in `each'
  /usr/lib/ruby/1.8/webrick/server.rb:92:in `start'
  /usr/lib/ruby/1.8/webrick/server.rb:23:in `start'
  /usr/lib/ruby/1.8/webrick/server.rb:82:in `start'

Rendering rescues/layout (not_found)


Processing ApplicationController#index (for 127.0.0.1 at 2010-09-23 05:42:52) [GET]

ActionController::RoutingError (No route matches "/javascripts/jquery-ui.js" with {:method=>:get}):
  haml (3.0.18) rails/./lib/sass/plugin/rack.rb:41:in `call'
  /usr/lib/ruby/1.8/webrick/httpserver.rb:104:in `service'
  /usr/lib/ruby/1.8/webrick/httpserver.rb:65:in `run'
  /usr/lib/ruby/1.8/webrick/server.rb:173:in `start_thread'
  /usr/lib/ruby/1.8/webrick/server.rb:162:in `start'
  /usr/lib/ruby/1.8/webrick/server.rb:162:in `start_thread'
  /usr/lib/ruby/1.8/webrick/server.rb:95:in `start'
  /usr/lib/ruby/1.8/webrick/server.rb:92:in `each'
  /usr/lib/ruby/1.8/webrick/server.rb:92:in `start'
  /usr/lib/ruby/1.8/webrick/server.rb:23:in `start'
  /usr/lib/ruby/1.8/webrick/server.rb:82:in `start'

Rendering rescues/layout (not_found)


Processing ApplicationController#index (for 127.0.0.1 at 2010-09-23 05:42:52) [GET]

ActionController::RoutingError (No route matches "/javascripts/jquery.ui.datepicker-ru" with {:method=>:get}):
  haml (3.0.18) rails/./lib/sass/plugin/rack.rb:41:in `call'
  /usr/lib/ruby/1.8/webrick/httpserver.rb:104:in `service'
  /usr/lib/ruby/1.8/webrick/httpserver.rb:65:in `run'
  /usr/lib/ruby/1.8/webrick/server.rb:173:in `start_thread'
  /usr/lib/ruby/1.8/webrick/server.rb:162:in `start'
  /usr/lib/ruby/1.8/webrick/server.rb:162:in `start_thread'
  /usr/lib/ruby/1.8/webrick/server.rb:95:in `start'
  /usr/lib/ruby/1.8/webrick/server.rb:92:in `each'
  /usr/lib/ruby/1.8/webrick/server.rb:92:in `start'
  /usr/lib/ruby/1.8/webrick/server.rb:23:in `start'
  /usr/lib/ruby/1.8/webrick/server.rb:82:in `start'

Rendering rescues/layout (not_found)


Processing ApplicationController#index (for 127.0.0.1 at 2010-09-23 05:42:52) [GET]

ActionController::RoutingError (No route matches "/images/ajax-loader.gif" with {:method=>:get}):
  haml (3.0.18) rails/./lib/sass/plugin/rack.rb:41:in `call'
  /usr/lib/ruby/1.8/webrick/httpserver.rb:104:in `service'
  /usr/lib/ruby/1.8/webrick/httpserver.rb:65:in `run'
  /usr/lib/ruby/1.8/webrick/server.rb:173:in `start_thread'
  /usr/lib/ruby/1.8/webrick/server.rb:162:in `start'
  /usr/lib/ruby/1.8/webrick/server.rb:162:in `start_thread'
  /usr/lib/ruby/1.8/webrick/server.rb:95:in `start'
  /usr/lib/ruby/1.8/webrick/server.rb:92:in `each'
  /usr/lib/ruby/1.8/webrick/server.rb:92:in `start'
  /usr/lib/ruby/1.8/webrick/server.rb:23:in `start'
  /usr/lib/ruby/1.8/webrick/server.rb:82:in `start'

Rendering rescues/layout (not_found)


Processing PasswordResetsController#new (for 127.0.0.1 at 2010-09-23 05:43:00) [GET]
  Parameters: {"action"=>"new", "controller"=>"password_resets"}
  [4;35;1mUser Load (0.2ms)[0m   [0mSELECT * FROM "users" WHERE ("users"."id" = '1') ORDER BY id LIMIT 1[0m
Rendering template within layouts/application
Rendering password_resets/new
Rendered shared/_main_panel (0.3ms)
Completed in 193ms (View: 11, DB: 0) | 200 OK [http://localhost/password_resets/new]


Processing ApplicationController#index (for 127.0.0.1 at 2010-09-23 05:43:00) [GET]

ActionController::RoutingError (No route matches "/stylesheets/test.css" with {:method=>:get}):
  haml (3.0.18) rails/./lib/sass/plugin/rack.rb:41:in `call'
  /usr/lib/ruby/1.8/webrick/httpserver.rb:104:in `service'
  /usr/lib/ruby/1.8/webrick/httpserver.rb:65:in `run'
  /usr/lib/ruby/1.8/webrick/server.rb:173:in `start_thread'
  /usr/lib/ruby/1.8/webrick/server.rb:162:in `start'
  /usr/lib/ruby/1.8/webrick/server.rb:162:in `start_thread'
  /usr/lib/ruby/1.8/webrick/server.rb:95:in `start'
  /usr/lib/ruby/1.8/webrick/server.rb:92:in `each'
  /usr/lib/ruby/1.8/webrick/server.rb:92:in `start'
  /usr/lib/ruby/1.8/webrick/server.rb:23:in `start'
  /usr/lib/ruby/1.8/webrick/server.rb:82:in `start'

Rendering rescues/layout (not_found)


Processing ApplicationController#index (for 127.0.0.1 at 2010-09-23 05:43:00) [GET]

ActionController::RoutingError (No route matches "/stylesheets/main.css" with {:method=>:get}):
  haml (3.0.18) rails/./lib/sass/plugin/rack.rb:41:in `call'
  /usr/lib/ruby/1.8/webrick/httpserver.rb:104:in `service'
  /usr/lib/ruby/1.8/webrick/httpserver.rb:65:in `run'
  /usr/lib/ruby/1.8/webrick/server.rb:173:in `start_thread'
  /usr/lib/ruby/1.8/webrick/server.rb:162:in `start'
  /usr/lib/ruby/1.8/webrick/server.rb:162:in `start_thread'
  /usr/lib/ruby/1.8/webrick/server.rb:95:in `start'
  /usr/lib/ruby/1.8/webrick/server.rb:92:in `each'
  /usr/lib/ruby/1.8/webrick/server.rb:92:in `start'
  /usr/lib/ruby/1.8/webrick/server.rb:23:in `start'
  /usr/lib/ruby/1.8/webrick/server.rb:82:in `start'

Rendering rescues/layout (not_found)


Processing ApplicationController#index (for 127.0.0.1 at 2010-09-23 05:43:00) [GET]

ActionController::RoutingError (No route matches "/stylesheets/formtastic.css" with {:method=>:get}):
  haml (3.0.18) rails/./lib/sass/plugin/rack.rb:41:in `call'
  /usr/lib/ruby/1.8/webrick/httpserver.rb:104:in `service'
  /usr/lib/ruby/1.8/webrick/httpserver.rb:65:in `run'
  /usr/lib/ruby/1.8/webrick/server.rb:173:in `start_thread'
  /usr/lib/ruby/1.8/webrick/server.rb:162:in `start'
  /usr/lib/ruby/1.8/webrick/server.rb:162:in `start_thread'
  /usr/lib/ruby/1.8/webrick/server.rb:95:in `start'
  /usr/lib/ruby/1.8/webrick/server.rb:92:in `each'
  /usr/lib/ruby/1.8/webrick/server.rb:92:in `start'
  /usr/lib/ruby/1.8/webrick/server.rb:23:in `start'
  /usr/lib/ruby/1.8/webrick/server.rb:82:in `start'

Rendering rescues/layout (not_found)


Processing ApplicationController#index (for 127.0.0.1 at 2010-09-23 05:43:00) [GET]

ActionController::RoutingError (No route matches "/javascripts/zoom/eye.js" with {:method=>:get}):
  haml (3.0.18) rails/./lib/sass/plugin/rack.rb:41:in `call'
  /usr/lib/ruby/1.8/webrick/httpserver.rb:104:in `service'
  /usr/lib/ruby/1.8/webrick/httpserver.rb:65:in `run'
  /usr/lib/ruby/1.8/webrick/server.rb:173:in `start_thread'
  /usr/lib/ruby/1.8/webrick/server.rb:162:in `start'
  /usr/lib/ruby/1.8/webrick/server.rb:162:in `start_thread'
  /usr/lib/ruby/1.8/webrick/server.rb:95:in `start'
  /usr/lib/ruby/1.8/webrick/server.rb:92:in `each'
  /usr/lib/ruby/1.8/webrick/server.rb:92:in `start'
  /usr/lib/ruby/1.8/webrick/server.rb:23:in `start'
  /usr/lib/ruby/1.8/webrick/server.rb:82:in `start'

Rendering rescues/layout (not_found)


Processing ApplicationController#index (for 127.0.0.1 at 2010-09-23 05:43:00) [GET]

ActionController::RoutingError (No route matches "/stylesheets/formtastic_changes.css" with {:method=>:get}):
  haml (3.0.18) rails/./lib/sass/plugin/rack.rb:41:in `call'
  /usr/lib/ruby/1.8/webrick/httpserver.rb:104:in `service'
  /usr/lib/ruby/1.8/webrick/httpserver.rb:65:in `run'
  /usr/lib/ruby/1.8/webrick/server.rb:173:in `start_thread'
  /usr/lib/ruby/1.8/webrick/server.rb:162:in `start'
  /usr/lib/ruby/1.8/webrick/server.rb:162:in `start_thread'
  /usr/lib/ruby/1.8/webrick/server.rb:95:in `start'
  /usr/lib/ruby/1.8/webrick/server.rb:92:in `each'
  /usr/lib/ruby/1.8/webrick/server.rb:92:in `start'
  /usr/lib/ruby/1.8/webrick/server.rb:23:in `start'
  /usr/lib/ruby/1.8/webrick/server.rb:82:in `start'

Rendering rescues/layout (not_found)


Processing ApplicationController#index (for 127.0.0.1 at 2010-09-23 05:43:00) [GET]

ActionController::RoutingError (No route matches "/stylesheets/jquery-ui.css" with {:method=>:get}):
  haml (3.0.18) rails/./lib/sass/plugin/rack.rb:41:in `call'
  /usr/lib/ruby/1.8/webrick/httpserver.rb:104:in `service'
  /usr/lib/ruby/1.8/webrick/httpserver.rb:65:in `run'
  /usr/lib/ruby/1.8/webrick/server.rb:173:in `start_thread'
  /usr/lib/ruby/1.8/webrick/server.rb:162:in `start'
  /usr/lib/ruby/1.8/webrick/server.rb:162:in `start_thread'
  /usr/lib/ruby/1.8/webrick/server.rb:95:in `start'
  /usr/lib/ruby/1.8/webrick/server.rb:92:in `each'
  /usr/lib/ruby/1.8/webrick/server.rb:92:in `start'
  /usr/lib/ruby/1.8/webrick/server.rb:23:in `start'
  /usr/lib/ruby/1.8/webrick/server.rb:82:in `start'

Rendering rescues/layout (not_found)


Processing ApplicationController#index (for 127.0.0.1 at 2010-09-23 05:43:00) [GET]

ActionController::RoutingError (No route matches "/javascripts/zoom/layout.js" with {:method=>:get}):
  haml (3.0.18) rails/./lib/sass/plugin/rack.rb:41:in `call'
  /usr/lib/ruby/1.8/webrick/httpserver.rb:104:in `service'
  /usr/lib/ruby/1.8/webrick/httpserver.rb:65:in `run'
  /usr/lib/ruby/1.8/webrick/server.rb:173:in `start_thread'
  /usr/lib/ruby/1.8/webrick/server.rb:162:in `start'
  /usr/lib/ruby/1.8/webrick/server.rb:162:in `start_thread'
  /usr/lib/ruby/1.8/webrick/server.rb:95:in `start'
  /usr/lib/ruby/1.8/webrick/server.rb:92:in `each'
  /usr/lib/ruby/1.8/webrick/server.rb:92:in `start'
  /usr/lib/ruby/1.8/webrick/server.rb:23:in `start'
  /usr/lib/ruby/1.8/webrick/server.rb:82:in `start'

Rendering rescues/layout (not_found)


Processing ApplicationController#index (for 127.0.0.1 at 2010-09-23 05:43:00) [GET]

ActionController::RoutingError (No route matches "/javascripts/zoom/utils.js" with {:method=>:get}):
  haml (3.0.18) rails/./lib/sass/plugin/rack.rb:41:in `call'
  /usr/lib/ruby/1.8/webrick/httpserver.rb:104:in `service'
  /usr/lib/ruby/1.8/webrick/httpserver.rb:65:in `run'
  /usr/lib/ruby/1.8/webrick/server.rb:173:in `start_thread'
  /usr/lib/ruby/1.8/webrick/server.rb:162:in `start'
  /usr/lib/ruby/1.8/webrick/server.rb:162:in `start_thread'
  /usr/lib/ruby/1.8/webrick/server.rb:95:in `start'
  /usr/lib/ruby/1.8/webrick/server.rb:92:in `each'
  /usr/lib/ruby/1.8/webrick/server.rb:92:in `start'
  /usr/lib/ruby/1.8/webrick/server.rb:23:in `start'
  /usr/lib/ruby/1.8/webrick/server.rb:82:in `start'

Rendering rescues/layout (not_found)


Processing ApplicationController#index (for 127.0.0.1 at 2010-09-23 05:43:00) [GET]

ActionController::RoutingError (No route matches "/javascripts/zoom/zoomimage.js" with {:method=>:get}):
  haml (3.0.18) rails/./lib/sass/plugin/rack.rb:41:in `call'
  /usr/lib/ruby/1.8/webrick/httpserver.rb:104:in `service'
  /usr/lib/ruby/1.8/webrick/httpserver.rb:65:in `run'
  /usr/lib/ruby/1.8/webrick/server.rb:173:in `start_thread'
  /usr/lib/ruby/1.8/webrick/server.rb:162:in `start'
  /usr/lib/ruby/1.8/webrick/server.rb:162:in `start_thread'
  /usr/lib/ruby/1.8/webrick/server.rb:95:in `start'
  /usr/lib/ruby/1.8/webrick/server.rb:92:in `each'
  /usr/lib/ruby/1.8/webrick/server.rb:92:in `start'
  /usr/lib/ruby/1.8/webrick/server.rb:23:in `start'
  /usr/lib/ruby/1.8/webrick/server.rb:82:in `start'

Rendering rescues/layout (not_found)


Processing ApplicationController#index (for 127.0.0.1 at 2010-09-23 05:43:00) [GET]

ActionController::RoutingError (No route matches "/stylesheets/zoom/zoomimage.css" with {:method=>:get}):
  haml (3.0.18) rails/./lib/sass/plugin/rack.rb:41:in `call'
  /usr/lib/ruby/1.8/webrick/httpserver.rb:104:in `service'
  /usr/lib/ruby/1.8/webrick/httpserver.rb:65:in `run'
  /usr/lib/ruby/1.8/webrick/server.rb:173:in `start_thread'
  /usr/lib/ruby/1.8/webrick/server.rb:162:in `start'
  /usr/lib/ruby/1.8/webrick/server.rb:162:in `start_thread'
  /usr/lib/ruby/1.8/webrick/server.rb:95:in `start'
  /usr/lib/ruby/1.8/webrick/server.rb:92:in `each'
  /usr/lib/ruby/1.8/webrick/server.rb:92:in `start'
  /usr/lib/ruby/1.8/webrick/server.rb:23:in `start'
  /usr/lib/ruby/1.8/webrick/server.rb:82:in `start'

Rendering rescues/layout (not_found)


Processing ApplicationController#index (for 127.0.0.1 at 2010-09-23 05:43:00) [GET]

ActionController::RoutingError (No route matches "/javascripts/jquery.js" with {:method=>:get}):
  haml (3.0.18) rails/./lib/sass/plugin/rack.rb:41:in `call'
  /usr/lib/ruby/1.8/webrick/httpserver.rb:104:in `service'
  /usr/lib/ruby/1.8/webrick/httpserver.rb:65:in `run'
  /usr/lib/ruby/1.8/webrick/server.rb:173:in `start_thread'
  /usr/lib/ruby/1.8/webrick/server.rb:162:in `start'
  /usr/lib/ruby/1.8/webrick/server.rb:162:in `start_thread'
  /usr/lib/ruby/1.8/webrick/server.rb:95:in `start'
  /usr/lib/ruby/1.8/webrick/server.rb:92:in `each'
  /usr/lib/ruby/1.8/webrick/server.rb:92:in `start'
  /usr/lib/ruby/1.8/webrick/server.rb:23:in `start'
  /usr/lib/ruby/1.8/webrick/server.rb:82:in `start'

Rendering rescues/layout (not_found)


Processing ApplicationController#index (for 127.0.0.1 at 2010-09-23 05:43:00) [GET]

ActionController::RoutingError (No route matches "/javascripts/jquery-ui.js" with {:method=>:get}):
  haml (3.0.18) rails/./lib/sass/plugin/rack.rb:41:in `call'
  /usr/lib/ruby/1.8/webrick/httpserver.rb:104:in `service'
  /usr/lib/ruby/1.8/webrick/httpserver.rb:65:in `run'
  /usr/lib/ruby/1.8/webrick/server.rb:173:in `start_thread'
  /usr/lib/ruby/1.8/webrick/server.rb:162:in `start'
  /usr/lib/ruby/1.8/webrick/server.rb:162:in `start_thread'
  /usr/lib/ruby/1.8/webrick/server.rb:95:in `start'
  /usr/lib/ruby/1.8/webrick/server.rb:92:in `each'
  /usr/lib/ruby/1.8/webrick/server.rb:92:in `start'
  /usr/lib/ruby/1.8/webrick/server.rb:23:in `start'
  /usr/lib/ruby/1.8/webrick/server.rb:82:in `start'

Rendering rescues/layout (not_found)


Processing ApplicationController#index (for 127.0.0.1 at 2010-09-23 05:43:00) [GET]

ActionController::RoutingError (No route matches "/javascripts/jquery.ui.datepicker-ru" with {:method=>:get}):
  haml (3.0.18) rails/./lib/sass/plugin/rack.rb:41:in `call'
  /usr/lib/ruby/1.8/webrick/httpserver.rb:104:in `service'
  /usr/lib/ruby/1.8/webrick/httpserver.rb:65:in `run'
  /usr/lib/ruby/1.8/webrick/server.rb:173:in `start_thread'
  /usr/lib/ruby/1.8/webrick/server.rb:162:in `start'
  /usr/lib/ruby/1.8/webrick/server.rb:162:in `start_thread'
  /usr/lib/ruby/1.8/webrick/server.rb:95:in `start'
  /usr/lib/ruby/1.8/webrick/server.rb:92:in `each'
  /usr/lib/ruby/1.8/webrick/server.rb:92:in `start'
  /usr/lib/ruby/1.8/webrick/server.rb:23:in `start'
  /usr/lib/ruby/1.8/webrick/server.rb:82:in `start'

Rendering rescues/layout (not_found)


Processing ApplicationController#index (for 127.0.0.1 at 2010-09-23 05:43:00) [GET]

ActionController::RoutingError (No route matches "/images/ajax-loader.gif" with {:method=>:get}):
  haml (3.0.18) rails/./lib/sass/plugin/rack.rb:41:in `call'
  /usr/lib/ruby/1.8/webrick/httpserver.rb:104:in `service'
  /usr/lib/ruby/1.8/webrick/httpserver.rb:65:in `run'
  /usr/lib/ruby/1.8/webrick/server.rb:173:in `start_thread'
  /usr/lib/ruby/1.8/webrick/server.rb:162:in `start'
  /usr/lib/ruby/1.8/webrick/server.rb:162:in `start_thread'
  /usr/lib/ruby/1.8/webrick/server.rb:95:in `start'
  /usr/lib/ruby/1.8/webrick/server.rb:92:in `each'
  /usr/lib/ruby/1.8/webrick/server.rb:92:in `start'
  /usr/lib/ruby/1.8/webrick/server.rb:23:in `start'
  /usr/lib/ruby/1.8/webrick/server.rb:82:in `start'

Rendering rescues/layout (not_found)


Processing UserSessionsController#new (for 127.0.0.1 at 2010-09-23 05:43:35) [GET]
  Parameters: {"action"=>"new", "controller"=>"user_sessions"}
  [4;36;1mUser Load (1.1ms)[0m   [0;1mSELECT * FROM "users" WHERE ("users"."id" = '1') ORDER BY id LIMIT 1[0m
Rendering template within layouts/application
Rendering user_sessions/new
Rendered shared/_main_panel (0.8ms)
Completed in 99ms (View: 19, DB: 1) | 200 OK [http://localhost/login.html]


Processing ApplicationController#index (for 127.0.0.1 at 2010-09-23 05:43:35) [GET]

ActionController::RoutingError (No route matches "/stylesheets/main.css" with {:method=>:get}):
  haml (3.0.18) rails/./lib/sass/plugin/rack.rb:41:in `call'
  /usr/lib/ruby/1.8/webrick/httpserver.rb:104:in `service'
  /usr/lib/ruby/1.8/webrick/httpserver.rb:65:in `run'
  /usr/lib/ruby/1.8/webrick/server.rb:173:in `start_thread'
  /usr/lib/ruby/1.8/webrick/server.rb:162:in `start'
  /usr/lib/ruby/1.8/webrick/server.rb:162:in `start_thread'
  /usr/lib/ruby/1.8/webrick/server.rb:95:in `start'
  /usr/lib/ruby/1.8/webrick/server.rb:92:in `each'
  /usr/lib/ruby/1.8/webrick/server.rb:92:in `start'
  /usr/lib/ruby/1.8/webrick/server.rb:23:in `start'
  /usr/lib/ruby/1.8/webrick/server.rb:82:in `start'

Rendering rescues/layout (not_found)


Processing ApplicationController#index (for 127.0.0.1 at 2010-09-23 05:43:35) [GET]

ActionController::RoutingError (No route matches "/stylesheets/test.css" with {:method=>:get}):
  haml (3.0.18) rails/./lib/sass/plugin/rack.rb:41:in `call'
  /usr/lib/ruby/1.8/webrick/httpserver.rb:104:in `service'
  /usr/lib/ruby/1.8/webrick/httpserver.rb:65:in `run'
  /usr/lib/ruby/1.8/webrick/server.rb:173:in `start_thread'
  /usr/lib/ruby/1.8/webrick/server.rb:162:in `start'
  /usr/lib/ruby/1.8/webrick/server.rb:162:in `start_thread'
  /usr/lib/ruby/1.8/webrick/server.rb:95:in `start'
  /usr/lib/ruby/1.8/webrick/server.rb:92:in `each'
  /usr/lib/ruby/1.8/webrick/server.rb:92:in `start'
  /usr/lib/ruby/1.8/webrick/server.rb:23:in `start'
  /usr/lib/ruby/1.8/webrick/server.rb:82:in `start'

Rendering rescues/layout (not_found)


Processing ApplicationController#index (for 127.0.0.1 at 2010-09-23 05:43:35) [GET]

ActionController::RoutingError (No route matches "/stylesheets/formtastic.css" with {:method=>:get}):
  haml (3.0.18) rails/./lib/sass/plugin/rack.rb:41:in `call'
  /usr/lib/ruby/1.8/webrick/httpserver.rb:104:in `service'
  /usr/lib/ruby/1.8/webrick/httpserver.rb:65:in `run'
  /usr/lib/ruby/1.8/webrick/server.rb:173:in `start_thread'
  /usr/lib/ruby/1.8/webrick/server.rb:162:in `start'
  /usr/lib/ruby/1.8/webrick/server.rb:162:in `start_thread'
  /usr/lib/ruby/1.8/webrick/server.rb:95:in `start'
  /usr/lib/ruby/1.8/webrick/server.rb:92:in `each'
  /usr/lib/ruby/1.8/webrick/server.rb:92:in `start'
  /usr/lib/ruby/1.8/webrick/server.rb:23:in `start'
  /usr/lib/ruby/1.8/webrick/server.rb:82:in `start'

Rendering rescues/layout (not_found)


Processing ApplicationController#index (for 127.0.0.1 at 2010-09-23 05:43:35) [GET]

ActionController::RoutingError (No route matches "/stylesheets/formtastic_changes.css" with {:method=>:get}):
  haml (3.0.18) rails/./lib/sass/plugin/rack.rb:41:in `call'
  /usr/lib/ruby/1.8/webrick/httpserver.rb:104:in `service'
  /usr/lib/ruby/1.8/webrick/httpserver.rb:65:in `run'
  /usr/lib/ruby/1.8/webrick/server.rb:173:in `start_thread'
  /usr/lib/ruby/1.8/webrick/server.rb:162:in `start'
  /usr/lib/ruby/1.8/webrick/server.rb:162:in `start_thread'
  /usr/lib/ruby/1.8/webrick/server.rb:95:in `start'
  /usr/lib/ruby/1.8/webrick/server.rb:92:in `each'
  /usr/lib/ruby/1.8/webrick/server.rb:92:in `start'
  /usr/lib/ruby/1.8/webrick/server.rb:23:in `start'
  /usr/lib/ruby/1.8/webrick/server.rb:82:in `start'

Rendering rescues/layout (not_found)


Processing ApplicationController#index (for 127.0.0.1 at 2010-09-23 05:43:35) [GET]

ActionController::RoutingError (No route matches "/stylesheets/jquery-ui.css" with {:method=>:get}):
  haml (3.0.18) rails/./lib/sass/plugin/rack.rb:41:in `call'
  /usr/lib/ruby/1.8/webrick/httpserver.rb:104:in `service'
  /usr/lib/ruby/1.8/webrick/httpserver.rb:65:in `run'
  /usr/lib/ruby/1.8/webrick/server.rb:173:in `start_thread'
  /usr/lib/ruby/1.8/webrick/server.rb:162:in `start'
  /usr/lib/ruby/1.8/webrick/server.rb:162:in `start_thread'
  /usr/lib/ruby/1.8/webrick/server.rb:95:in `start'
  /usr/lib/ruby/1.8/webrick/server.rb:92:in `each'
  /usr/lib/ruby/1.8/webrick/server.rb:92:in `start'
  /usr/lib/ruby/1.8/webrick/server.rb:23:in `start'
  /usr/lib/ruby/1.8/webrick/server.rb:82:in `start'

Rendering rescues/layout (not_found)


Processing ApplicationController#index (for 127.0.0.1 at 2010-09-23 05:43:35) [GET]

ActionController::RoutingError (No route matches "/javascripts/zoom/eye.js" with {:method=>:get}):
  haml (3.0.18) rails/./lib/sass/plugin/rack.rb:41:in `call'
  /usr/lib/ruby/1.8/webrick/httpserver.rb:104:in `service'
  /usr/lib/ruby/1.8/webrick/httpserver.rb:65:in `run'
  /usr/lib/ruby/1.8/webrick/server.rb:173:in `start_thread'
  /usr/lib/ruby/1.8/webrick/server.rb:162:in `start'
  /usr/lib/ruby/1.8/webrick/server.rb:162:in `start_thread'
  /usr/lib/ruby/1.8/webrick/server.rb:95:in `start'
  /usr/lib/ruby/1.8/webrick/server.rb:92:in `each'
  /usr/lib/ruby/1.8/webrick/server.rb:92:in `start'
  /usr/lib/ruby/1.8/webrick/server.rb:23:in `start'
  /usr/lib/ruby/1.8/webrick/server.rb:82:in `start'

Rendering rescues/layout (not_found)


Processing ApplicationController#index (for 127.0.0.1 at 2010-09-23 05:43:35) [GET]

ActionController::RoutingError (No route matches "/javascripts/zoom/layout.js" with {:method=>:get}):
  haml (3.0.18) rails/./lib/sass/plugin/rack.rb:41:in `call'
  /usr/lib/ruby/1.8/webrick/httpserver.rb:104:in `service'
  /usr/lib/ruby/1.8/webrick/httpserver.rb:65:in `run'
  /usr/lib/ruby/1.8/webrick/server.rb:173:in `start_thread'
  /usr/lib/ruby/1.8/webrick/server.rb:162:in `start'
  /usr/lib/ruby/1.8/webrick/server.rb:162:in `start_thread'
  /usr/lib/ruby/1.8/webrick/server.rb:95:in `start'
  /usr/lib/ruby/1.8/webrick/server.rb:92:in `each'
  /usr/lib/ruby/1.8/webrick/server.rb:92:in `start'
  /usr/lib/ruby/1.8/webrick/server.rb:23:in `start'
  /usr/lib/ruby/1.8/webrick/server.rb:82:in `start'

Rendering rescues/layout (not_found)


Processing ApplicationController#index (for 127.0.0.1 at 2010-09-23 05:43:35) [GET]

ActionController::RoutingError (No route matches "/javascripts/zoom/utils.js" with {:method=>:get}):
  haml (3.0.18) rails/./lib/sass/plugin/rack.rb:41:in `call'
  /usr/lib/ruby/1.8/webrick/httpserver.rb:104:in `service'
  /usr/lib/ruby/1.8/webrick/httpserver.rb:65:in `run'
  /usr/lib/ruby/1.8/webrick/server.rb:173:in `start_thread'
  /usr/lib/ruby/1.8/webrick/server.rb:162:in `start'
  /usr/lib/ruby/1.8/webrick/server.rb:162:in `start_thread'
  /usr/lib/ruby/1.8/webrick/server.rb:95:in `start'
  /usr/lib/ruby/1.8/webrick/server.rb:92:in `each'
  /usr/lib/ruby/1.8/webrick/server.rb:92:in `start'
  /usr/lib/ruby/1.8/webrick/server.rb:23:in `start'
  /usr/lib/ruby/1.8/webrick/server.rb:82:in `start'

Rendering rescues/layout (not_found)


Processing ApplicationController#index (for 127.0.0.1 at 2010-09-23 05:43:35) [GET]

ActionController::RoutingError (No route matches "/javascripts/zoom/zoomimage.js" with {:method=>:get}):
  haml (3.0.18) rails/./lib/sass/plugin/rack.rb:41:in `call'
  /usr/lib/ruby/1.8/webrick/httpserver.rb:104:in `service'
  /usr/lib/ruby/1.8/webrick/httpserver.rb:65:in `run'
  /usr/lib/ruby/1.8/webrick/server.rb:173:in `start_thread'
  /usr/lib/ruby/1.8/webrick/server.rb:162:in `start'
  /usr/lib/ruby/1.8/webrick/server.rb:162:in `start_thread'
  /usr/lib/ruby/1.8/webrick/server.rb:95:in `start'
  /usr/lib/ruby/1.8/webrick/server.rb:92:in `each'
  /usr/lib/ruby/1.8/webrick/server.rb:92:in `start'
  /usr/lib/ruby/1.8/webrick/server.rb:23:in `start'
  /usr/lib/ruby/1.8/webrick/server.rb:82:in `start'

Rendering rescues/layout (not_found)


Processing ApplicationController#index (for 127.0.0.1 at 2010-09-23 05:43:35) [GET]

ActionController::RoutingError (No route matches "/stylesheets/zoom/zoomimage.css" with {:method=>:get}):
  haml (3.0.18) rails/./lib/sass/plugin/rack.rb:41:in `call'
  /usr/lib/ruby/1.8/webrick/httpserver.rb:104:in `service'
  /usr/lib/ruby/1.8/webrick/httpserver.rb:65:in `run'
  /usr/lib/ruby/1.8/webrick/server.rb:173:in `start_thread'
  /usr/lib/ruby/1.8/webrick/server.rb:162:in `start'
  /usr/lib/ruby/1.8/webrick/server.rb:162:in `start_thread'
  /usr/lib/ruby/1.8/webrick/server.rb:95:in `start'
  /usr/lib/ruby/1.8/webrick/server.rb:92:in `each'
  /usr/lib/ruby/1.8/webrick/server.rb:92:in `start'
  /usr/lib/ruby/1.8/webrick/server.rb:23:in `start'
  /usr/lib/ruby/1.8/webrick/server.rb:82:in `start'

Rendering rescues/layout (not_found)


Processing ApplicationController#index (for 127.0.0.1 at 2010-09-23 05:43:35) [GET]

ActionController::RoutingError (No route matches "/javascripts/jquery.js" with {:method=>:get}):
  haml (3.0.18) rails/./lib/sass/plugin/rack.rb:41:in `call'
  /usr/lib/ruby/1.8/webrick/httpserver.rb:104:in `service'
  /usr/lib/ruby/1.8/webrick/httpserver.rb:65:in `run'
  /usr/lib/ruby/1.8/webrick/server.rb:173:in `start_thread'
  /usr/lib/ruby/1.8/webrick/server.rb:162:in `start'
  /usr/lib/ruby/1.8/webrick/server.rb:162:in `start_thread'
  /usr/lib/ruby/1.8/webrick/server.rb:95:in `start'
  /usr/lib/ruby/1.8/webrick/server.rb:92:in `each'
  /usr/lib/ruby/1.8/webrick/server.rb:92:in `start'
  /usr/lib/ruby/1.8/webrick/server.rb:23:in `start'
  /usr/lib/ruby/1.8/webrick/server.rb:82:in `start'

Rendering rescues/layout (not_found)


Processing ApplicationController#index (for 127.0.0.1 at 2010-09-23 05:43:35) [GET]

ActionController::RoutingError (No route matches "/javascripts/jquery-ui.js" with {:method=>:get}):
  haml (3.0.18) rails/./lib/sass/plugin/rack.rb:41:in `call'
  /usr/lib/ruby/1.8/webrick/httpserver.rb:104:in `service'
  /usr/lib/ruby/1.8/webrick/httpserver.rb:65:in `run'
  /usr/lib/ruby/1.8/webrick/server.rb:173:in `start_thread'
  /usr/lib/ruby/1.8/webrick/server.rb:162:in `start'
  /usr/lib/ruby/1.8/webrick/server.rb:162:in `start_thread'
  /usr/lib/ruby/1.8/webrick/server.rb:95:in `start'
  /usr/lib/ruby/1.8/webrick/server.rb:92:in `each'
  /usr/lib/ruby/1.8/webrick/server.rb:92:in `start'
  /usr/lib/ruby/1.8/webrick/server.rb:23:in `start'
  /usr/lib/ruby/1.8/webrick/server.rb:82:in `start'

Rendering rescues/layout (not_found)


Processing ApplicationController#index (for 127.0.0.1 at 2010-09-23 05:43:35) [GET]

ActionController::RoutingError (No route matches "/javascripts/jquery.ui.datepicker-ru" with {:method=>:get}):
  haml (3.0.18) rails/./lib/sass/plugin/rack.rb:41:in `call'
  /usr/lib/ruby/1.8/webrick/httpserver.rb:104:in `service'
  /usr/lib/ruby/1.8/webrick/httpserver.rb:65:in `run'
  /usr/lib/ruby/1.8/webrick/server.rb:173:in `start_thread'
  /usr/lib/ruby/1.8/webrick/server.rb:162:in `start'
  /usr/lib/ruby/1.8/webrick/server.rb:162:in `start_thread'
  /usr/lib/ruby/1.8/webrick/server.rb:95:in `start'
  /usr/lib/ruby/1.8/webrick/server.rb:92:in `each'
  /usr/lib/ruby/1.8/webrick/server.rb:92:in `start'
  /usr/lib/ruby/1.8/webrick/server.rb:23:in `start'
  /usr/lib/ruby/1.8/webrick/server.rb:82:in `start'

Rendering rescues/layout (not_found)


Processing ApplicationController#index (for 127.0.0.1 at 2010-09-23 05:43:36) [GET]

ActionController::RoutingError (No route matches "/images/ajax-loader.gif" with {:method=>:get}):
  haml (3.0.18) rails/./lib/sass/plugin/rack.rb:41:in `call'
  /usr/lib/ruby/1.8/webrick/httpserver.rb:104:in `service'
  /usr/lib/ruby/1.8/webrick/httpserver.rb:65:in `run'
  /usr/lib/ruby/1.8/webrick/server.rb:173:in `start_thread'
  /usr/lib/ruby/1.8/webrick/server.rb:162:in `start'
  /usr/lib/ruby/1.8/webrick/server.rb:162:in `start_thread'
  /usr/lib/ruby/1.8/webrick/server.rb:95:in `start'
  /usr/lib/ruby/1.8/webrick/server.rb:92:in `each'
  /usr/lib/ruby/1.8/webrick/server.rb:92:in `start'
  /usr/lib/ruby/1.8/webrick/server.rb:23:in `start'
  /usr/lib/ruby/1.8/webrick/server.rb:82:in `start'

Rendering rescues/layout (not_found)


Processing UsersController#new (for 127.0.0.1 at 2010-09-23 05:43:37) [GET]
  Parameters: {"action"=>"new", "controller"=>"users"}
  [4;35;1mUser Load (0.2ms)[0m   [0mSELECT * FROM "users" WHERE ("users"."id" = '1') ORDER BY id LIMIT 1[0m
Rendering template within layouts/application
Rendering users/new

ActionView::TemplateError (uninitialized constant ActionView::Base::CompiledTemplates::City) on line #9 of app/views/users/new.html.haml:
6:     = form.input :email, :required => true
7:     = form.input :password, :required => true
8:     = form.input :password_confirmation, :required => true
9:     = form.input :city_name, :as => :select, :collection => City.all.map{|x|[x.ru, x.ru]}
10:   - form.buttons :class => "register_button buttons" do
11:     = form.commit_button I18n.t("register"), :button_html => { :class => "buttons" }

    app/views/users/new.html.haml:9
    haml (3.0.18) lib/haml/helpers.rb:343:in `call'
    haml (3.0.18) lib/haml/helpers.rb:343:in `capture_haml'
    haml (3.0.18) lib/haml/helpers.rb:566:in `with_haml_buffer'
    haml (3.0.18) lib/haml/helpers.rb:339:in `capture_haml'
    formtastic (1.1.0) lib/formtastic.rb:1362:in `field_set_and_list_wrapping'
    formtastic (1.1.0) lib/formtastic.rb:270:in `inputs'
    app/views/users/new.html.haml:5
    haml (3.0.18) rails/./lib/haml/helpers/action_view_mods.rb:229:in `call'
    haml (3.0.18) rails/./lib/haml/helpers/action_view_mods.rb:229
    haml (3.0.18) lib/haml/helpers.rb:588:in `call'
    haml (3.0.18) lib/haml/helpers.rb:588:in `haml_bind_proc'
    haml (3.0.18) rails/./lib/haml/helpers/action_view_mods.rb:235:in `form_for'
    formtastic (1.1.0) lib/formtastic.rb:1860:in `semantic_form_for'
    formtastic (1.1.0) lib/formtastic.rb:1826:in `with_custom_field_error_proc'
    formtastic (1.1.0) lib/formtastic.rb:1859:in `semantic_form_for'
    app/views/users/new.html.haml:3:in `_run_haml_app47views47users47new46html46haml'
    haml (3.0.18) rails/./lib/haml/helpers/action_view_mods.rb:13:in `render'
    haml (3.0.18) rails/./lib/haml/helpers/action_view_mods.rb:13:in `render'
    haml (3.0.18) rails/./lib/sass/plugin/rack.rb:41:in `call'
    /usr/lib/ruby/1.8/webrick/httpserver.rb:104:in `service'
    /usr/lib/ruby/1.8/webrick/httpserver.rb:65:in `run'
    /usr/lib/ruby/1.8/webrick/server.rb:173:in `start_thread'
    /usr/lib/ruby/1.8/webrick/server.rb:162:in `start'
    /usr/lib/ruby/1.8/webrick/server.rb:162:in `start_thread'
    /usr/lib/ruby/1.8/webrick/server.rb:95:in `start'
    /usr/lib/ruby/1.8/webrick/server.rb:92:in `each'
    /usr/lib/ruby/1.8/webrick/server.rb:92:in `start'
    /usr/lib/ruby/1.8/webrick/server.rb:23:in `start'
    /usr/lib/ruby/1.8/webrick/server.rb:82:in `start'

Rendered rescues/_trace (46.1ms)
Rendered rescues/_request_and_response (0.3ms)
Rendering rescues/layout (internal_server_error)


Processing UsersController#new (for 127.0.0.1 at 2010-09-23 05:50:19) [GET]
  Parameters: {"action"=>"new", "controller"=>"users"}
  [4;36;1mUser Load (0.2ms)[0m   [0;1mSELECT * FROM "users" WHERE ("users"."id" = '1') ORDER BY id LIMIT 1[0m
Rendering template within layouts/application
Rendering users/new

ActionView::TemplateError (uninitialized constant ActionView::Base::CompiledTemplates::City) on line #9 of app/views/users/new.html.haml:
6:     = form.input :email, :required => true
7:     = form.input :password, :required => true
8:     = form.input :password_confirmation, :required => true
9:     = form.input :city_name, :as => :select, :collection => City.all.map{|x|[x.ru, x.ru]}
10:   - form.buttons :class => "register_button buttons" do
11:     = form.commit_button I18n.t("register"), :button_html => { :class => "buttons" }

    app/views/users/new.html.haml:9
    haml (3.0.18) lib/haml/helpers.rb:343:in `call'
    haml (3.0.18) lib/haml/helpers.rb:343:in `capture_haml'
    haml (3.0.18) lib/haml/helpers.rb:566:in `with_haml_buffer'
    haml (3.0.18) lib/haml/helpers.rb:339:in `capture_haml'
    formtastic (1.1.0) lib/formtastic.rb:1362:in `field_set_and_list_wrapping'
    formtastic (1.1.0) lib/formtastic.rb:270:in `inputs'
    app/views/users/new.html.haml:5
    haml (3.0.18) rails/./lib/haml/helpers/action_view_mods.rb:229:in `call'
    haml (3.0.18) rails/./lib/haml/helpers/action_view_mods.rb:229
    haml (3.0.18) lib/haml/helpers.rb:588:in `call'
    haml (3.0.18) lib/haml/helpers.rb:588:in `haml_bind_proc'
    haml (3.0.18) rails/./lib/haml/helpers/action_view_mods.rb:235:in `form_for'
    formtastic (1.1.0) lib/formtastic.rb:1860:in `semantic_form_for'
    formtastic (1.1.0) lib/formtastic.rb:1826:in `with_custom_field_error_proc'
    formtastic (1.1.0) lib/formtastic.rb:1859:in `semantic_form_for'
    app/views/users/new.html.haml:3:in `_run_haml_app47views47users47new46html46haml'
    haml (3.0.18) rails/./lib/haml/helpers/action_view_mods.rb:13:in `render'
    haml (3.0.18) rails/./lib/haml/helpers/action_view_mods.rb:13:in `render'
    haml (3.0.18) rails/./lib/sass/plugin/rack.rb:41:in `call'
    /usr/lib/ruby/1.8/webrick/httpserver.rb:104:in `service'
    /usr/lib/ruby/1.8/webrick/httpserver.rb:65:in `run'
    /usr/lib/ruby/1.8/webrick/server.rb:173:in `start_thread'
    /usr/lib/ruby/1.8/webrick/server.rb:162:in `start'
    /usr/lib/ruby/1.8/webrick/server.rb:162:in `start_thread'
    /usr/lib/ruby/1.8/webrick/server.rb:95:in `start'
    /usr/lib/ruby/1.8/webrick/server.rb:92:in `each'
    /usr/lib/ruby/1.8/webrick/server.rb:92:in `start'
    /usr/lib/ruby/1.8/webrick/server.rb:23:in `start'
    /usr/lib/ruby/1.8/webrick/server.rb:82:in `start'

Rendered rescues/_trace (114.7ms)
Rendered rescues/_request_and_response (1.3ms)
Rendering rescues/layout (internal_server_error)


Processing UsersController#new (for 127.0.0.1 at 2010-09-23 05:50:21) [GET]
  Parameters: {"action"=>"new", "controller"=>"users"}
  [4;35;1mUser Load (0.6ms)[0m   [0mSELECT * FROM "users" WHERE ("users"."id" = '1') ORDER BY id LIMIT 1[0m
Rendering template within layouts/application
Rendering users/new

ActionView::TemplateError (uninitialized constant ActionView::Base::CompiledTemplates::City) on line #9 of app/views/users/new.html.haml:
6:     = form.input :email, :required => true
7:     = form.input :password, :required => true
8:     = form.input :password_confirmation, :required => true
9:     = form.input :city_name, :as => :select, :collection => City.all.map{|x|[x.ru, x.ru]}
10:   - form.buttons :class => "register_button buttons" do
11:     = form.commit_button I18n.t("register"), :button_html => { :class => "buttons" }

    app/views/users/new.html.haml:9
    haml (3.0.18) lib/haml/helpers.rb:343:in `call'
    haml (3.0.18) lib/haml/helpers.rb:343:in `capture_haml'
    haml (3.0.18) lib/haml/helpers.rb:566:in `with_haml_buffer'
    haml (3.0.18) lib/haml/helpers.rb:339:in `capture_haml'
    formtastic (1.1.0) lib/formtastic.rb:1362:in `field_set_and_list_wrapping'
    formtastic (1.1.0) lib/formtastic.rb:270:in `inputs'
    app/views/users/new.html.haml:5
    haml (3.0.18) rails/./lib/haml/helpers/action_view_mods.rb:229:in `call'
    haml (3.0.18) rails/./lib/haml/helpers/action_view_mods.rb:229
    haml (3.0.18) lib/haml/helpers.rb:588:in `call'
    haml (3.0.18) lib/haml/helpers.rb:588:in `haml_bind_proc'
    haml (3.0.18) rails/./lib/haml/helpers/action_view_mods.rb:235:in `form_for'
    formtastic (1.1.0) lib/formtastic.rb:1860:in `semantic_form_for'
    formtastic (1.1.0) lib/formtastic.rb:1826:in `with_custom_field_error_proc'
    formtastic (1.1.0) lib/formtastic.rb:1859:in `semantic_form_for'
    app/views/users/new.html.haml:3:in `_run_haml_app47views47users47new46html46haml'
    haml (3.0.18) rails/./lib/haml/helpers/action_view_mods.rb:13:in `render'
    haml (3.0.18) rails/./lib/haml/helpers/action_view_mods.rb:13:in `render'
    haml (3.0.18) rails/./lib/sass/plugin/rack.rb:41:in `call'
    /usr/lib/ruby/1.8/webrick/httpserver.rb:104:in `service'
    /usr/lib/ruby/1.8/webrick/httpserver.rb:65:in `run'
    /usr/lib/ruby/1.8/webrick/server.rb:173:in `start_thread'
    /usr/lib/ruby/1.8/webrick/server.rb:162:in `start'
    /usr/lib/ruby/1.8/webrick/server.rb:162:in `start_thread'
    /usr/lib/ruby/1.8/webrick/server.rb:95:in `start'
    /usr/lib/ruby/1.8/webrick/server.rb:92:in `each'
    /usr/lib/ruby/1.8/webrick/server.rb:92:in `start'
    /usr/lib/ruby/1.8/webrick/server.rb:23:in `start'
    /usr/lib/ruby/1.8/webrick/server.rb:82:in `start'

Rendered rescues/_trace (46.2ms)
Rendered rescues/_request_and_response (0.3ms)
Rendering rescues/layout (internal_server_error)


Processing ApplicationController#index (for 127.0.0.1 at 2010-09-23 05:50:27) [GET]

ActionController::RoutingError (No route matches "/javascripts/prototype.js" with {:method=>:get}):
  haml (3.0.18) rails/./lib/sass/plugin/rack.rb:41:in `call'
  /usr/lib/ruby/1.8/webrick/httpserver.rb:104:in `service'
  /usr/lib/ruby/1.8/webrick/httpserver.rb:65:in `run'
  /usr/lib/ruby/1.8/webrick/server.rb:173:in `start_thread'
  /usr/lib/ruby/1.8/webrick/server.rb:162:in `start'
  /usr/lib/ruby/1.8/webrick/server.rb:162:in `start_thread'
  /usr/lib/ruby/1.8/webrick/server.rb:95:in `start'
  /usr/lib/ruby/1.8/webrick/server.rb:92:in `each'
  /usr/lib/ruby/1.8/webrick/server.rb:92:in `start'
  /usr/lib/ruby/1.8/webrick/server.rb:23:in `start'
  /usr/lib/ruby/1.8/webrick/server.rb:82:in `start'

Rendering rescues/layout (not_found)


Processing ApplicationController#index (for 127.0.0.1 at 2010-09-23 05:50:27) [GET]

ActionController::RoutingError (No route matches "/javascripts/effects.js" with {:method=>:get}):
  haml (3.0.18) rails/./lib/sass/plugin/rack.rb:41:in `call'
  /usr/lib/ruby/1.8/webrick/httpserver.rb:104:in `service'
  /usr/lib/ruby/1.8/webrick/httpserver.rb:65:in `run'
  /usr/lib/ruby/1.8/webrick/server.rb:173:in `start_thread'
  /usr/lib/ruby/1.8/webrick/server.rb:162:in `start'
  /usr/lib/ruby/1.8/webrick/server.rb:162:in `start_thread'
  /usr/lib/ruby/1.8/webrick/server.rb:95:in `start'
  /usr/lib/ruby/1.8/webrick/server.rb:92:in `each'
  /usr/lib/ruby/1.8/webrick/server.rb:92:in `start'
  /usr/lib/ruby/1.8/webrick/server.rb:23:in `start'
  /usr/lib/ruby/1.8/webrick/server.rb:82:in `start'

Rendering rescues/layout (not_found)


Processing WelcomeController#index (for 127.0.0.1 at 2010-09-23 05:50:43) [GET]
  Parameters: {"action"=>"index", "controller"=>"welcome"}
  [4;36;1mUser Load (0.6ms)[0m   [0;1mSELECT * FROM "users" WHERE ("users"."id" = '1') ORDER BY id LIMIT 1[0m

NameError (uninitialized constant WelcomeController::Product):
  app/controllers/welcome_controller.rb:4:in `index'
  haml (3.0.18) rails/./lib/sass/plugin/rack.rb:41:in `call'
  /usr/lib/ruby/1.8/webrick/httpserver.rb:104:in `service'
  /usr/lib/ruby/1.8/webrick/httpserver.rb:65:in `run'
  /usr/lib/ruby/1.8/webrick/server.rb:173:in `start_thread'
  /usr/lib/ruby/1.8/webrick/server.rb:162:in `start'
  /usr/lib/ruby/1.8/webrick/server.rb:162:in `start_thread'
  /usr/lib/ruby/1.8/webrick/server.rb:95:in `start'
  /usr/lib/ruby/1.8/webrick/server.rb:92:in `each'
  /usr/lib/ruby/1.8/webrick/server.rb:92:in `start'
  /usr/lib/ruby/1.8/webrick/server.rb:23:in `start'
  /usr/lib/ruby/1.8/webrick/server.rb:82:in `start'

Rendered rescues/_trace (77.9ms)
Rendered rescues/_request_and_response (0.3ms)
Rendering rescues/layout (internal_server_error)


Processing WelcomeController#index (for 127.0.0.1 at 2010-09-23 05:51:18) [GET]
  Parameters: {"action"=>"index", "controller"=>"welcome"}
  [4;35;1mUser Load (0.5ms)[0m   [0mSELECT * FROM "users" WHERE ("users"."id" = '1') ORDER BY id LIMIT 1[0m
Rendering template within layouts/application
Rendering welcome/index

ActionView::TemplateError (The @welcome variable appears to be empty. Did you forget to pass the collection object for will_paginate?) on line #11 of app/views/welcome/index.html.haml:
8: = javascript_include_tag 'zoom/utils'
9: = javascript_include_tag 'zoom/zoomimage'
10: = stylesheet_link_tag 'zoom/zoomimage'
11: = paginate @products
12: = render @products
13: .x
14: = paginate @products

    /usr/lib/ruby/gems/1.8/gems/will_paginate-2.3.15/lib/will_paginate/view_helpers.rb:94:in `will_paginate'
    app/helpers/application_helper.rb:22:in `paginate'
    app/views/welcome/index.html.haml:11:in `_run_haml_app47views47welcome47index46html46haml'
    haml (3.0.18) rails/./lib/haml/helpers/action_view_mods.rb:13:in `render'
    haml (3.0.18) rails/./lib/haml/helpers/action_view_mods.rb:13:in `render'
    haml (3.0.18) rails/./lib/sass/plugin/rack.rb:41:in `call'
    /usr/lib/ruby/1.8/webrick/httpserver.rb:104:in `service'
    /usr/lib/ruby/1.8/webrick/httpserver.rb:65:in `run'
    /usr/lib/ruby/1.8/webrick/server.rb:173:in `start_thread'
    /usr/lib/ruby/1.8/webrick/server.rb:162:in `start'
    /usr/lib/ruby/1.8/webrick/server.rb:162:in `start_thread'
    /usr/lib/ruby/1.8/webrick/server.rb:95:in `start'
    /usr/lib/ruby/1.8/webrick/server.rb:92:in `each'
    /usr/lib/ruby/1.8/webrick/server.rb:92:in `start'
    /usr/lib/ruby/1.8/webrick/server.rb:23:in `start'
    /usr/lib/ruby/1.8/webrick/server.rb:82:in `start'

Rendered rescues/_trace (39.5ms)
Rendered rescues/_request_and_response (0.3ms)
Rendering rescues/layout (internal_server_error)


Processing WelcomeController#index (for 127.0.0.1 at 2010-09-23 05:52:58) [GET]
  Parameters: {"action"=>"index", "controller"=>"welcome"}
  [4;36;1mUser Load (0.3ms)[0m   [0;1mSELECT * FROM "users" WHERE ("users"."id" = '1') ORDER BY id LIMIT 1[0m
Rendering template within layouts/application
Rendering welcome/index

ActionView::TemplateError (The @welcome variable appears to be empty. Did you forget to pass the collection object for will_paginate?) on line #12 of app/views/welcome/index.html.haml:
9: = javascript_include_tag 'zoom/zoomimage'
10: = stylesheet_link_tag 'zoom/zoomimage'
11: .x
12: = paginate @products
13: %br
14: - content_for :news do
15:   %h2

    /usr/lib/ruby/gems/1.8/gems/will_paginate-2.3.15/lib/will_paginate/view_helpers.rb:94:in `will_paginate'
    app/helpers/application_helper.rb:22:in `paginate'
    app/views/welcome/index.html.haml:12:in `_run_haml_app47views47welcome47index46html46haml'
    haml (3.0.18) rails/./lib/haml/helpers/action_view_mods.rb:13:in `render'
    haml (3.0.18) rails/./lib/haml/helpers/action_view_mods.rb:13:in `render'
    haml (3.0.18) rails/./lib/sass/plugin/rack.rb:41:in `call'
    /usr/lib/ruby/1.8/webrick/httpserver.rb:104:in `service'
    /usr/lib/ruby/1.8/webrick/httpserver.rb:65:in `run'
    /usr/lib/ruby/1.8/webrick/server.rb:173:in `start_thread'
    /usr/lib/ruby/1.8/webrick/server.rb:162:in `start'
    /usr/lib/ruby/1.8/webrick/server.rb:162:in `start_thread'
    /usr/lib/ruby/1.8/webrick/server.rb:95:in `start'
    /usr/lib/ruby/1.8/webrick/server.rb:92:in `each'
    /usr/lib/ruby/1.8/webrick/server.rb:92:in `start'
    /usr/lib/ruby/1.8/webrick/server.rb:23:in `start'
    /usr/lib/ruby/1.8/webrick/server.rb:82:in `start'

Rendered rescues/_trace (110.6ms)
Rendered rescues/_request_and_response (0.3ms)
Rendering rescues/layout (internal_server_error)


Processing WelcomeController#index (for 127.0.0.1 at 2010-09-23 05:53:10) [GET]
  Parameters: {"action"=>"index", "controller"=>"welcome"}
  [4;35;1mUser Load (0.6ms)[0m   [0mSELECT * FROM "users" WHERE ("users"."id" = '1') ORDER BY id LIMIT 1[0m
Rendering template within layouts/application
Rendering welcome/index
Rendered shared/_main_panel (4.7ms)
Completed in 194ms (View: 110, DB: 1) | 200 OK [http://localhost/]


Processing ApplicationController#index (for 127.0.0.1 at 2010-09-23 05:53:11) [GET]

ActionController::RoutingError (No route matches "/images/top.gif" with {:method=>:get}):
  haml (3.0.18) rails/./lib/sass/plugin/rack.rb:41:in `call'
  /usr/lib/ruby/1.8/webrick/httpserver.rb:104:in `service'
  /usr/lib/ruby/1.8/webrick/httpserver.rb:65:in `run'
  /usr/lib/ruby/1.8/webrick/server.rb:173:in `start_thread'
  /usr/lib/ruby/1.8/webrick/server.rb:162:in `start'
  /usr/lib/ruby/1.8/webrick/server.rb:162:in `start_thread'
  /usr/lib/ruby/1.8/webrick/server.rb:95:in `start'
  /usr/lib/ruby/1.8/webrick/server.rb:92:in `each'
  /usr/lib/ruby/1.8/webrick/server.rb:92:in `start'
  /usr/lib/ruby/1.8/webrick/server.rb:23:in `start'
  /usr/lib/ruby/1.8/webrick/server.rb:82:in `start'

Rendering rescues/layout (not_found)


Processing ApplicationController#index (for 127.0.0.1 at 2010-09-23 05:53:11) [GET]

ActionController::RoutingError (No route matches "/images/contentbg.png" with {:method=>:get}):
  haml (3.0.18) rails/./lib/sass/plugin/rack.rb:41:in `call'
  /usr/lib/ruby/1.8/webrick/httpserver.rb:104:in `service'
  /usr/lib/ruby/1.8/webrick/httpserver.rb:65:in `run'
  /usr/lib/ruby/1.8/webrick/server.rb:173:in `start_thread'
  /usr/lib/ruby/1.8/webrick/server.rb:162:in `start'
  /usr/lib/ruby/1.8/webrick/server.rb:162:in `start_thread'
  /usr/lib/ruby/1.8/webrick/server.rb:95:in `start'
  /usr/lib/ruby/1.8/webrick/server.rb:92:in `each'
  /usr/lib/ruby/1.8/webrick/server.rb:92:in `start'
  /usr/lib/ruby/1.8/webrick/server.rb:23:in `start'
  /usr/lib/ruby/1.8/webrick/server.rb:82:in `start'

Rendering rescues/layout (not_found)


Processing UserSessionsController#new (for 127.0.0.1 at 2010-09-23 05:53:25) [GET]
  Parameters: {"action"=>"new", "controller"=>"user_sessions"}
  [4;36;1mUser Load (0.2ms)[0m   [0;1mSELECT * FROM "users" WHERE ("users"."id" = '1') ORDER BY id LIMIT 1[0m
Rendering template within layouts/application
Rendering user_sessions/new
Rendered shared/_main_panel (0.4ms)
Completed in 65ms (View: 14, DB: 0) | 200 OK [http://localhost/login.html]


Processing ApplicationController#index (for 127.0.0.1 at 2010-09-23 05:53:25) [GET]

ActionController::RoutingError (No route matches "/images/top.gif" with {:method=>:get}):
  haml (3.0.18) rails/./lib/sass/plugin/rack.rb:41:in `call'
  /usr/lib/ruby/1.8/webrick/httpserver.rb:104:in `service'
  /usr/lib/ruby/1.8/webrick/httpserver.rb:65:in `run'
  /usr/lib/ruby/1.8/webrick/server.rb:173:in `start_thread'
  /usr/lib/ruby/1.8/webrick/server.rb:162:in `start'
  /usr/lib/ruby/1.8/webrick/server.rb:162:in `start_thread'
  /usr/lib/ruby/1.8/webrick/server.rb:95:in `start'
  /usr/lib/ruby/1.8/webrick/server.rb:92:in `each'
  /usr/lib/ruby/1.8/webrick/server.rb:92:in `start'
  /usr/lib/ruby/1.8/webrick/server.rb:23:in `start'
  /usr/lib/ruby/1.8/webrick/server.rb:82:in `start'

Rendering rescues/layout (not_found)


Processing ApplicationController#index (for 127.0.0.1 at 2010-09-23 05:53:25) [GET]

ActionController::RoutingError (No route matches "/images/contentbg.png" with {:method=>:get}):
  haml (3.0.18) rails/./lib/sass/plugin/rack.rb:41:in `call'
  /usr/lib/ruby/1.8/webrick/httpserver.rb:104:in `service'
  /usr/lib/ruby/1.8/webrick/httpserver.rb:65:in `run'
  /usr/lib/ruby/1.8/webrick/server.rb:173:in `start_thread'
  /usr/lib/ruby/1.8/webrick/server.rb:162:in `start'
  /usr/lib/ruby/1.8/webrick/server.rb:162:in `start_thread'
  /usr/lib/ruby/1.8/webrick/server.rb:95:in `start'
  /usr/lib/ruby/1.8/webrick/server.rb:92:in `each'
  /usr/lib/ruby/1.8/webrick/server.rb:92:in `start'
  /usr/lib/ruby/1.8/webrick/server.rb:23:in `start'
  /usr/lib/ruby/1.8/webrick/server.rb:82:in `start'

Rendering rescues/layout (not_found)


Processing WelcomeController#index (for 127.0.0.1 at 2010-09-23 05:53:27) [GET]
  Parameters: {"action"=>"index", "controller"=>"welcome"}
  [4;35;1mUser Load (0.6ms)[0m   [0mSELECT * FROM "users" WHERE ("users"."id" = '1') ORDER BY id LIMIT 1[0m
Rendering template within layouts/application
Rendering welcome/index
Rendered shared/_main_panel (0.3ms)
Completed in 108ms (View: 20, DB: 1) | 200 OK [http://localhost/]


Processing ApplicationController#index (for 127.0.0.1 at 2010-09-23 05:53:27) [GET]

ActionController::RoutingError (No route matches "/images/top.gif" with {:method=>:get}):
  haml (3.0.18) rails/./lib/sass/plugin/rack.rb:41:in `call'
  /usr/lib/ruby/1.8/webrick/httpserver.rb:104:in `service'
  /usr/lib/ruby/1.8/webrick/httpserver.rb:65:in `run'
  /usr/lib/ruby/1.8/webrick/server.rb:173:in `start_thread'
  /usr/lib/ruby/1.8/webrick/server.rb:162:in `start'
  /usr/lib/ruby/1.8/webrick/server.rb:162:in `start_thread'
  /usr/lib/ruby/1.8/webrick/server.rb:95:in `start'
  /usr/lib/ruby/1.8/webrick/server.rb:92:in `each'
  /usr/lib/ruby/1.8/webrick/server.rb:92:in `start'
  /usr/lib/ruby/1.8/webrick/server.rb:23:in `start'
  /usr/lib/ruby/1.8/webrick/server.rb:82:in `start'

Rendering rescues/layout (not_found)


Processing ApplicationController#index (for 127.0.0.1 at 2010-09-23 05:53:27) [GET]

ActionController::RoutingError (No route matches "/images/contentbg.png" with {:method=>:get}):
  haml (3.0.18) rails/./lib/sass/plugin/rack.rb:41:in `call'
  /usr/lib/ruby/1.8/webrick/httpserver.rb:104:in `service'
  /usr/lib/ruby/1.8/webrick/httpserver.rb:65:in `run'
  /usr/lib/ruby/1.8/webrick/server.rb:173:in `start_thread'
  /usr/lib/ruby/1.8/webrick/server.rb:162:in `start'
  /usr/lib/ruby/1.8/webrick/server.rb:162:in `start_thread'
  /usr/lib/ruby/1.8/webrick/server.rb:95:in `start'
  /usr/lib/ruby/1.8/webrick/server.rb:92:in `each'
  /usr/lib/ruby/1.8/webrick/server.rb:92:in `start'
  /usr/lib/ruby/1.8/webrick/server.rb:23:in `start'
  /usr/lib/ruby/1.8/webrick/server.rb:82:in `start'

Rendering rescues/layout (not_found)


Processing UserSessionsController#new (for 127.0.0.1 at 2010-09-23 05:53:52) [GET]
  Parameters: {"action"=>"new", "controller"=>"user_sessions"}
  [4;36;1mUser Load (0.2ms)[0m   [0;1mSELECT * FROM "users" WHERE ("users"."id" = '1') ORDER BY id LIMIT 1[0m
Rendering template within layouts/application
Rendering user_sessions/new
Rendered shared/_main_panel (0.4ms)
Completed in 37ms (View: 7, DB: 0) | 200 OK [http://localhost/login.html]


Processing ApplicationController#index (for 127.0.0.1 at 2010-09-23 05:53:53) [GET]

ActionController::RoutingError (No route matches "/images/top.gif" with {:method=>:get}):
  haml (3.0.18) rails/./lib/sass/plugin/rack.rb:41:in `call'
  /usr/lib/ruby/1.8/webrick/httpserver.rb:104:in `service'
  /usr/lib/ruby/1.8/webrick/httpserver.rb:65:in `run'
  /usr/lib/ruby/1.8/webrick/server.rb:173:in `start_thread'
  /usr/lib/ruby/1.8/webrick/server.rb:162:in `start'
  /usr/lib/ruby/1.8/webrick/server.rb:162:in `start_thread'
  /usr/lib/ruby/1.8/webrick/server.rb:95:in `start'
  /usr/lib/ruby/1.8/webrick/server.rb:92:in `each'
  /usr/lib/ruby/1.8/webrick/server.rb:92:in `start'
  /usr/lib/ruby/1.8/webrick/server.rb:23:in `start'
  /usr/lib/ruby/1.8/webrick/server.rb:82:in `start'

Rendering rescues/layout (not_found)


Processing ApplicationController#index (for 127.0.0.1 at 2010-09-23 05:53:53) [GET]

ActionController::RoutingError (No route matches "/images/contentbg.png" with {:method=>:get}):
  haml (3.0.18) rails/./lib/sass/plugin/rack.rb:41:in `call'
  /usr/lib/ruby/1.8/webrick/httpserver.rb:104:in `service'
  /usr/lib/ruby/1.8/webrick/httpserver.rb:65:in `run'
  /usr/lib/ruby/1.8/webrick/server.rb:173:in `start_thread'
  /usr/lib/ruby/1.8/webrick/server.rb:162:in `start'
  /usr/lib/ruby/1.8/webrick/server.rb:162:in `start_thread'
  /usr/lib/ruby/1.8/webrick/server.rb:95:in `start'
  /usr/lib/ruby/1.8/webrick/server.rb:92:in `each'
  /usr/lib/ruby/1.8/webrick/server.rb:92:in `start'
  /usr/lib/ruby/1.8/webrick/server.rb:23:in `start'
  /usr/lib/ruby/1.8/webrick/server.rb:82:in `start'

Rendering rescues/layout (not_found)


Processing UsersController#new (for 127.0.0.1 at 2010-09-23 05:53:54) [GET]
  Parameters: {"action"=>"new", "controller"=>"users"}
  [4;35;1mUser Load (0.6ms)[0m   [0mSELECT * FROM "users" WHERE ("users"."id" = '1') ORDER BY id LIMIT 1[0m
Rendering template within layouts/application
Rendering users/new

ActionView::TemplateError (uninitialized constant ActionView::Base::CompiledTemplates::City) on line #9 of app/views/users/new.html.haml:
6:     = form.input :email, :required => true
7:     = form.input :password, :required => true
8:     = form.input :password_confirmation, :required => true
9:     = form.input :city_name, :as => :select, :collection => City.all.map{|x|[x.ru, x.ru]}
10:   - form.buttons :class => "register_button buttons" do
11:     = form.commit_button I18n.t("register"), :button_html => { :class => "buttons" }

    app/views/users/new.html.haml:9
    haml (3.0.18) lib/haml/helpers.rb:343:in `call'
    haml (3.0.18) lib/haml/helpers.rb:343:in `capture_haml'
    haml (3.0.18) lib/haml/helpers.rb:566:in `with_haml_buffer'
    haml (3.0.18) lib/haml/helpers.rb:339:in `capture_haml'
    formtastic (1.1.0) lib/formtastic.rb:1362:in `field_set_and_list_wrapping'
    formtastic (1.1.0) lib/formtastic.rb:270:in `inputs'
    app/views/users/new.html.haml:5
    haml (3.0.18) rails/./lib/haml/helpers/action_view_mods.rb:229:in `call'
    haml (3.0.18) rails/./lib/haml/helpers/action_view_mods.rb:229
    haml (3.0.18) lib/haml/helpers.rb:588:in `call'
    haml (3.0.18) lib/haml/helpers.rb:588:in `haml_bind_proc'
    haml (3.0.18) rails/./lib/haml/helpers/action_view_mods.rb:235:in `form_for'
    formtastic (1.1.0) lib/formtastic.rb:1860:in `semantic_form_for'
    formtastic (1.1.0) lib/formtastic.rb:1826:in `with_custom_field_error_proc'
    formtastic (1.1.0) lib/formtastic.rb:1859:in `semantic_form_for'
    app/views/users/new.html.haml:3:in `_run_haml_app47views47users47new46html46haml'
    haml (3.0.18) rails/./lib/haml/helpers/action_view_mods.rb:13:in `render'
    haml (3.0.18) rails/./lib/haml/helpers/action_view_mods.rb:13:in `render'
    haml (3.0.18) rails/./lib/sass/plugin/rack.rb:41:in `call'
    /usr/lib/ruby/1.8/webrick/httpserver.rb:104:in `service'
    /usr/lib/ruby/1.8/webrick/httpserver.rb:65:in `run'
    /usr/lib/ruby/1.8/webrick/server.rb:173:in `start_thread'
    /usr/lib/ruby/1.8/webrick/server.rb:162:in `start'
    /usr/lib/ruby/1.8/webrick/server.rb:162:in `start_thread'
    /usr/lib/ruby/1.8/webrick/server.rb:95:in `start'
    /usr/lib/ruby/1.8/webrick/server.rb:92:in `each'
    /usr/lib/ruby/1.8/webrick/server.rb:92:in `start'
    /usr/lib/ruby/1.8/webrick/server.rb:23:in `start'
    /usr/lib/ruby/1.8/webrick/server.rb:82:in `start'

Rendered rescues/_trace (48.6ms)
Rendered rescues/_request_and_response (0.3ms)
Rendering rescues/layout (internal_server_error)


Processing UsersController#new (for 127.0.0.1 at 2010-09-23 05:54:14) [GET]
  Parameters: {"action"=>"new", "controller"=>"users"}
  [4;36;1mUser Load (0.5ms)[0m   [0;1mSELECT * FROM "users" WHERE ("users"."id" = '1') ORDER BY id LIMIT 1[0m
Rendering template within layouts/application
Rendering users/new
Rendered shared/_main_panel (0.3ms)
Completed in 128ms (View: 46, DB: 1) | 200 OK [http://localhost/signup.html]


Processing ApplicationController#index (for 127.0.0.1 at 2010-09-23 05:54:14) [GET]

ActionController::RoutingError (No route matches "/images/top.gif" with {:method=>:get}):
  haml (3.0.18) rails/./lib/sass/plugin/rack.rb:41:in `call'
  /usr/lib/ruby/1.8/webrick/httpserver.rb:104:in `service'
  /usr/lib/ruby/1.8/webrick/httpserver.rb:65:in `run'
  /usr/lib/ruby/1.8/webrick/server.rb:173:in `start_thread'
  /usr/lib/ruby/1.8/webrick/server.rb:162:in `start'
  /usr/lib/ruby/1.8/webrick/server.rb:162:in `start_thread'
  /usr/lib/ruby/1.8/webrick/server.rb:95:in `start'
  /usr/lib/ruby/1.8/webrick/server.rb:92:in `each'
  /usr/lib/ruby/1.8/webrick/server.rb:92:in `start'
  /usr/lib/ruby/1.8/webrick/server.rb:23:in `start'
  /usr/lib/ruby/1.8/webrick/server.rb:82:in `start'

Rendering rescues/layout (not_found)


Processing ApplicationController#index (for 127.0.0.1 at 2010-09-23 05:54:14) [GET]

ActionController::RoutingError (No route matches "/images/contentbg.png" with {:method=>:get}):
  haml (3.0.18) rails/./lib/sass/plugin/rack.rb:41:in `call'
  /usr/lib/ruby/1.8/webrick/httpserver.rb:104:in `service'
  /usr/lib/ruby/1.8/webrick/httpserver.rb:65:in `run'
  /usr/lib/ruby/1.8/webrick/server.rb:173:in `start_thread'
  /usr/lib/ruby/1.8/webrick/server.rb:162:in `start'
  /usr/lib/ruby/1.8/webrick/server.rb:162:in `start_thread'
  /usr/lib/ruby/1.8/webrick/server.rb:95:in `start'
  /usr/lib/ruby/1.8/webrick/server.rb:92:in `each'
  /usr/lib/ruby/1.8/webrick/server.rb:92:in `start'
  /usr/lib/ruby/1.8/webrick/server.rb:23:in `start'
  /usr/lib/ruby/1.8/webrick/server.rb:82:in `start'

Rendering rescues/layout (not_found)


Processing UsersController#create (for 127.0.0.1 at 2010-09-23 05:54:18) [POST]
  Parameters: {"commit"=>"Ð ÐµÐ³Ð¸ÑÑ‚Ñ€Ð°Ñ†Ð¸\321\217", "action"=>"create", "authenticity_token"=>"XjTZUB8z3gySuK5qP1bGokd4PK6Q/GpZRamjtJcK0tw=", "controller"=>"users", "user"=>{"password_confirmation"=>"[FILTERED]", "password"=>"[FILTERED]", "email"=>"vitrina@gmail.com"}}
  [4;35;1mUser Load (0.6ms)[0m   [0mSELECT * FROM "users" WHERE ("users"."id" = '1') ORDER BY id LIMIT 1[0m
  [4;36;1mUser Load (0.2ms)[0m   [0;1mSELECT "users".id FROM "users" WHERE (LOWER("users"."email") = 'vitrina@gmail.com') LIMIT 1[0m
  [4;35;1mCACHE (0.0ms)[0m   [0mSELECT "users".id FROM "users" WHERE (LOWER("users"."email") = 'vitrina@gmail.com') LIMIT 1[0m
  [4;36;1mUser Load (0.2ms)[0m   [0;1mSELECT "users".id FROM "users" WHERE ("users"."persistence_token" = '96718306bee4687bec3657e72062fa7ef26be27338b880614ac8c1a1d9cde1bee9473ed80348a8e2e8a1030413d39537d501c12bc5abd4248a434cb89b3b867e') LIMIT 1[0m
Rendering template within layouts/application
Rendering users/new
Rendered shared/_main_panel (0.3ms)
Completed in 326ms (View: 36, DB: 1) | 200 OK [http://localhost/users]


Processing ApplicationController#index (for 127.0.0.1 at 2010-09-23 05:54:18) [GET]

ActionController::RoutingError (No route matches "/images/top.gif" with {:method=>:get}):
  haml (3.0.18) rails/./lib/sass/plugin/rack.rb:41:in `call'
  /usr/lib/ruby/1.8/webrick/httpserver.rb:104:in `service'
  /usr/lib/ruby/1.8/webrick/httpserver.rb:65:in `run'
  /usr/lib/ruby/1.8/webrick/server.rb:173:in `start_thread'
  /usr/lib/ruby/1.8/webrick/server.rb:162:in `start'
  /usr/lib/ruby/1.8/webrick/server.rb:162:in `start_thread'
  /usr/lib/ruby/1.8/webrick/server.rb:95:in `start'
  /usr/lib/ruby/1.8/webrick/server.rb:92:in `each'
  /usr/lib/ruby/1.8/webrick/server.rb:92:in `start'
  /usr/lib/ruby/1.8/webrick/server.rb:23:in `start'
  /usr/lib/ruby/1.8/webrick/server.rb:82:in `start'

Rendering rescues/layout (not_found)


Processing ApplicationController#index (for 127.0.0.1 at 2010-09-23 05:54:18) [GET]

ActionController::RoutingError (No route matches "/images/contentbg.png" with {:method=>:get}):
  haml (3.0.18) rails/./lib/sass/plugin/rack.rb:41:in `call'
  /usr/lib/ruby/1.8/webrick/httpserver.rb:104:in `service'
  /usr/lib/ruby/1.8/webrick/httpserver.rb:65:in `run'
  /usr/lib/ruby/1.8/webrick/server.rb:173:in `start_thread'
  /usr/lib/ruby/1.8/webrick/server.rb:162:in `start'
  /usr/lib/ruby/1.8/webrick/server.rb:162:in `start_thread'
  /usr/lib/ruby/1.8/webrick/server.rb:95:in `start'
  /usr/lib/ruby/1.8/webrick/server.rb:92:in `each'
  /usr/lib/ruby/1.8/webrick/server.rb:92:in `start'
  /usr/lib/ruby/1.8/webrick/server.rb:23:in `start'
  /usr/lib/ruby/1.8/webrick/server.rb:82:in `start'

Rendering rescues/layout (not_found)


Processing WelcomeController#index (for 127.0.0.1 at 2010-09-23 05:54:57) [GET]
  Parameters: {"action"=>"index", "controller"=>"welcome"}
  [4;35;1mUser Load (5.6ms)[0m   [0mSELECT * FROM "users" WHERE ("users"."id" = '1') ORDER BY id LIMIT 1[0m
Rendering template within layouts/application
Rendering welcome/index
Rendered shared/_main_panel (0.3ms)
Completed in 87ms (View: 5, DB: 6) | 200 OK [http://localhost/]


Processing ApplicationController#index (for 127.0.0.1 at 2010-09-23 05:54:58) [GET]

ActionController::RoutingError (No route matches "/images/top.gif" with {:method=>:get}):
  haml (3.0.18) rails/./lib/sass/plugin/rack.rb:41:in `call'
  /usr/lib/ruby/1.8/webrick/httpserver.rb:104:in `service'
  /usr/lib/ruby/1.8/webrick/httpserver.rb:65:in `run'
  /usr/lib/ruby/1.8/webrick/server.rb:173:in `start_thread'
  /usr/lib/ruby/1.8/webrick/server.rb:162:in `start'
  /usr/lib/ruby/1.8/webrick/server.rb:162:in `start_thread'
  /usr/lib/ruby/1.8/webrick/server.rb:95:in `start'
  /usr/lib/ruby/1.8/webrick/server.rb:92:in `each'
  /usr/lib/ruby/1.8/webrick/server.rb:92:in `start'
  /usr/lib/ruby/1.8/webrick/server.rb:23:in `start'
  /usr/lib/ruby/1.8/webrick/server.rb:82:in `start'

Rendering rescues/layout (not_found)


Processing ApplicationController#index (for 127.0.0.1 at 2010-09-23 05:54:58) [GET]

ActionController::RoutingError (No route matches "/images/contentbg.png" with {:method=>:get}):
  haml (3.0.18) rails/./lib/sass/plugin/rack.rb:41:in `call'
  /usr/lib/ruby/1.8/webrick/httpserver.rb:104:in `service'
  /usr/lib/ruby/1.8/webrick/httpserver.rb:65:in `run'
  /usr/lib/ruby/1.8/webrick/server.rb:173:in `start_thread'
  /usr/lib/ruby/1.8/webrick/server.rb:162:in `start'
  /usr/lib/ruby/1.8/webrick/server.rb:162:in `start_thread'
  /usr/lib/ruby/1.8/webrick/server.rb:95:in `start'
  /usr/lib/ruby/1.8/webrick/server.rb:92:in `each'
  /usr/lib/ruby/1.8/webrick/server.rb:92:in `start'
  /usr/lib/ruby/1.8/webrick/server.rb:23:in `start'
  /usr/lib/ruby/1.8/webrick/server.rb:82:in `start'

Rendering rescues/layout (not_found)


Processing WelcomeController#index (for 127.0.0.1 at 2010-09-23 06:00:26) [GET]
  Parameters: {"action"=>"index", "controller"=>"welcome"}
  [4;36;1mUser Load (0.2ms)[0m   [0;1mSELECT * FROM "users" WHERE ("users"."id" = '1') ORDER BY id LIMIT 1[0m
Rendering template within layouts/application
Rendering welcome/index
Rendered shared/_main_panel (0.3ms)
Completed in 48ms (View: 19, DB: 0) | 200 OK [http://localhost/]


Processing ApplicationController#index (for 127.0.0.1 at 2010-09-23 06:00:27) [GET]

ActionController::RoutingError (No route matches "/images/top.gif" with {:method=>:get}):
  haml (3.0.18) rails/./lib/sass/plugin/rack.rb:41:in `call'
  /usr/lib/ruby/1.8/webrick/httpserver.rb:104:in `service'
  /usr/lib/ruby/1.8/webrick/httpserver.rb:65:in `run'
  /usr/lib/ruby/1.8/webrick/server.rb:173:in `start_thread'
  /usr/lib/ruby/1.8/webrick/server.rb:162:in `start'
  /usr/lib/ruby/1.8/webrick/server.rb:162:in `start_thread'
  /usr/lib/ruby/1.8/webrick/server.rb:95:in `start'
  /usr/lib/ruby/1.8/webrick/server.rb:92:in `each'
  /usr/lib/ruby/1.8/webrick/server.rb:92:in `start'
  /usr/lib/ruby/1.8/webrick/server.rb:23:in `start'
  /usr/lib/ruby/1.8/webrick/server.rb:82:in `start'

Rendering rescues/layout (not_found)


Processing ApplicationController#index (for 127.0.0.1 at 2010-09-23 06:00:27) [GET]

ActionController::RoutingError (No route matches "/images/contentbg.png" with {:method=>:get}):
  haml (3.0.18) rails/./lib/sass/plugin/rack.rb:41:in `call'
  /usr/lib/ruby/1.8/webrick/httpserver.rb:104:in `service'
  /usr/lib/ruby/1.8/webrick/httpserver.rb:65:in `run'
  /usr/lib/ruby/1.8/webrick/server.rb:173:in `start_thread'
  /usr/lib/ruby/1.8/webrick/server.rb:162:in `start'
  /usr/lib/ruby/1.8/webrick/server.rb:162:in `start_thread'
  /usr/lib/ruby/1.8/webrick/server.rb:95:in `start'
  /usr/lib/ruby/1.8/webrick/server.rb:92:in `each'
  /usr/lib/ruby/1.8/webrick/server.rb:92:in `start'
  /usr/lib/ruby/1.8/webrick/server.rb:23:in `start'
  /usr/lib/ruby/1.8/webrick/server.rb:82:in `start'

Rendering rescues/layout (not_found)


Processing ApplicationController#index (for 127.0.0.1 at 2010-09-23 06:00:40) [GET]

ActionController::RoutingError (No route matches "/magazines.html" with {:method=>:get}):
  haml (3.0.18) rails/./lib/sass/plugin/rack.rb:41:in `call'
  /usr/lib/ruby/1.8/webrick/httpserver.rb:104:in `service'
  /usr/lib/ruby/1.8/webrick/httpserver.rb:65:in `run'
  /usr/lib/ruby/1.8/webrick/server.rb:173:in `start_thread'
  /usr/lib/ruby/1.8/webrick/server.rb:162:in `start'
  /usr/lib/ruby/1.8/webrick/server.rb:162:in `start_thread'
  /usr/lib/ruby/1.8/webrick/server.rb:95:in `start'
  /usr/lib/ruby/1.8/webrick/server.rb:92:in `each'
  /usr/lib/ruby/1.8/webrick/server.rb:92:in `start'
  /usr/lib/ruby/1.8/webrick/server.rb:23:in `start'
  /usr/lib/ruby/1.8/webrick/server.rb:82:in `start'

Rendering rescues/layout (not_found)


Processing WelcomeController#index (for 127.0.0.1 at 2010-09-23 06:05:21) [GET]
  Parameters: {"action"=>"index", "controller"=>"welcome"}
  [4;35;1mUser Load (0.6ms)[0m   [0mSELECT * FROM "users" WHERE ("users"."id" = '1') ORDER BY id LIMIT 1[0m
Rendering template within layouts/application
Rendering welcome/index
Rendered shared/_main_panel (0.3ms)
Completed in 116ms (View: 37, DB: 1) | 200 OK [http://localhost/]


Processing ApplicationController#index (for 127.0.0.1 at 2010-09-23 06:05:22) [GET]

ActionController::RoutingError (No route matches "/images/top.gif" with {:method=>:get}):
  haml (3.0.18) rails/./lib/sass/plugin/rack.rb:41:in `call'
  /usr/lib/ruby/1.8/webrick/httpserver.rb:104:in `service'
  /usr/lib/ruby/1.8/webrick/httpserver.rb:65:in `run'
  /usr/lib/ruby/1.8/webrick/server.rb:173:in `start_thread'
  /usr/lib/ruby/1.8/webrick/server.rb:162:in `start'
  /usr/lib/ruby/1.8/webrick/server.rb:162:in `start_thread'
  /usr/lib/ruby/1.8/webrick/server.rb:95:in `start'
  /usr/lib/ruby/1.8/webrick/server.rb:92:in `each'
  /usr/lib/ruby/1.8/webrick/server.rb:92:in `start'
  /usr/lib/ruby/1.8/webrick/server.rb:23:in `start'
  /usr/lib/ruby/1.8/webrick/server.rb:82:in `start'

Rendering rescues/layout (not_found)


Processing ApplicationController#index (for 127.0.0.1 at 2010-09-23 06:05:22) [GET]

ActionController::RoutingError (No route matches "/images/contentbg.png" with {:method=>:get}):
  haml (3.0.18) rails/./lib/sass/plugin/rack.rb:41:in `call'
  /usr/lib/ruby/1.8/webrick/httpserver.rb:104:in `service'
  /usr/lib/ruby/1.8/webrick/httpserver.rb:65:in `run'
  /usr/lib/ruby/1.8/webrick/server.rb:173:in `start_thread'
  /usr/lib/ruby/1.8/webrick/server.rb:162:in `start'
  /usr/lib/ruby/1.8/webrick/server.rb:162:in `start_thread'
  /usr/lib/ruby/1.8/webrick/server.rb:95:in `start'
  /usr/lib/ruby/1.8/webrick/server.rb:92:in `each'
  /usr/lib/ruby/1.8/webrick/server.rb:92:in `start'
  /usr/lib/ruby/1.8/webrick/server.rb:23:in `start'
  /usr/lib/ruby/1.8/webrick/server.rb:82:in `start'

Rendering rescues/layout (not_found)


Processing WelcomeController#index (for 127.0.0.1 at 2010-09-23 06:07:36) [GET]
  Parameters: {"action"=>"index", "controller"=>"welcome"}
  [4;36;1mUser Load (0.6ms)[0m   [0;1mSELECT * FROM "users" WHERE ("users"."id" = '1') ORDER BY id LIMIT 1[0m
Rendering template within layouts/application
Rendering welcome/index
Rendered shared/_main_panel (0.8ms)
Completed in 136ms (View: 56, DB: 1) | 200 OK [http://localhost/]


Processing ApplicationController#index (for 127.0.0.1 at 2010-09-23 06:07:37) [GET]

ActionController::RoutingError (No route matches "/images/top.gif" with {:method=>:get}):
  haml (3.0.18) rails/./lib/sass/plugin/rack.rb:41:in `call'
  /usr/lib/ruby/1.8/webrick/httpserver.rb:104:in `service'
  /usr/lib/ruby/1.8/webrick/httpserver.rb:65:in `run'
  /usr/lib/ruby/1.8/webrick/server.rb:173:in `start_thread'
  /usr/lib/ruby/1.8/webrick/server.rb:162:in `start'
  /usr/lib/ruby/1.8/webrick/server.rb:162:in `start_thread'
  /usr/lib/ruby/1.8/webrick/server.rb:95:in `start'
  /usr/lib/ruby/1.8/webrick/server.rb:92:in `each'
  /usr/lib/ruby/1.8/webrick/server.rb:92:in `start'
  /usr/lib/ruby/1.8/webrick/server.rb:23:in `start'
  /usr/lib/ruby/1.8/webrick/server.rb:82:in `start'

Rendering rescues/layout (not_found)


Processing ApplicationController#index (for 127.0.0.1 at 2010-09-23 06:07:37) [GET]

ActionController::RoutingError (No route matches "/images/contentbg.png" with {:method=>:get}):
  haml (3.0.18) rails/./lib/sass/plugin/rack.rb:41:in `call'
  /usr/lib/ruby/1.8/webrick/httpserver.rb:104:in `service'
  /usr/lib/ruby/1.8/webrick/httpserver.rb:65:in `run'
  /usr/lib/ruby/1.8/webrick/server.rb:173:in `start_thread'
  /usr/lib/ruby/1.8/webrick/server.rb:162:in `start'
  /usr/lib/ruby/1.8/webrick/server.rb:162:in `start_thread'
  /usr/lib/ruby/1.8/webrick/server.rb:95:in `start'
  /usr/lib/ruby/1.8/webrick/server.rb:92:in `each'
  /usr/lib/ruby/1.8/webrick/server.rb:92:in `start'
  /usr/lib/ruby/1.8/webrick/server.rb:23:in `start'
  /usr/lib/ruby/1.8/webrick/server.rb:82:in `start'

Rendering rescues/layout (not_found)


Processing WelcomeController#index (for 127.0.0.1 at 2010-09-23 07:42:33) [GET]
  Parameters: {"action"=>"index", "controller"=>"welcome"}
  [4;35;1mUser Load (0.2ms)[0m   [0mSELECT * FROM "users" WHERE ("users"."id" = '1') ORDER BY id LIMIT 1[0m
Rendering template within layouts/application
Rendering welcome/index
Rendered shared/_main_panel (0.3ms)
Completed in 106ms (View: 6, DB: 0) | 200 OK [http://localhost/]


Processing ApplicationController#index (for 127.0.0.1 at 2010-09-23 07:42:34) [GET]

ActionController::RoutingError (No route matches "/images/top.gif" with {:method=>:get}):
  haml (3.0.18) rails/./lib/sass/plugin/rack.rb:41:in `call'
  /usr/lib/ruby/1.8/webrick/httpserver.rb:104:in `service'
  /usr/lib/ruby/1.8/webrick/httpserver.rb:65:in `run'
  /usr/lib/ruby/1.8/webrick/server.rb:173:in `start_thread'
  /usr/lib/ruby/1.8/webrick/server.rb:162:in `start'
  /usr/lib/ruby/1.8/webrick/server.rb:162:in `start_thread'
  /usr/lib/ruby/1.8/webrick/server.rb:95:in `start'
  /usr/lib/ruby/1.8/webrick/server.rb:92:in `each'
  /usr/lib/ruby/1.8/webrick/server.rb:92:in `start'
  /usr/lib/ruby/1.8/webrick/server.rb:23:in `start'
  /usr/lib/ruby/1.8/webrick/server.rb:82:in `start'

Rendering rescues/layout (not_found)


Processing ApplicationController#index (for 127.0.0.1 at 2010-09-23 07:42:34) [GET]

ActionController::RoutingError (No route matches "/images/contentbg.png" with {:method=>:get}):
  haml (3.0.18) rails/./lib/sass/plugin/rack.rb:41:in `call'
  /usr/lib/ruby/1.8/webrick/httpserver.rb:104:in `service'
  /usr/lib/ruby/1.8/webrick/httpserver.rb:65:in `run'
  /usr/lib/ruby/1.8/webrick/server.rb:173:in `start_thread'
  /usr/lib/ruby/1.8/webrick/server.rb:162:in `start'
  /usr/lib/ruby/1.8/webrick/server.rb:162:in `start_thread'
  /usr/lib/ruby/1.8/webrick/server.rb:95:in `start'
  /usr/lib/ruby/1.8/webrick/server.rb:92:in `each'
  /usr/lib/ruby/1.8/webrick/server.rb:92:in `start'
  /usr/lib/ruby/1.8/webrick/server.rb:23:in `start'
  /usr/lib/ruby/1.8/webrick/server.rb:82:in `start'

Rendering rescues/layout (not_found)


Processing WelcomeController#index (for 127.0.0.1 at 2010-09-23 07:44:28) [GET]
  Parameters: {"action"=>"index", "controller"=>"welcome"}
  [4;36;1mUser Load (0.3ms)[0m   [0;1mSELECT * FROM "users" WHERE ("users"."id" = '1') ORDER BY id LIMIT 1[0m
Rendering template within layouts/application
Rendering welcome/index
Rendered shared/_main_panel (0.3ms)
Completed in 204ms (View: 21, DB: 0) | 200 OK [http://localhost/]


Processing ApplicationController#index (for 127.0.0.1 at 2010-09-23 07:44:28) [GET]

ActionController::RoutingError (No route matches "/images/top.gif" with {:method=>:get}):
  haml (3.0.18) rails/./lib/sass/plugin/rack.rb:41:in `call'
  /usr/lib/ruby/1.8/webrick/httpserver.rb:104:in `service'
  /usr/lib/ruby/1.8/webrick/httpserver.rb:65:in `run'
  /usr/lib/ruby/1.8/webrick/server.rb:173:in `start_thread'
  /usr/lib/ruby/1.8/webrick/server.rb:162:in `start'
  /usr/lib/ruby/1.8/webrick/server.rb:162:in `start_thread'
  /usr/lib/ruby/1.8/webrick/server.rb:95:in `start'
  /usr/lib/ruby/1.8/webrick/server.rb:92:in `each'
  /usr/lib/ruby/1.8/webrick/server.rb:92:in `start'
  /usr/lib/ruby/1.8/webrick/server.rb:23:in `start'
  /usr/lib/ruby/1.8/webrick/server.rb:82:in `start'

Rendering rescues/layout (not_found)


Processing ApplicationController#index (for 127.0.0.1 at 2010-09-23 07:44:28) [GET]

ActionController::RoutingError (No route matches "/images/contentbg.png" with {:method=>:get}):
  haml (3.0.18) rails/./lib/sass/plugin/rack.rb:41:in `call'
  /usr/lib/ruby/1.8/webrick/httpserver.rb:104:in `service'
  /usr/lib/ruby/1.8/webrick/httpserver.rb:65:in `run'
  /usr/lib/ruby/1.8/webrick/server.rb:173:in `start_thread'
  /usr/lib/ruby/1.8/webrick/server.rb:162:in `start'
  /usr/lib/ruby/1.8/webrick/server.rb:162:in `start_thread'
  /usr/lib/ruby/1.8/webrick/server.rb:95:in `start'
  /usr/lib/ruby/1.8/webrick/server.rb:92:in `each'
  /usr/lib/ruby/1.8/webrick/server.rb:92:in `start'
  /usr/lib/ruby/1.8/webrick/server.rb:23:in `start'
  /usr/lib/ruby/1.8/webrick/server.rb:82:in `start'

Rendering rescues/layout (not_found)


Processing ResumesController#index to html (for 127.0.0.1 at 2010-09-23 07:44:32) [GET]
  Parameters: {"format"=>"html", "action"=>"index", "controller"=>"resumes"}
  [4;35;1mUser Load (0.3ms)[0m   [0mSELECT * FROM "users" WHERE ("users"."id" = '1') ORDER BY id LIMIT 1[0m
  [4;36;1mResume Load (0.0ms)[0m   [0;1mSQLite3::SQLException: no such table: resumes: SELECT * FROM "resumes" LIMIT 20 OFFSET 0[0m

ActiveRecord::StatementInvalid (SQLite3::SQLException: no such table: resumes: SELECT * FROM "resumes"  LIMIT 20 OFFSET 0):
  /usr/lib/ruby/gems/1.8/gems/will_paginate-2.3.15/lib/will_paginate/finder.rb:82:in `send'
  /usr/lib/ruby/gems/1.8/gems/will_paginate-2.3.15/lib/will_paginate/finder.rb:82:in `paginate'
  /usr/lib/ruby/gems/1.8/gems/will_paginate-2.3.15/lib/will_paginate/collection.rb:85:in `create'
  /usr/lib/ruby/gems/1.8/gems/will_paginate-2.3.15/lib/will_paginate/finder.rb:76:in `paginate'
  app/controllers/resumes_controller.rb:12:in `collection'
  /usr/lib/ruby/gems/1.8/gems/inherited_resources-1.0.6/lib/inherited_resources/actions.rb:7:in `index'
  haml (3.0.18) rails/./lib/sass/plugin/rack.rb:41:in `call'
  /usr/lib/ruby/1.8/webrick/httpserver.rb:104:in `service'
  /usr/lib/ruby/1.8/webrick/httpserver.rb:65:in `run'
  /usr/lib/ruby/1.8/webrick/server.rb:173:in `start_thread'
  /usr/lib/ruby/1.8/webrick/server.rb:162:in `start'
  /usr/lib/ruby/1.8/webrick/server.rb:162:in `start_thread'
  /usr/lib/ruby/1.8/webrick/server.rb:95:in `start'
  /usr/lib/ruby/1.8/webrick/server.rb:92:in `each'
  /usr/lib/ruby/1.8/webrick/server.rb:92:in `start'
  /usr/lib/ruby/1.8/webrick/server.rb:23:in `start'
  /usr/lib/ruby/1.8/webrick/server.rb:82:in `start'

Rendered rescues/_trace (37.5ms)
Rendered rescues/_request_and_response (0.4ms)
Rendering rescues/layout (internal_server_error)
  [4;36;1mSQL (0.6ms)[0m   [0;1m SELECT name
 FROM sqlite_master
 WHERE type = 'table' AND NOT name = 'sqlite_sequence'
[0m
  [4;35;1mSQL (0.2ms)[0m   [0mSELECT version FROM schema_migrations[0m
Migrating to CreateUsers (20100401054115)
Migrating to CreateResumes (20100923003304)
  [4;36;1mSQL (0.1ms)[0m   [0;1mselect sqlite_version(*)[0m
  [4;35;1mSQL (0.6ms)[0m   [0mCREATE TABLE "resumes" ("id" INTEGER PRIMARY KEY AUTOINCREMENT NOT NULL, "full_name" varchar(255), "birthday" date, "sex" varchar(255), "family" varchar(255), "education" text, "additional_education" text, "personal_qualities" text, "skills" text, "job" varchar(255), "experience" text, "additional_information" text, "created_at" datetime, "updated_at" datetime) [0m
  [4;36;1mSQL (0.2ms)[0m   [0;1mINSERT INTO schema_migrations (version) VALUES ('20100923003304')[0m
  [4;35;1mSQL (1.0ms)[0m   [0m SELECT name
 FROM sqlite_master
 WHERE type = 'table' AND NOT name = 'sqlite_sequence'
[0m
  [4;36;1mSQL (0.5ms)[0m   [0;1mSELECT version FROM schema_migrations[0m
  [4;35;1mSQL (0.8ms)[0m   [0m SELECT name
 FROM sqlite_master
 WHERE type = 'table' AND NOT name = 'sqlite_sequence'
[0m
  [4;36;1mSQL (0.3ms)[0m   [0;1mPRAGMA index_list("resumes")[0m
  [4;35;1mSQL (0.1ms)[0m   [0mPRAGMA index_list("roles")[0m
  [4;36;1mSQL (0.1ms)[0m   [0;1mPRAGMA index_list("roles_users")[0m
  [4;35;1mSQL (1.1ms)[0m   [0mPRAGMA index_list("users")[0m
  [4;36;1mSQL (0.4ms)[0m   [0;1mPRAGMA index_info('index_users_on_perishable_token')[0m
  [4;35;1mSQL (0.4ms)[0m   [0mPRAGMA index_info('index_users_on_last_request_at')[0m
  [4;36;1mSQL (0.9ms)[0m   [0;1mPRAGMA index_info('index_users_on_persistence_token')[0m
  [4;35;1mSQL (0.4ms)[0m   [0mPRAGMA index_info('index_users_on_city_name')[0m
  [4;36;1mSQL (0.4ms)[0m   [0;1mPRAGMA index_info('index_users_on_email')[0m


Processing ResumesController#index to html (for 127.0.0.1 at 2010-09-23 07:44:57) [GET]
  Parameters: {"format"=>"html", "action"=>"index", "controller"=>"resumes"}
  [4;35;1mUser Load (0.3ms)[0m   [0mSELECT * FROM "users" WHERE ("users"."id" = '1') ORDER BY id LIMIT 1[0m
  [4;36;1mResume Load (0.2ms)[0m   [0;1mSELECT * FROM "resumes" LIMIT 20 OFFSET 0[0m
Rendering template within layouts/application
Rendering resumes/index
Rendered shared/_main_panel (0.3ms)
Completed in 70ms (View: 13, DB: 1) | 200 OK [http://localhost/resumes.html]


Processing ApplicationController#index (for 127.0.0.1 at 2010-09-23 07:44:57) [GET]

ActionController::RoutingError (No route matches "/images/top.gif" with {:method=>:get}):
  haml (3.0.18) rails/./lib/sass/plugin/rack.rb:41:in `call'
  /usr/lib/ruby/1.8/webrick/httpserver.rb:104:in `service'
  /usr/lib/ruby/1.8/webrick/httpserver.rb:65:in `run'
  /usr/lib/ruby/1.8/webrick/server.rb:173:in `start_thread'
  /usr/lib/ruby/1.8/webrick/server.rb:162:in `start'
  /usr/lib/ruby/1.8/webrick/server.rb:162:in `start_thread'
  /usr/lib/ruby/1.8/webrick/server.rb:95:in `start'
  /usr/lib/ruby/1.8/webrick/server.rb:92:in `each'
  /usr/lib/ruby/1.8/webrick/server.rb:92:in `start'
  /usr/lib/ruby/1.8/webrick/server.rb:23:in `start'
  /usr/lib/ruby/1.8/webrick/server.rb:82:in `start'

Rendering rescues/layout (not_found)


Processing ApplicationController#index (for 127.0.0.1 at 2010-09-23 07:44:58) [GET]

ActionController::RoutingError (No route matches "/images/contentbg.png" with {:method=>:get}):
  haml (3.0.18) rails/./lib/sass/plugin/rack.rb:41:in `call'
  /usr/lib/ruby/1.8/webrick/httpserver.rb:104:in `service'
  /usr/lib/ruby/1.8/webrick/httpserver.rb:65:in `run'
  /usr/lib/ruby/1.8/webrick/server.rb:173:in `start_thread'
  /usr/lib/ruby/1.8/webrick/server.rb:162:in `start'
  /usr/lib/ruby/1.8/webrick/server.rb:162:in `start_thread'
  /usr/lib/ruby/1.8/webrick/server.rb:95:in `start'
  /usr/lib/ruby/1.8/webrick/server.rb:92:in `each'
  /usr/lib/ruby/1.8/webrick/server.rb:92:in `start'
  /usr/lib/ruby/1.8/webrick/server.rb:23:in `start'
  /usr/lib/ruby/1.8/webrick/server.rb:82:in `start'

Rendering rescues/layout (not_found)


Processing ResumesController#new (for 127.0.0.1 at 2010-09-23 07:45:02) [GET]
  Parameters: {"action"=>"new", "controller"=>"resumes"}
  [4;35;1mUser Load (1.0ms)[0m   [0mSELECT * FROM "users" WHERE ("users"."id" = '1') ORDER BY id LIMIT 1[0m
Rendering template within layouts/application
Rendering resumes/new
Rendered resumes/_form (21.1ms)
Rendered shared/_main_panel (0.3ms)
Completed in 234ms (View: 145, DB: 1) | 200 OK [http://localhost/resumes/new]


Processing ApplicationController#index (for 127.0.0.1 at 2010-09-23 07:45:03) [GET]

ActionController::RoutingError (No route matches "/images/top.gif" with {:method=>:get}):
  haml (3.0.18) rails/./lib/sass/plugin/rack.rb:41:in `call'
  /usr/lib/ruby/1.8/webrick/httpserver.rb:104:in `service'
  /usr/lib/ruby/1.8/webrick/httpserver.rb:65:in `run'
  /usr/lib/ruby/1.8/webrick/server.rb:173:in `start_thread'
  /usr/lib/ruby/1.8/webrick/server.rb:162:in `start'
  /usr/lib/ruby/1.8/webrick/server.rb:162:in `start_thread'
  /usr/lib/ruby/1.8/webrick/server.rb:95:in `start'
  /usr/lib/ruby/1.8/webrick/server.rb:92:in `each'
  /usr/lib/ruby/1.8/webrick/server.rb:92:in `start'
  /usr/lib/ruby/1.8/webrick/server.rb:23:in `start'
  /usr/lib/ruby/1.8/webrick/server.rb:82:in `start'

Rendering rescues/layout (not_found)


Processing ApplicationController#index (for 127.0.0.1 at 2010-09-23 07:45:03) [GET]

ActionController::RoutingError (No route matches "/images/contentbg.png" with {:method=>:get}):
  haml (3.0.18) rails/./lib/sass/plugin/rack.rb:41:in `call'
  /usr/lib/ruby/1.8/webrick/httpserver.rb:104:in `service'
  /usr/lib/ruby/1.8/webrick/httpserver.rb:65:in `run'
  /usr/lib/ruby/1.8/webrick/server.rb:173:in `start_thread'
  /usr/lib/ruby/1.8/webrick/server.rb:162:in `start'
  /usr/lib/ruby/1.8/webrick/server.rb:162:in `start_thread'
  /usr/lib/ruby/1.8/webrick/server.rb:95:in `start'
  /usr/lib/ruby/1.8/webrick/server.rb:92:in `each'
  /usr/lib/ruby/1.8/webrick/server.rb:92:in `start'
  /usr/lib/ruby/1.8/webrick/server.rb:23:in `start'
  /usr/lib/ruby/1.8/webrick/server.rb:82:in `start'

Rendering rescues/layout (not_found)


Processing ResumesController#index to html (for 127.0.0.1 at 2010-09-23 07:58:03) [GET]
  Parameters: {"format"=>"html", "action"=>"index", "controller"=>"resumes"}
  [4;36;1mUser Load (0.2ms)[0m   [0;1mSELECT * FROM "users" WHERE ("users"."id" = '1') ORDER BY id LIMIT 1[0m
  [4;35;1mResume Load (0.2ms)[0m   [0mSELECT * FROM "resumes" LIMIT 20 OFFSET 0[0m
Rendering template within layouts/application
Rendering resumes/index
Rendered shared/_main_panel (0.3ms)
Completed in 194ms (View: 5, DB: 0) | 200 OK [http://localhost/resumes.html]


Processing ApplicationController#index (for 127.0.0.1 at 2010-09-23 07:58:03) [GET]

ActionController::RoutingError (No route matches "/images/top.gif" with {:method=>:get}):
  haml (3.0.18) rails/./lib/sass/plugin/rack.rb:41:in `call'
  /usr/lib/ruby/1.8/webrick/httpserver.rb:104:in `service'
  /usr/lib/ruby/1.8/webrick/httpserver.rb:65:in `run'
  /usr/lib/ruby/1.8/webrick/server.rb:173:in `start_thread'
  /usr/lib/ruby/1.8/webrick/server.rb:162:in `start'
  /usr/lib/ruby/1.8/webrick/server.rb:162:in `start_thread'
  /usr/lib/ruby/1.8/webrick/server.rb:95:in `start'
  /usr/lib/ruby/1.8/webrick/server.rb:92:in `each'
  /usr/lib/ruby/1.8/webrick/server.rb:92:in `start'
  /usr/lib/ruby/1.8/webrick/server.rb:23:in `start'
  /usr/lib/ruby/1.8/webrick/server.rb:82:in `start'

Rendering rescues/layout (not_found)


Processing ApplicationController#index (for 127.0.0.1 at 2010-09-23 07:58:03) [GET]

ActionController::RoutingError (No route matches "/images/contentbg.png" with {:method=>:get}):
  haml (3.0.18) rails/./lib/sass/plugin/rack.rb:41:in `call'
  /usr/lib/ruby/1.8/webrick/httpserver.rb:104:in `service'
  /usr/lib/ruby/1.8/webrick/httpserver.rb:65:in `run'
  /usr/lib/ruby/1.8/webrick/server.rb:173:in `start_thread'
  /usr/lib/ruby/1.8/webrick/server.rb:162:in `start'
  /usr/lib/ruby/1.8/webrick/server.rb:162:in `start_thread'
  /usr/lib/ruby/1.8/webrick/server.rb:95:in `start'
  /usr/lib/ruby/1.8/webrick/server.rb:92:in `each'
  /usr/lib/ruby/1.8/webrick/server.rb:92:in `start'
  /usr/lib/ruby/1.8/webrick/server.rb:23:in `start'
  /usr/lib/ruby/1.8/webrick/server.rb:82:in `start'

Rendering rescues/layout (not_found)


Processing ResumesController#new (for 127.0.0.1 at 2010-09-23 07:58:06) [GET]
  Parameters: {"action"=>"new", "controller"=>"resumes"}
  [4;36;1mUser Load (0.6ms)[0m   [0;1mSELECT * FROM "users" WHERE ("users"."id" = '1') ORDER BY id LIMIT 1[0m
Rendering template within layouts/application
Rendering resumes/new
Rendered resumes/_form (17.0ms)
Rendered shared/_main_panel (0.3ms)
Completed in 194ms (View: 106, DB: 1) | 200 OK [http://localhost/resumes/new]


Processing ApplicationController#index (for 127.0.0.1 at 2010-09-23 07:58:07) [GET]

ActionController::RoutingError (No route matches "/images/top.gif" with {:method=>:get}):
  haml (3.0.18) rails/./lib/sass/plugin/rack.rb:41:in `call'
  /usr/lib/ruby/1.8/webrick/httpserver.rb:104:in `service'
  /usr/lib/ruby/1.8/webrick/httpserver.rb:65:in `run'
  /usr/lib/ruby/1.8/webrick/server.rb:173:in `start_thread'
  /usr/lib/ruby/1.8/webrick/server.rb:162:in `start'
  /usr/lib/ruby/1.8/webrick/server.rb:162:in `start_thread'
  /usr/lib/ruby/1.8/webrick/server.rb:95:in `start'
  /usr/lib/ruby/1.8/webrick/server.rb:92:in `each'
  /usr/lib/ruby/1.8/webrick/server.rb:92:in `start'
  /usr/lib/ruby/1.8/webrick/server.rb:23:in `start'
  /usr/lib/ruby/1.8/webrick/server.rb:82:in `start'

Rendering rescues/layout (not_found)


Processing ApplicationController#index (for 127.0.0.1 at 2010-09-23 07:58:07) [GET]

ActionController::RoutingError (No route matches "/images/contentbg.png" with {:method=>:get}):
  haml (3.0.18) rails/./lib/sass/plugin/rack.rb:41:in `call'
  /usr/lib/ruby/1.8/webrick/httpserver.rb:104:in `service'
  /usr/lib/ruby/1.8/webrick/httpserver.rb:65:in `run'
  /usr/lib/ruby/1.8/webrick/server.rb:173:in `start_thread'
  /usr/lib/ruby/1.8/webrick/server.rb:162:in `start'
  /usr/lib/ruby/1.8/webrick/server.rb:162:in `start_thread'
  /usr/lib/ruby/1.8/webrick/server.rb:95:in `start'
  /usr/lib/ruby/1.8/webrick/server.rb:92:in `each'
  /usr/lib/ruby/1.8/webrick/server.rb:92:in `start'
  /usr/lib/ruby/1.8/webrick/server.rb:23:in `start'
  /usr/lib/ruby/1.8/webrick/server.rb:82:in `start'

Rendering rescues/layout (not_found)


Processing ResumesController#index to html (for 127.0.0.1 at 2010-09-23 09:42:36) [GET]
  Parameters: {"format"=>"html", "action"=>"index", "controller"=>"resumes"}
  [4;35;1mUser Load (0.6ms)[0m   [0mSELECT * FROM "users" WHERE ("users"."id" = '1') ORDER BY id LIMIT 1[0m
  [4;36;1mResume Load (0.5ms)[0m   [0;1mSELECT * FROM "resumes" LIMIT 20 OFFSET 0[0m
Rendering template within layouts/application
Rendering resumes/index
Rendered shared/_main_panel (0.8ms)
Completed in 97ms (View: 14, DB: 1) | 200 OK [http://localhost/resumes.html]


Processing ApplicationController#index (for 127.0.0.1 at 2010-09-23 09:42:36) [GET]

ActionController::RoutingError (No route matches "/images/top.gif" with {:method=>:get}):
  haml (3.0.18) rails/./lib/sass/plugin/rack.rb:41:in `call'
  /usr/lib/ruby/1.8/webrick/httpserver.rb:104:in `service'
  /usr/lib/ruby/1.8/webrick/httpserver.rb:65:in `run'
  /usr/lib/ruby/1.8/webrick/server.rb:173:in `start_thread'
  /usr/lib/ruby/1.8/webrick/server.rb:162:in `start'
  /usr/lib/ruby/1.8/webrick/server.rb:162:in `start_thread'
  /usr/lib/ruby/1.8/webrick/server.rb:95:in `start'
  /usr/lib/ruby/1.8/webrick/server.rb:92:in `each'
  /usr/lib/ruby/1.8/webrick/server.rb:92:in `start'
  /usr/lib/ruby/1.8/webrick/server.rb:23:in `start'
  /usr/lib/ruby/1.8/webrick/server.rb:82:in `start'

Rendering rescues/layout (not_found)


Processing ApplicationController#index (for 127.0.0.1 at 2010-09-23 09:42:36) [GET]

ActionController::RoutingError (No route matches "/images/contentbg.png" with {:method=>:get}):
  haml (3.0.18) rails/./lib/sass/plugin/rack.rb:41:in `call'
  /usr/lib/ruby/1.8/webrick/httpserver.rb:104:in `service'
  /usr/lib/ruby/1.8/webrick/httpserver.rb:65:in `run'
  /usr/lib/ruby/1.8/webrick/server.rb:173:in `start_thread'
  /usr/lib/ruby/1.8/webrick/server.rb:162:in `start'
  /usr/lib/ruby/1.8/webrick/server.rb:162:in `start_thread'
  /usr/lib/ruby/1.8/webrick/server.rb:95:in `start'
  /usr/lib/ruby/1.8/webrick/server.rb:92:in `each'
  /usr/lib/ruby/1.8/webrick/server.rb:92:in `start'
  /usr/lib/ruby/1.8/webrick/server.rb:23:in `start'
  /usr/lib/ruby/1.8/webrick/server.rb:82:in `start'

Rendering rescues/layout (not_found)


Processing ResumesController#new (for 127.0.0.1 at 2010-09-23 09:42:39) [GET]
  Parameters: {"action"=>"new", "controller"=>"resumes"}
  [4;35;1mUser Load (0.6ms)[0m   [0mSELECT * FROM "users" WHERE ("users"."id" = '1') ORDER BY id LIMIT 1[0m
Rendering template within layouts/application
Rendering resumes/new
Rendered resumes/_form (17.3ms)
Rendered shared/_main_panel (0.3ms)
Completed in 121ms (View: 34, DB: 1) | 200 OK [http://localhost/resumes/new]


Processing ApplicationController#index (for 127.0.0.1 at 2010-09-23 09:42:40) [GET]

ActionController::RoutingError (No route matches "/images/top.gif" with {:method=>:get}):
  haml (3.0.18) rails/./lib/sass/plugin/rack.rb:41:in `call'
  /usr/lib/ruby/1.8/webrick/httpserver.rb:104:in `service'
  /usr/lib/ruby/1.8/webrick/httpserver.rb:65:in `run'
  /usr/lib/ruby/1.8/webrick/server.rb:173:in `start_thread'
  /usr/lib/ruby/1.8/webrick/server.rb:162:in `start'
  /usr/lib/ruby/1.8/webrick/server.rb:162:in `start_thread'
  /usr/lib/ruby/1.8/webrick/server.rb:95:in `start'
  /usr/lib/ruby/1.8/webrick/server.rb:92:in `each'
  /usr/lib/ruby/1.8/webrick/server.rb:92:in `start'
  /usr/lib/ruby/1.8/webrick/server.rb:23:in `start'
  /usr/lib/ruby/1.8/webrick/server.rb:82:in `start'

Rendering rescues/layout (not_found)


Processing ApplicationController#index (for 127.0.0.1 at 2010-09-23 09:42:40) [GET]

ActionController::RoutingError (No route matches "/images/contentbg.png" with {:method=>:get}):
  haml (3.0.18) rails/./lib/sass/plugin/rack.rb:41:in `call'
  /usr/lib/ruby/1.8/webrick/httpserver.rb:104:in `service'
  /usr/lib/ruby/1.8/webrick/httpserver.rb:65:in `run'
  /usr/lib/ruby/1.8/webrick/server.rb:173:in `start_thread'
  /usr/lib/ruby/1.8/webrick/server.rb:162:in `start'
  /usr/lib/ruby/1.8/webrick/server.rb:162:in `start_thread'
  /usr/lib/ruby/1.8/webrick/server.rb:95:in `start'
  /usr/lib/ruby/1.8/webrick/server.rb:92:in `each'
  /usr/lib/ruby/1.8/webrick/server.rb:92:in `start'
  /usr/lib/ruby/1.8/webrick/server.rb:23:in `start'
  /usr/lib/ruby/1.8/webrick/server.rb:82:in `start'

Rendering rescues/layout (not_found)


Processing UserSessionsController#new (for 127.0.0.1 at 2010-09-23 09:44:06) [GET]
  Parameters: {"action"=>"new", "controller"=>"user_sessions"}
  [4;36;1mUser Load (0.6ms)[0m   [0;1mSELECT * FROM "users" WHERE ("users"."id" = '1') ORDER BY id LIMIT 1[0m
Rendering template within layouts/application
Rendering user_sessions/new
Rendered shared/_main_panel (0.4ms)
Completed in 95ms (View: 13, DB: 1) | 200 OK [http://localhost/login.html]


Processing ApplicationController#index (for 127.0.0.1 at 2010-09-23 09:44:07) [GET]

ActionController::RoutingError (No route matches "/images/top.gif" with {:method=>:get}):
  haml (3.0.18) rails/./lib/sass/plugin/rack.rb:41:in `call'
  /usr/lib/ruby/1.8/webrick/httpserver.rb:104:in `service'
  /usr/lib/ruby/1.8/webrick/httpserver.rb:65:in `run'
  /usr/lib/ruby/1.8/webrick/server.rb:173:in `start_thread'
  /usr/lib/ruby/1.8/webrick/server.rb:162:in `start'
  /usr/lib/ruby/1.8/webrick/server.rb:162:in `start_thread'
  /usr/lib/ruby/1.8/webrick/server.rb:95:in `start'
  /usr/lib/ruby/1.8/webrick/server.rb:92:in `each'
  /usr/lib/ruby/1.8/webrick/server.rb:92:in `start'
  /usr/lib/ruby/1.8/webrick/server.rb:23:in `start'
  /usr/lib/ruby/1.8/webrick/server.rb:82:in `start'

Rendering rescues/layout (not_found)


Processing ApplicationController#index (for 127.0.0.1 at 2010-09-23 09:44:07) [GET]

ActionController::RoutingError (No route matches "/images/contentbg.png" with {:method=>:get}):
  haml (3.0.18) rails/./lib/sass/plugin/rack.rb:41:in `call'
  /usr/lib/ruby/1.8/webrick/httpserver.rb:104:in `service'
  /usr/lib/ruby/1.8/webrick/httpserver.rb:65:in `run'
  /usr/lib/ruby/1.8/webrick/server.rb:173:in `start_thread'
  /usr/lib/ruby/1.8/webrick/server.rb:162:in `start'
  /usr/lib/ruby/1.8/webrick/server.rb:162:in `start_thread'
  /usr/lib/ruby/1.8/webrick/server.rb:95:in `start'
  /usr/lib/ruby/1.8/webrick/server.rb:92:in `each'
  /usr/lib/ruby/1.8/webrick/server.rb:92:in `start'
  /usr/lib/ruby/1.8/webrick/server.rb:23:in `start'
  /usr/lib/ruby/1.8/webrick/server.rb:82:in `start'

Rendering rescues/layout (not_found)


Processing UsersController#new (for 127.0.0.1 at 2010-09-23 09:44:09) [GET]
  Parameters: {"action"=>"new", "controller"=>"users"}
  [4;35;1mUser Load (0.3ms)[0m   [0mSELECT * FROM "users" WHERE ("users"."id" = '1') ORDER BY id LIMIT 1[0m
Rendering template within layouts/application
Rendering users/new
Rendered shared/_main_panel (0.4ms)
Completed in 47ms (View: 18, DB: 0) | 200 OK [http://localhost/signup.html]


Processing ApplicationController#index (for 127.0.0.1 at 2010-09-23 09:44:09) [GET]

ActionController::RoutingError (No route matches "/images/top.gif" with {:method=>:get}):
  haml (3.0.18) rails/./lib/sass/plugin/rack.rb:41:in `call'
  /usr/lib/ruby/1.8/webrick/httpserver.rb:104:in `service'
  /usr/lib/ruby/1.8/webrick/httpserver.rb:65:in `run'
  /usr/lib/ruby/1.8/webrick/server.rb:173:in `start_thread'
  /usr/lib/ruby/1.8/webrick/server.rb:162:in `start'
  /usr/lib/ruby/1.8/webrick/server.rb:162:in `start_thread'
  /usr/lib/ruby/1.8/webrick/server.rb:95:in `start'
  /usr/lib/ruby/1.8/webrick/server.rb:92:in `each'
  /usr/lib/ruby/1.8/webrick/server.rb:92:in `start'
  /usr/lib/ruby/1.8/webrick/server.rb:23:in `start'
  /usr/lib/ruby/1.8/webrick/server.rb:82:in `start'

Rendering rescues/layout (not_found)


Processing ApplicationController#index (for 127.0.0.1 at 2010-09-23 09:44:09) [GET]

ActionController::RoutingError (No route matches "/images/contentbg.png" with {:method=>:get}):
  haml (3.0.18) rails/./lib/sass/plugin/rack.rb:41:in `call'
  /usr/lib/ruby/1.8/webrick/httpserver.rb:104:in `service'
  /usr/lib/ruby/1.8/webrick/httpserver.rb:65:in `run'
  /usr/lib/ruby/1.8/webrick/server.rb:173:in `start_thread'
  /usr/lib/ruby/1.8/webrick/server.rb:162:in `start'
  /usr/lib/ruby/1.8/webrick/server.rb:162:in `start_thread'
  /usr/lib/ruby/1.8/webrick/server.rb:95:in `start'
  /usr/lib/ruby/1.8/webrick/server.rb:92:in `each'
  /usr/lib/ruby/1.8/webrick/server.rb:92:in `start'
  /usr/lib/ruby/1.8/webrick/server.rb:23:in `start'
  /usr/lib/ruby/1.8/webrick/server.rb:82:in `start'

Rendering rescues/layout (not_found)


Processing ResumesController#index to html (for 127.0.0.1 at 2010-09-23 09:44:13) [GET]
  Parameters: {"format"=>"html", "action"=>"index", "controller"=>"resumes"}
  [4;36;1mUser Load (0.2ms)[0m   [0;1mSELECT * FROM "users" WHERE ("users"."id" = '1') ORDER BY id LIMIT 1[0m
  [4;35;1mResume Load (0.3ms)[0m   [0mSELECT * FROM "resumes" LIMIT 20 OFFSET 0[0m
Rendering template within layouts/application
Rendering resumes/index
Rendered shared/_main_panel (0.3ms)
Completed in 54ms (View: 5, DB: 0) | 200 OK [http://localhost/resumes.html]


Processing ApplicationController#index (for 127.0.0.1 at 2010-09-23 09:44:13) [GET]

ActionController::RoutingError (No route matches "/images/top.gif" with {:method=>:get}):
  haml (3.0.18) rails/./lib/sass/plugin/rack.rb:41:in `call'
  /usr/lib/ruby/1.8/webrick/httpserver.rb:104:in `service'
  /usr/lib/ruby/1.8/webrick/httpserver.rb:65:in `run'
  /usr/lib/ruby/1.8/webrick/server.rb:173:in `start_thread'
  /usr/lib/ruby/1.8/webrick/server.rb:162:in `start'
  /usr/lib/ruby/1.8/webrick/server.rb:162:in `start_thread'
  /usr/lib/ruby/1.8/webrick/server.rb:95:in `start'
  /usr/lib/ruby/1.8/webrick/server.rb:92:in `each'
  /usr/lib/ruby/1.8/webrick/server.rb:92:in `start'
  /usr/lib/ruby/1.8/webrick/server.rb:23:in `start'
  /usr/lib/ruby/1.8/webrick/server.rb:82:in `start'

Rendering rescues/layout (not_found)


Processing ApplicationController#index (for 127.0.0.1 at 2010-09-23 09:44:13) [GET]

ActionController::RoutingError (No route matches "/images/contentbg.png" with {:method=>:get}):
  haml (3.0.18) rails/./lib/sass/plugin/rack.rb:41:in `call'
  /usr/lib/ruby/1.8/webrick/httpserver.rb:104:in `service'
  /usr/lib/ruby/1.8/webrick/httpserver.rb:65:in `run'
  /usr/lib/ruby/1.8/webrick/server.rb:173:in `start_thread'
  /usr/lib/ruby/1.8/webrick/server.rb:162:in `start'
  /usr/lib/ruby/1.8/webrick/server.rb:162:in `start_thread'
  /usr/lib/ruby/1.8/webrick/server.rb:95:in `start'
  /usr/lib/ruby/1.8/webrick/server.rb:92:in `each'
  /usr/lib/ruby/1.8/webrick/server.rb:92:in `start'
  /usr/lib/ruby/1.8/webrick/server.rb:23:in `start'
  /usr/lib/ruby/1.8/webrick/server.rb:82:in `start'

Rendering rescues/layout (not_found)


Processing ResumesController#new (for 127.0.0.1 at 2010-09-23 09:44:15) [GET]
  Parameters: {"action"=>"new", "controller"=>"resumes"}
  [4;36;1mUser Load (0.2ms)[0m   [0;1mSELECT * FROM "users" WHERE ("users"."id" = '1') ORDER BY id LIMIT 1[0m
Rendering template within layouts/application
Rendering resumes/new
Rendered resumes/_form (17.1ms)
Rendered shared/_main_panel (0.3ms)
Completed in 61ms (View: 27, DB: 0) | 200 OK [http://localhost/resumes/new]


Processing ApplicationController#index (for 127.0.0.1 at 2010-09-23 09:44:16) [GET]

ActionController::RoutingError (No route matches "/images/top.gif" with {:method=>:get}):
  haml (3.0.18) rails/./lib/sass/plugin/rack.rb:41:in `call'
  /usr/lib/ruby/1.8/webrick/httpserver.rb:104:in `service'
  /usr/lib/ruby/1.8/webrick/httpserver.rb:65:in `run'
  /usr/lib/ruby/1.8/webrick/server.rb:173:in `start_thread'
  /usr/lib/ruby/1.8/webrick/server.rb:162:in `start'
  /usr/lib/ruby/1.8/webrick/server.rb:162:in `start_thread'
  /usr/lib/ruby/1.8/webrick/server.rb:95:in `start'
  /usr/lib/ruby/1.8/webrick/server.rb:92:in `each'
  /usr/lib/ruby/1.8/webrick/server.rb:92:in `start'
  /usr/lib/ruby/1.8/webrick/server.rb:23:in `start'
  /usr/lib/ruby/1.8/webrick/server.rb:82:in `start'

Rendering rescues/layout (not_found)


Processing ApplicationController#index (for 127.0.0.1 at 2010-09-23 09:44:16) [GET]

ActionController::RoutingError (No route matches "/images/contentbg.png" with {:method=>:get}):
  haml (3.0.18) rails/./lib/sass/plugin/rack.rb:41:in `call'
  /usr/lib/ruby/1.8/webrick/httpserver.rb:104:in `service'
  /usr/lib/ruby/1.8/webrick/httpserver.rb:65:in `run'
  /usr/lib/ruby/1.8/webrick/server.rb:173:in `start_thread'
  /usr/lib/ruby/1.8/webrick/server.rb:162:in `start'
  /usr/lib/ruby/1.8/webrick/server.rb:162:in `start_thread'
  /usr/lib/ruby/1.8/webrick/server.rb:95:in `start'
  /usr/lib/ruby/1.8/webrick/server.rb:92:in `each'
  /usr/lib/ruby/1.8/webrick/server.rb:92:in `start'
  /usr/lib/ruby/1.8/webrick/server.rb:23:in `start'
  /usr/lib/ruby/1.8/webrick/server.rb:82:in `start'

Rendering rescues/layout (not_found)
